{"C:\\Users\\Derrick\\Documents\\DVOPS_Projects\\test 3\\Group4-Project\\public\\instrumented\\js\\common.js":{"path":"C:\\Users\\Derrick\\Documents\\DVOPS_Projects\\test 3\\Group4-Project\\public\\instrumented\\js\\common.js","statementMap":{"0":{"start":{"line":1,"column":35},"end":{"line":1,"column":129}},"1":{"start":{"line":1,"column":139},"end":{"line":1,"column":181}},"2":{"start":{"line":1,"column":193},"end":{"line":1,"column":222}},"3":{"start":{"line":1,"column":231},"end":{"line":1,"column":245}},"4":{"start":{"line":1,"column":263},"end":{"line":1,"column":1942}},"5":{"start":{"line":1,"column":1956},"end":{"line":1,"column":1985}},"6":{"start":{"line":1,"column":1986},"end":{"line":1,"column":2063}},"7":{"start":{"line":1,"column":2034},"end":{"line":1,"column":2062}},"8":{"start":{"line":1,"column":2082},"end":{"line":1,"column":2096}},"9":{"start":{"line":2,"column":0},"end":{"line":2,"column":50}},"10":{"start":{"line":2,"column":26},"end":{"line":2,"column":48}},"11":{"start":{"line":2,"column":51},"end":{"line":2,"column":73}},"12":{"start":{"line":2,"column":74},"end":{"line":2,"column":91}},"13":{"start":{"line":2,"column":124},"end":{"line":2,"column":148}},"14":{"start":{"line":2,"column":148},"end":{"line":2,"column":172}},"15":{"start":{"line":2,"column":172},"end":{"line":2,"column":461}},"16":{"start":{"line":2,"column":192},"end":{"line":2,"column":246}},"17":{"start":{"line":2,"column":267},"end":{"line":2,"column":312}},"18":{"start":{"line":2,"column":314},"end":{"line":2,"column":338}},"19":{"start":{"line":2,"column":338},"end":{"line":2,"column":380}},"20":{"start":{"line":2,"column":394},"end":{"line":2,"column":418}},"21":{"start":{"line":2,"column":418},"end":{"line":2,"column":460}},"22":{"start":{"line":2,"column":492},"end":{"line":2,"column":516}},"23":{"start":{"line":2,"column":516},"end":{"line":2,"column":540}},"24":{"start":{"line":2,"column":540},"end":{"line":11,"column":165}},"25":{"start":{"line":2,"column":557},"end":{"line":2,"column":619}},"26":{"start":{"line":2,"column":637},"end":{"line":2,"column":702}},"27":{"start":{"line":2,"column":727},"end":{"line":2,"column":800}},"28":{"start":{"line":3,"column":0},"end":{"line":3,"column":24}},"29":{"start":{"line":3,"column":24},"end":{"line":3,"column":78}},"30":{"start":{"line":6,"column":0},"end":{"line":6,"column":25}},"31":{"start":{"line":6,"column":25},"end":{"line":7,"column":34}},"32":{"start":{"line":6,"column":56},"end":{"line":6,"column":83}},"33":{"start":{"line":6,"column":83},"end":{"line":6,"column":108}},"34":{"start":{"line":6,"column":108},"end":{"line":6,"column":198}},"35":{"start":{"line":6,"column":198},"end":{"line":6,"column":223}},"36":{"start":{"line":6,"column":223},"end":{"line":6,"column":230}},"37":{"start":{"line":7,"column":6},"end":{"line":7,"column":33}},"38":{"start":{"line":8,"column":16},"end":{"line":8,"column":163}},"39":{"start":{"line":11,"column":84},"end":{"line":11,"column":109}},"40":{"start":{"line":11,"column":109},"end":{"line":11,"column":164}}},"fnMap":{"0":{"name":"cov_2gu9osx9yx","decl":{"start":{"line":1,"column":9},"end":{"line":1,"column":23}},"loc":{"start":{"line":1,"column":25},"end":{"line":2,"column":74}},"line":1},"1":{"name":"(anonymous_1)","decl":{"start":{"line":2,"column":15},"end":{"line":2,"column":16}},"loc":{"start":{"line":2,"column":25},"end":{"line":2,"column":49}},"line":2},"2":{"name":"loadRestaurants","decl":{"start":{"line":2,"column":106},"end":{"line":2,"column":121}},"loc":{"start":{"line":2,"column":123},"end":{"line":2,"column":462}},"line":2},"3":{"name":"registerUser","decl":{"start":{"line":2,"column":477},"end":{"line":2,"column":489}},"loc":{"start":{"line":2,"column":491},"end":{"line":11,"column":166}},"line":2}},"branchMap":{"0":{"loc":{"start":{"line":1,"column":1956},"end":{"line":1,"column":1985}},"type":"binary-expr","locations":[{"start":{"line":1,"column":1956},"end":{"line":1,"column":1967}},{"start":{"line":1,"column":1970},"end":{"line":1,"column":1984}}],"line":1},"1":{"loc":{"start":{"line":1,"column":1986},"end":{"line":1,"column":2063}},"type":"if","locations":[{"start":{"line":1,"column":1986},"end":{"line":1,"column":2063}},{"start":{"line":1,"column":1986},"end":{"line":1,"column":2063}}],"line":1},"2":{"loc":{"start":{"line":1,"column":1989},"end":{"line":1,"column":2032}},"type":"binary-expr","locations":[{"start":{"line":1,"column":1989},"end":{"line":1,"column":2004}},{"start":{"line":1,"column":2006},"end":{"line":1,"column":2032}}],"line":1},"3":{"loc":{"start":{"line":6,"column":25},"end":{"line":7,"column":34}},"type":"if","locations":[{"start":{"line":6,"column":25},"end":{"line":7,"column":34}},{"start":{"line":6,"column":25},"end":{"line":7,"column":34}}],"line":6}},"s":{"0":0,"1":0,"2":0,"3":0,"4":0,"5":0,"6":0,"7":0,"8":0,"9":0,"10":0,"11":0,"12":0,"13":0,"14":0,"15":0,"16":0,"17":0,"18":0,"19":0,"20":0,"21":0,"22":0,"23":0,"24":0,"25":0,"26":0,"27":0,"28":0,"29":0,"30":0,"31":0,"32":0,"33":0,"34":0,"35":0,"36":0,"37":0,"38":0,"39":0,"40":0},"f":{"0":0,"1":0,"2":0,"3":0},"b":{"0":[0,0],"1":[0,0],"2":[0,0],"3":[0,0]},"inputSourceMap":{"version":3,"names":["cov_2gu9osx9yx","actualCoverage","loadRestaurants","f","s","response","fetch","restaurants","json","appendRestaurantsToContainer","error","console","registerUser","email","document","getElementById","value","password","confirmPassword","innerText","includes","length","b","method","headers","body","JSON","stringify","ok","updatedUsers","log","$","modal","errorData","message"],"sources":["common.js"],"sourcesContent":["\r\nasync function loadRestaurants() {\r\n    try {\r\n        const response = await fetch('/viewRestaurant');\r\n        const restaurants = await response.json();\r\n        appendRestaurantsToContainer(restaurants);\r\n    } catch (error) {\r\n        console.error('An error occurred:', error);\r\n    }\r\n}\r\nasync function registerUser() {\r\n    try {\r\n        const email = document.getElementById('Email').value;\r\n        const password = document.getElementById('password').value;\r\n        const confirmPassword = document.getElementById('confirm-password').value;\r\n\r\n        // Clear previous error messages\r\n        document.getElementById('registerError').innerText = '';\r\n        /* istanbul ignore next */\r\n\r\n        // Client-side validation\r\n        if (!email.includes('@') || !email.includes('.') || password.length < 6) {\r\n            document.getElementById('registerError').innerText = 'Invalid email or password (minimum 6 characters)';\r\n            return; // Do not proceed if validation fails\r\n        }\r\n\r\n        // Additional check for password confirmation\r\n        if (password !== confirmPassword) {\r\n            document.getElementById('registerError').innerText = 'Password confirmation does not match';\r\n            return; // Do not proceed if confirmation fails\r\n        }\r\n\r\n        // Send a request to your server to handle the registration\r\n        const response = await fetch('/register', {\r\n            method: 'POST',\r\n            headers: {\r\n                'Content-Type': 'application/json',\r\n            },\r\n            body: JSON.stringify({ email, password }),\r\n        });\r\n        /* istanbul ignore next */\r\n\r\n        // Check the response status and handle accordingly\r\n        if (response.ok) {\r\n            const updatedUsers = await response.json();\r\n            console.log('Registration successful. Updated Users:', updatedUsers);\r\n\r\n            // Close the registration modal and open the login modal\r\n            $('#registerForm').modal('hide');\r\n            $('#loginForm').modal('show');\r\n        } else {\r\n            const errorData = await response.json();\r\n            console.error('Registration error:', errorData.message);\r\n\r\n            // Display the server-side error message\r\n            document.getElementById('registerError').innerText = errorData.message;\r\n        }\r\n    } catch (error) {\r\n        console.error('Error in registerUser function:', error);\r\n    }\r\n}\r\n\r\n"],"mappings":"kjEAeY;AAAAA,cAAA,SAAAA,CAAA,SAAAC,cAAA,WAAAA,cAAA,EAAAD,cAAA,GAdZ,cAAe,CAAAE,eAAeA,CAAA,CAAG,CAAAF,cAAA,GAAAG,CAAA,MAAAH,cAAA,GAAAI,CAAA,MAC7B,GAAI,CACA,KAAM,CAAAC,QAAQ,EAAAL,cAAA,GAAAI,CAAA,MAAG,KAAM,CAAAE,KAAK,CAAC,iBAAiB,CAAC,EAC/C,KAAM,CAAAC,WAAW,EAAAP,cAAA,GAAAI,CAAA,MAAG,KAAM,CAAAC,QAAQ,CAACG,IAAI,CAAC,CAAC,EAACR,cAAA,GAAAI,CAAA,MAC1CK,4BAA4B,CAACF,WAAW,CAAC,CAC7C,CAAE,MAAOG,KAAK,CAAE,CAAAV,cAAA,GAAAI,CAAA,MACZO,OAAO,CAACD,KAAK,CAAC,oBAAoB,CAAEA,KAAK,CAAC,CAC9C,CACJ,CACA,cAAe,CAAAE,YAAYA,CAAA,CAAG,CAAAZ,cAAA,GAAAG,CAAA,MAAAH,cAAA,GAAAI,CAAA,MAC1B,GAAI,CACA,KAAM,CAAAS,KAAK,EAAAb,cAAA,GAAAI,CAAA,MAAGU,QAAQ,CAACC,cAAc,CAAC,OAAO,CAAC,CAACC,KAAK,EACpD,KAAM,CAAAC,QAAQ,EAAAjB,cAAA,GAAAI,CAAA,MAAGU,QAAQ,CAACC,cAAc,CAAC,UAAU,CAAC,CAACC,KAAK,EAC1D,KAAM,CAAAE,eAAe,EAAAlB,cAAA,GAAAI,CAAA,MAAGU,QAAQ,CAACC,cAAc,CAAC,kBAAkB,CAAC,CAACC,KAAK,EAEzE;AAAAhB,cAAA,GAAAI,CAAA,MACAU,QAAQ,CAACC,cAAc,CAAC,eAAe,CAAC,CAACI,SAAS,CAAG,EAAE,CACvD,2BAEA;AACA,GAAI,CAACN,KAAK,CAACO,QAAQ,CAAC,GAAG,CAAC,EAAI,CAACP,KAAK,CAACO,QAAQ,CAAC,GAAG,CAAC,EAAIH,QAAQ,CAACI,MAAM,CAAG,CAAC,CAAE,CACrEP,QAAQ,CAACC,cAAc,CAAC,eAAe,CAAC,CAACI,SAAS,CAAG,kDAAkD,CACvG,OAAQ;AACZ,CAEA;AAAAnB,cAAA,GAAAI,CAAA,OACA,GAAIa,QAAQ,GAAKC,eAAe,CAAE,CAAAlB,cAAA,GAAAsB,CAAA,SAAAtB,cAAA,GAAAI,CAAA,OAC9BU,QAAQ,CAACC,cAAc,CAAC,eAAe,CAAC,CAACI,SAAS,CAAG,sCAAsC,CAACnB,cAAA,GAAAI,CAAA,OAC5F,OAAQ;AACZ,CAAC,KAAAJ,cAAA,GAAAsB,CAAA,UAED;AACA,KAAM,CAAAjB,QAAQ,EAAAL,cAAA,GAAAI,CAAA,OAAG,KAAM,CAAAE,KAAK,CAAC,WAAW,CAAE,CACtCiB,MAAM,CAAE,MAAM,CACdC,OAAO,CAAE,CACL,cAAc,CAAE,kBACpB,CAAC,CACDC,IAAI,CAAEC,IAAI,CAACC,SAAS,CAAC,CAAEd,KAAK,CAAEI,QAAS,CAAC,CAC5C,CAAC,CAAC,EACF,2BAEA;AACA,GAAIZ,QAAQ,CAACuB,EAAE,CAAE,CACb,KAAM,CAAAC,YAAY,CAAG,KAAM,CAAAxB,QAAQ,CAACG,IAAI,CAAC,CAAC,CAC1CG,OAAO,CAACmB,GAAG,CAAC,yCAAyC,CAAED,YAAY,CAAC,CAEpE;AACAE,CAAC,CAAC,eAAe,CAAC,CAACC,KAAK,CAAC,MAAM,CAAC,CAChCD,CAAC,CAAC,YAAY,CAAC,CAACC,KAAK,CAAC,MAAM,CAAC,CACjC,CAAC,IAAM,CACH,KAAM,CAAAC,SAAS,CAAG,KAAM,CAAA5B,QAAQ,CAACG,IAAI,CAAC,CAAC,CACvCG,OAAO,CAACD,KAAK,CAAC,qBAAqB,CAAEuB,SAAS,CAACC,OAAO,CAAC,CAEvD;AACApB,QAAQ,CAACC,cAAc,CAAC,eAAe,CAAC,CAACI,SAAS,CAAGc,SAAS,CAACC,OAAO,CAC1E,CACJ,CAAE,MAAOxB,KAAK,CAAE,CAAAV,cAAA,GAAAI,CAAA,OACZO,OAAO,CAACD,KAAK,CAAC,iCAAiC,CAAEA,KAAK,CAAC,CAC3D,CACJ"},"all":true},"C:\\Users\\Derrick\\Documents\\DVOPS_Projects\\test 3\\Group4-Project\\public\\instrumented\\js\\Login.js":{"path":"C:\\Users\\Derrick\\Documents\\DVOPS_Projects\\test 3\\Group4-Project\\public\\instrumented\\js\\Login.js","statementMap":{"0":{"start":{"line":1,"column":35},"end":{"line":1,"column":128}},"1":{"start":{"line":1,"column":138},"end":{"line":1,"column":180}},"2":{"start":{"line":1,"column":192},"end":{"line":1,"column":221}},"3":{"start":{"line":1,"column":230},"end":{"line":1,"column":244}},"4":{"start":{"line":1,"column":262},"end":{"line":1,"column":5597}},"5":{"start":{"line":1,"column":5611},"end":{"line":1,"column":5640}},"6":{"start":{"line":1,"column":5641},"end":{"line":1,"column":5718}},"7":{"start":{"line":1,"column":5689},"end":{"line":1,"column":5717}},"8":{"start":{"line":1,"column":5737},"end":{"line":1,"column":5751}},"9":{"start":{"line":2,"column":0},"end":{"line":2,"column":50}},"10":{"start":{"line":2,"column":26},"end":{"line":2,"column":48}},"11":{"start":{"line":2,"column":51},"end":{"line":2,"column":73}},"12":{"start":{"line":2,"column":74},"end":{"line":2,"column":91}},"13":{"start":{"line":2,"column":118},"end":{"line":2,"column":142}},"14":{"start":{"line":3,"column":11},"end":{"line":3,"column":78}},"15":{"start":{"line":3,"column":94},"end":{"line":3,"column":164}},"16":{"start":{"line":4,"column":0},"end":{"line":4,"column":24}},"17":{"start":{"line":4,"column":24},"end":{"line":4,"column":301}},"18":{"start":{"line":4,"column":126},"end":{"line":4,"column":153}},"19":{"start":{"line":4,"column":153},"end":{"line":4,"column":177}},"20":{"start":{"line":4,"column":177},"end":{"line":4,"column":236}},"21":{"start":{"line":4,"column":236},"end":{"line":4,"column":260}},"22":{"start":{"line":4,"column":260},"end":{"line":4,"column":267}},"23":{"start":{"line":4,"column":273},"end":{"line":4,"column":300}},"24":{"start":{"line":5,"column":10},"end":{"line":5,"column":65}},"25":{"start":{"line":5,"column":67},"end":{"line":5,"column":91}},"26":{"start":{"line":5,"column":91},"end":{"line":13,"column":190}},"27":{"start":{"line":6,"column":16},"end":{"line":6,"column":147}},"28":{"start":{"line":7,"column":14},"end":{"line":7,"column":59}},"29":{"start":{"line":7,"column":61},"end":{"line":7,"column":85}},"30":{"start":{"line":7,"column":85},"end":{"line":13,"column":23}},"31":{"start":{"line":7,"column":101},"end":{"line":7,"column":128}},"32":{"start":{"line":7,"column":144},"end":{"line":8,"column":1}},"33":{"start":{"line":9,"column":0},"end":{"line":9,"column":25}},"34":{"start":{"line":9,"column":25},"end":{"line":9,"column":79}},"35":{"start":{"line":10,"column":17},"end":{"line":10,"column":76}},"36":{"start":{"line":10,"column":78},"end":{"line":10,"column":103}},"37":{"start":{"line":10,"column":103},"end":{"line":10,"column":248}},"38":{"start":{"line":11,"column":0},"end":{"line":11,"column":25}},"39":{"start":{"line":11,"column":25},"end":{"line":11,"column":55}},"40":{"start":{"line":12,"column":0},"end":{"line":12,"column":25}},"41":{"start":{"line":12,"column":25},"end":{"line":12,"column":41}},"42":{"start":{"line":12,"column":41},"end":{"line":12,"column":66}},"43":{"start":{"line":12,"column":66},"end":{"line":12,"column":91}},"44":{"start":{"line":12,"column":97},"end":{"line":12,"column":124}},"45":{"start":{"line":12,"column":124},"end":{"line":12,"column":149}},"46":{"start":{"line":13,"column":0},"end":{"line":13,"column":22}},"47":{"start":{"line":13,"column":37},"end":{"line":13,"column":62}},"48":{"start":{"line":13,"column":62},"end":{"line":13,"column":105}},"49":{"start":{"line":13,"column":105},"end":{"line":13,"column":130}},"50":{"start":{"line":13,"column":130},"end":{"line":13,"column":189}},"51":{"start":{"line":13,"column":216},"end":{"line":13,"column":240}},"52":{"start":{"line":14,"column":12},"end":{"line":14,"column":77}},"53":{"start":{"line":15,"column":23},"end":{"line":15,"column":90}},"54":{"start":{"line":15,"column":92},"end":{"line":15,"column":117}},"55":{"start":{"line":15,"column":117},"end":{"line":15,"column":331}},"56":{"start":{"line":15,"column":137},"end":{"line":15,"column":164}},"57":{"start":{"line":15,"column":164},"end":{"line":15,"column":189}},"58":{"start":{"line":15,"column":189},"end":{"line":15,"column":297}},"59":{"start":{"line":15,"column":303},"end":{"line":15,"column":330}},"60":{"start":{"line":16,"column":17},"end":{"line":16,"column":76}},"61":{"start":{"line":16,"column":78},"end":{"line":16,"column":103}},"62":{"start":{"line":16,"column":103},"end":{"line":18,"column":191}},"63":{"start":{"line":16,"column":112},"end":{"line":16,"column":139}},"64":{"start":{"line":16,"column":139},"end":{"line":16,"column":164}},"65":{"start":{"line":17,"column":0},"end":{"line":17,"column":158}},"66":{"start":{"line":17,"column":164},"end":{"line":17,"column":191}},"67":{"start":{"line":17,"column":191},"end":{"line":17,"column":216}},"68":{"start":{"line":18,"column":0},"end":{"line":18,"column":190}},"69":{"start":{"line":18,"column":215},"end":{"line":18,"column":239}},"70":{"start":{"line":19,"column":12},"end":{"line":19,"column":77}},"71":{"start":{"line":19,"column":79},"end":{"line":19,"column":104}},"72":{"start":{"line":19,"column":104},"end":{"line":21,"column":31}},"73":{"start":{"line":19,"column":113},"end":{"line":19,"column":140}},"74":{"start":{"line":19,"column":140},"end":{"line":19,"column":165}},"75":{"start":{"line":20,"column":0},"end":{"line":20,"column":13}},"76":{"start":{"line":20,"column":19},"end":{"line":20,"column":46}},"77":{"start":{"line":20,"column":46},"end":{"line":20,"column":71}},"78":{"start":{"line":21,"column":0},"end":{"line":21,"column":30}},"79":{"start":{"line":21,"column":54},"end":{"line":21,"column":78}},"80":{"start":{"line":21,"column":78},"end":{"line":21,"column":103}},"81":{"start":{"line":22,"column":0},"end":{"line":22,"column":32}},"82":{"start":{"line":23,"column":23},"end":{"line":23,"column":90}},"83":{"start":{"line":23,"column":92},"end":{"line":23,"column":117}},"84":{"start":{"line":23,"column":117},"end":{"line":23,"column":260}},"85":{"start":{"line":23,"column":137},"end":{"line":23,"column":164}},"86":{"start":{"line":23,"column":164},"end":{"line":23,"column":189}},"87":{"start":{"line":23,"column":189},"end":{"line":23,"column":226}},"88":{"start":{"line":23,"column":232},"end":{"line":23,"column":259}},"89":{"start":{"line":24,"column":17},"end":{"line":24,"column":76}},"90":{"start":{"line":24,"column":78},"end":{"line":24,"column":103}},"91":{"start":{"line":24,"column":103},"end":{"line":24,"column":393}},"92":{"start":{"line":24,"column":117},"end":{"line":24,"column":144}},"93":{"start":{"line":24,"column":144},"end":{"line":24,"column":169}},"94":{"start":{"line":24,"column":169},"end":{"line":24,"column":359}},"95":{"start":{"line":24,"column":365},"end":{"line":24,"column":392}},"96":{"start":{"line":25,"column":0},"end":{"line":25,"column":25}},"97":{"start":{"line":25,"column":25},"end":{"line":25,"column":52}},"98":{"start":{"line":25,"column":52},"end":{"line":25,"column":77}},"99":{"start":{"line":25,"column":77},"end":{"line":25,"column":102}},"100":{"start":{"line":26,"column":0},"end":{"line":26,"column":25}},"101":{"start":{"line":26,"column":25},"end":{"line":26,"column":41}}},"fnMap":{"0":{"name":"cov_1xd8c37rqf","decl":{"start":{"line":1,"column":9},"end":{"line":1,"column":23}},"loc":{"start":{"line":1,"column":25},"end":{"line":2,"column":74}},"line":1},"1":{"name":"(anonymous_1)","decl":{"start":{"line":2,"column":15},"end":{"line":2,"column":16}},"loc":{"start":{"line":2,"column":25},"end":{"line":2,"column":49}},"line":2},"2":{"name":"loginUser","decl":{"start":{"line":2,"column":106},"end":{"line":2,"column":115}},"loc":{"start":{"line":2,"column":117},"end":{"line":13,"column":191}},"line":2},"3":{"name":"checkLoggedIn","decl":{"start":{"line":13,"column":200},"end":{"line":13,"column":213}},"loc":{"start":{"line":13,"column":215},"end":{"line":18,"column":192}},"line":13},"4":{"name":"toggleLogin","decl":{"start":{"line":18,"column":201},"end":{"line":18,"column":212}},"loc":{"start":{"line":18,"column":214},"end":{"line":21,"column":32}},"line":18},"5":{"name":"logoutUser","decl":{"start":{"line":21,"column":41},"end":{"line":21,"column":51}},"loc":{"start":{"line":21,"column":53},"end":{"line":25,"column":103}},"line":21}},"branchMap":{"0":{"loc":{"start":{"line":1,"column":5611},"end":{"line":1,"column":5640}},"type":"binary-expr","locations":[{"start":{"line":1,"column":5611},"end":{"line":1,"column":5622}},{"start":{"line":1,"column":5625},"end":{"line":1,"column":5639}}],"line":1},"1":{"loc":{"start":{"line":1,"column":5641},"end":{"line":1,"column":5718}},"type":"if","locations":[{"start":{"line":1,"column":5641},"end":{"line":1,"column":5718}},{"start":{"line":1,"column":5641},"end":{"line":1,"column":5718}}],"line":1},"2":{"loc":{"start":{"line":1,"column":5644},"end":{"line":1,"column":5687}},"type":"binary-expr","locations":[{"start":{"line":1,"column":5644},"end":{"line":1,"column":5659}},{"start":{"line":1,"column":5661},"end":{"line":1,"column":5687}}],"line":1},"3":{"loc":{"start":{"line":4,"column":24},"end":{"line":4,"column":301}},"type":"if","locations":[{"start":{"line":4,"column":24},"end":{"line":4,"column":301}},{"start":{"line":4,"column":24},"end":{"line":4,"column":301}}],"line":4},"4":{"loc":{"start":{"line":4,"column":27},"end":{"line":4,"column":124}},"type":"binary-expr","locations":[{"start":{"line":4,"column":28},"end":{"line":4,"column":75}},{"start":{"line":4,"column":79},"end":{"line":4,"column":123}}],"line":4},"5":{"loc":{"start":{"line":7,"column":85},"end":{"line":13,"column":23}},"type":"if","locations":[{"start":{"line":7,"column":85},"end":{"line":13,"column":23}},{"start":{"line":7,"column":85},"end":{"line":13,"column":23}}],"line":7},"6":{"loc":{"start":{"line":15,"column":117},"end":{"line":15,"column":331}},"type":"if","locations":[{"start":{"line":15,"column":117},"end":{"line":15,"column":331}},{"start":{"line":15,"column":117},"end":{"line":15,"column":331}}],"line":15},"7":{"loc":{"start":{"line":15,"column":219},"end":{"line":15,"column":296}},"type":"cond-expr","locations":[{"start":{"line":15,"column":225},"end":{"line":15,"column":259}},{"start":{"line":15,"column":262},"end":{"line":15,"column":295}}],"line":15},"8":{"loc":{"start":{"line":16,"column":103},"end":{"line":18,"column":191}},"type":"if","locations":[{"start":{"line":16,"column":103},"end":{"line":18,"column":191}},{"start":{"line":16,"column":103},"end":{"line":18,"column":191}}],"line":16},"9":{"loc":{"start":{"line":19,"column":104},"end":{"line":21,"column":31}},"type":"if","locations":[{"start":{"line":19,"column":104},"end":{"line":21,"column":31}},{"start":{"line":19,"column":104},"end":{"line":21,"column":31}}],"line":19},"10":{"loc":{"start":{"line":23,"column":117},"end":{"line":23,"column":260}},"type":"if","locations":[{"start":{"line":23,"column":117},"end":{"line":23,"column":260}},{"start":{"line":23,"column":117},"end":{"line":23,"column":260}}],"line":23},"11":{"loc":{"start":{"line":24,"column":103},"end":{"line":24,"column":393}},"type":"if","locations":[{"start":{"line":24,"column":103},"end":{"line":24,"column":393}},{"start":{"line":24,"column":103},"end":{"line":24,"column":393}}],"line":24}},"s":{"0":0,"1":0,"2":0,"3":0,"4":0,"5":0,"6":0,"7":0,"8":0,"9":0,"10":0,"11":0,"12":0,"13":0,"14":0,"15":0,"16":0,"17":0,"18":0,"19":0,"20":0,"21":0,"22":0,"23":0,"24":0,"25":0,"26":0,"27":0,"28":0,"29":0,"30":0,"31":0,"32":0,"33":0,"34":0,"35":0,"36":0,"37":0,"38":0,"39":0,"40":0,"41":0,"42":0,"43":0,"44":0,"45":0,"46":0,"47":0,"48":0,"49":0,"50":0,"51":0,"52":0,"53":0,"54":0,"55":0,"56":0,"57":0,"58":0,"59":0,"60":0,"61":0,"62":0,"63":0,"64":0,"65":0,"66":0,"67":0,"68":0,"69":0,"70":0,"71":0,"72":0,"73":0,"74":0,"75":0,"76":0,"77":0,"78":0,"79":0,"80":0,"81":0,"82":0,"83":0,"84":0,"85":0,"86":0,"87":0,"88":0,"89":0,"90":0,"91":0,"92":0,"93":0,"94":0,"95":0,"96":0,"97":0,"98":0,"99":0,"100":0,"101":0},"f":{"0":0,"1":0,"2":0,"3":0,"4":0,"5":0},"b":{"0":[0,0],"1":[0,0],"2":[0,0],"3":[0,0],"4":[0,0],"5":[0,0],"6":[0,0],"7":[0,0],"8":[0,0],"9":[0,0],"10":[0,0],"11":[0,0]},"inputSourceMap":{"version":3,"names":["cov_1xd8c37rqf","actualCoverage","loginUser","f","email","s","document","getElementById","value","password","b","includes","length","alert","data","response","fetch","method","headers","body","JSON","stringify","result","json","ok","userData","localStorage","setItem","loginLink","innerHTML","$","modal","checkLoggedIn","window","location","reload","message","error","console","user","parse","getItem","addReviewButton","style","display","toggleLogin","logoutUser","removeItem"],"sources":["Login.js"],"sourcesContent":["async function loginUser() {\r\n    // Get user input values\r\n    var email = document.getElementById('loginEmail').value;\r\n    var password = document.getElementById('loginPassword').value;\r\n\r\n    // Perform validation\r\n    if (!email.includes('@') || password.length < 6) {\r\n        alert('Invalid email or password (minimum 6 characters).');\r\n        return;\r\n    }\r\n\r\n    // Prepare data for the backend\r\n    var data = {\r\n        email: email,\r\n        password: password\r\n    };\r\n\r\n    try {\r\n        // Make a POST request to the backend\r\n        const response = await fetch('/login', {\r\n            method: 'POST',\r\n            headers: {\r\n                'Content-Type': 'application/json'\r\n            },\r\n            body: JSON.stringify(data)\r\n        });\r\n\r\n        // Parse the JSON response\r\n        const result = await response.json();\r\n\r\n        if (response.ok) {\r\n           \r\n\r\n            const userData = {\r\n                email: email,\r\n                // You can include other user-related information if needed\r\n            };\r\n\r\n            // Store user data in localStorage\r\n            localStorage.setItem('user', JSON.stringify(userData));\r\n\r\n            // Change the \"Login\" link to \"Logout\" and bind the logout function\r\n            const loginLink = document.getElementById('navUser');\r\n            loginLink.innerHTML = '<a class=\"nav-link\" href=\"#\" onclick=\"logoutUser()\"><span class=\"fa-sharp fa-solid fa-right-to-bracket\"></span> Logout</a>';\r\n\r\n            // Close the login modal or redirect the user\r\n            $('#loginForm').modal('hide');\r\n\r\n            // Update the UI based on the login status\r\n            checkLoggedIn();\r\n\r\n            window.location.reload();\r\n        } else {\r\n            // Failed login\r\n            alert(result.message);\r\n        }\r\n\r\n    } catch (error) {\r\n        console.error('Error during login:', error);\r\n        alert('An error occurred during login. Please try again.');\r\n    }\r\n    \r\n}\r\n\r\nfunction checkLoggedIn() {\r\n    // Check if the user is logged in\r\n    const user = JSON.parse(localStorage.getItem('user'));\r\n\r\n    // Show/hide the \"Add Review\" button based on the login status\r\n    const addReviewButton = document.getElementById('addReviewButton');\r\n    if (addReviewButton) {\r\n        addReviewButton.style.display = user ? 'block' : 'none';\r\n    }\r\n\r\n    // Update the login/logout link\r\n    const loginLink = document.getElementById('navUser');\r\n    if (user) {\r\n        // User is logged in, update the UI accordingly\r\n        loginLink.innerHTML = '<a class=\"nav-link\" href=\"#\"  id=\"logout\" onclick=\"logoutUser()\"><span class=\"fa-sharp fa-solid fa-right-to-bracket\"></span> Logout</a>';\r\n    } else {\r\n        // User is not logged in, update the UI accordingly\r\n        loginLink.innerHTML = '<a class=\"nav-link\" href=\"#\" data-toggle=\"modal\" data-target=\"#loginForm\" onclick=\"toggleLogin()\"><span class=\"fa-sharp fa-solid fa-right-to-bracket\"></span> Login</a>';\r\n    }\r\n}\r\n\r\n\r\nfunction toggleLogin() {\r\n    // Check if the user is logged in\r\n    const user = JSON.parse(localStorage.getItem('user'));\r\n\r\n    if (user) {\r\n        // User is logged in, initiate logout\r\n        logoutUser();\r\n    } else {\r\n        // User is not logged in, open the login modal\r\n        $('#loginForm').modal('show');\r\n    }\r\n}\r\n\r\nfunction logoutUser() {\r\n    // Clear user data from localStorage\r\n    localStorage.removeItem('user');\r\n\r\n    // Hide the \"Add Review\" button\r\n    const addReviewButton = document.getElementById('addReviewButton');\r\n    if (addReviewButton) {\r\n        addReviewButton.style.display = 'none';\r\n    }\r\n\r\n    // Change the \"Logout\" link back to \"Login\" and bind the login function\r\n    const loginLink = document.getElementById('navUser');\r\n    \r\n    if (loginLink) {\r\n        loginLink.innerHTML = '<a class=\"nav-link\" href=\"#\" data-toggle=\"modal\" data-target=\"#loginForm\" onclick=\"toggleLogin()\"><span class=\"fa-sharp fa-solid fa-right-to-bracket\"></span> Login</a>';\r\n    }\r\n\r\n\r\n\r\n    // Optionally, display a logout message or update the UI\r\n    alert('Logout successful');\r\n    window.location.reload();\r\n}\r\n\r\n// Check the login status when the page loads\r\ncheckLoggedIn();"],"mappings":"ynLAeY;AAAAA,cAAA,SAAAA,CAAA,SAAAC,cAAA,WAAAA,cAAA,EAAAD,cAAA,GAfZ,cAAe,CAAAE,SAASA,CAAA,CAAG,CAAAF,cAAA,GAAAG,CAAA,MACvB;AACA,GAAI,CAAAC,KAAK,EAAAJ,cAAA,GAAAK,CAAA,MAAGC,QAAQ,CAACC,cAAc,CAAC,YAAY,CAAC,CAACC,KAAK,EACvD,GAAI,CAAAC,QAAQ,EAAAT,cAAA,GAAAK,CAAA,MAAGC,QAAQ,CAACC,cAAc,CAAC,eAAe,CAAC,CAACC,KAAK,EAE7D;AAAAR,cAAA,GAAAK,CAAA,MACA,GAAI,CAAAL,cAAA,GAAAU,CAAA,UAACN,KAAK,CAACO,QAAQ,CAAC,GAAG,CAAC,IAAAX,cAAA,GAAAU,CAAA,SAAID,QAAQ,CAACG,MAAM,CAAG,CAAC,EAAE,CAAAZ,cAAA,GAAAU,CAAA,SAAAV,cAAA,GAAAK,CAAA,MAC7CQ,KAAK,CAAC,mDAAmD,CAAC,CAACb,cAAA,GAAAK,CAAA,MAC3D,OACJ,CAAC,KAAAL,cAAA,GAAAU,CAAA,UAED;AACA,GAAI,CAAAI,IAAI,EAAAd,cAAA,GAAAK,CAAA,MAAG,CACPD,KAAK,CAAEA,KAAK,CACZK,QAAQ,CAAEA,QACd,CAAC,EAACT,cAAA,GAAAK,CAAA,MAEF,GAAI,CACA;AACA,KAAM,CAAAU,QAAQ,EAAAf,cAAA,GAAAK,CAAA,MAAG,KAAM,CAAAW,KAAK,CAAC,QAAQ,CAAE,CACnCC,MAAM,CAAE,MAAM,CACdC,OAAO,CAAE,CACL,cAAc,CAAE,kBACpB,CAAC,CACDC,IAAI,CAAEC,IAAI,CAACC,SAAS,CAACP,IAAI,CAC7B,CAAC,CAAC,EAEF;AACA,KAAM,CAAAQ,MAAM,EAAAtB,cAAA,GAAAK,CAAA,MAAG,KAAM,CAAAU,QAAQ,CAACQ,IAAI,CAAC,CAAC,EAACvB,cAAA,GAAAK,CAAA,MAErC,GAAIU,QAAQ,CAACS,EAAE,CAAE,CAAAxB,cAAA,GAAAU,CAAA,SAGb,KAAM,CAAAe,QAAQ,EAAAzB,cAAA,GAAAK,CAAA,OAAG,CACbD,KAAK,CAAEA,KACP;AACJ,CAAC,EAED;AAAAJ,cAAA,GAAAK,CAAA,OACAqB,YAAY,CAACC,OAAO,CAAC,MAAM,CAAEP,IAAI,CAACC,SAAS,CAACI,QAAQ,CAAC,CAAC,CAEtD;AACA,KAAM,CAAAG,SAAS,EAAA5B,cAAA,GAAAK,CAAA,OAAGC,QAAQ,CAACC,cAAc,CAAC,SAAS,CAAC,EAACP,cAAA,GAAAK,CAAA,OACrDuB,SAAS,CAACC,SAAS,CAAG,4HAA4H,CAElJ;AAAA7B,cAAA,GAAAK,CAAA,OACAyB,CAAC,CAAC,YAAY,CAAC,CAACC,KAAK,CAAC,MAAM,CAAC,CAE7B;AAAA/B,cAAA,GAAAK,CAAA,OACA2B,aAAa,CAAC,CAAC,CAAChC,cAAA,GAAAK,CAAA,OAEhB4B,MAAM,CAACC,QAAQ,CAACC,MAAM,CAAC,CAAC,CAC5B,CAAC,IAAM,CAAAnC,cAAA,GAAAU,CAAA,SAAAV,cAAA,GAAAK,CAAA,OACH;AACAQ,KAAK,CAACS,MAAM,CAACc,OAAO,CAAC,CACzB,CAEJ,CAAE,MAAOC,KAAK,CAAE,CAAArC,cAAA,GAAAK,CAAA,OACZiC,OAAO,CAACD,KAAK,CAAC,qBAAqB,CAAEA,KAAK,CAAC,CAACrC,cAAA,GAAAK,CAAA,OAC5CQ,KAAK,CAAC,mDAAmD,CAAC,CAC9D,CAEJ,CAEA,QAAS,CAAAmB,aAAaA,CAAA,CAAG,CAAAhC,cAAA,GAAAG,CAAA,MACrB;AACA,KAAM,CAAAoC,IAAI,EAAAvC,cAAA,GAAAK,CAAA,OAAGe,IAAI,CAACoB,KAAK,CAACd,YAAY,CAACe,OAAO,CAAC,MAAM,CAAC,CAAC,EAErD;AACA,KAAM,CAAAC,eAAe,EAAA1C,cAAA,GAAAK,CAAA,OAAGC,QAAQ,CAACC,cAAc,CAAC,iBAAiB,CAAC,EAACP,cAAA,GAAAK,CAAA,OACnE,GAAIqC,eAAe,CAAE,CAAA1C,cAAA,GAAAU,CAAA,SAAAV,cAAA,GAAAK,CAAA,OACjBqC,eAAe,CAACC,KAAK,CAACC,OAAO,CAAGL,IAAI,EAAAvC,cAAA,GAAAU,CAAA,SAAG,OAAO,GAAAV,cAAA,GAAAU,CAAA,SAAG,MAAM,EAC3D,CAAC,KAAAV,cAAA,GAAAU,CAAA,UAED;AACA,KAAM,CAAAkB,SAAS,EAAA5B,cAAA,GAAAK,CAAA,OAAGC,QAAQ,CAACC,cAAc,CAAC,SAAS,CAAC,EAACP,cAAA,GAAAK,CAAA,OACrD,GAAIkC,IAAI,CAAE,CAAAvC,cAAA,GAAAU,CAAA,SAAAV,cAAA,GAAAK,CAAA,OACN;AACAuB,SAAS,CAACC,SAAS,CAAG,yIAAyI,CACnK,CAAC,IAAM,CAAA7B,cAAA,GAAAU,CAAA,SAAAV,cAAA,GAAAK,CAAA,OACH;AACAuB,SAAS,CAACC,SAAS,CAAG,yKAAyK,CACnM,CACJ,CAGA,QAAS,CAAAgB,WAAWA,CAAA,CAAG,CAAA7C,cAAA,GAAAG,CAAA,MACnB;AACA,KAAM,CAAAoC,IAAI,EAAAvC,cAAA,GAAAK,CAAA,OAAGe,IAAI,CAACoB,KAAK,CAACd,YAAY,CAACe,OAAO,CAAC,MAAM,CAAC,CAAC,EAACzC,cAAA,GAAAK,CAAA,OAEtD,GAAIkC,IAAI,CAAE,CAAAvC,cAAA,GAAAU,CAAA,SAAAV,cAAA,GAAAK,CAAA,OACN;AACAyC,UAAU,CAAC,CAAC,CAChB,CAAC,IAAM,CAAA9C,cAAA,GAAAU,CAAA,SAAAV,cAAA,GAAAK,CAAA,OACH;AACAyB,CAAC,CAAC,YAAY,CAAC,CAACC,KAAK,CAAC,MAAM,CAAC,CACjC,CACJ,CAEA,QAAS,CAAAe,UAAUA,CAAA,CAAG,CAAA9C,cAAA,GAAAG,CAAA,MAAAH,cAAA,GAAAK,CAAA,OAClB;AACAqB,YAAY,CAACqB,UAAU,CAAC,MAAM,CAAC,CAE/B;AACA,KAAM,CAAAL,eAAe,EAAA1C,cAAA,GAAAK,CAAA,OAAGC,QAAQ,CAACC,cAAc,CAAC,iBAAiB,CAAC,EAACP,cAAA,GAAAK,CAAA,OACnE,GAAIqC,eAAe,CAAE,CAAA1C,cAAA,GAAAU,CAAA,SAAAV,cAAA,GAAAK,CAAA,OACjBqC,eAAe,CAACC,KAAK,CAACC,OAAO,CAAG,MAAM,CAC1C,CAAC,KAAA5C,cAAA,GAAAU,CAAA,UAED;AACA,KAAM,CAAAkB,SAAS,EAAA5B,cAAA,GAAAK,CAAA,OAAGC,QAAQ,CAACC,cAAc,CAAC,SAAS,CAAC,EAACP,cAAA,GAAAK,CAAA,OAErD,GAAIuB,SAAS,CAAE,CAAA5B,cAAA,GAAAU,CAAA,SAAAV,cAAA,GAAAK,CAAA,OACXuB,SAAS,CAACC,SAAS,CAAG,yKAAyK,CACnM,CAAC,KAAA7B,cAAA,GAAAU,CAAA,UAID;AAAAV,cAAA,GAAAK,CAAA,OACAQ,KAAK,CAAC,mBAAmB,CAAC,CAACb,cAAA,GAAAK,CAAA,OAC3B4B,MAAM,CAACC,QAAQ,CAACC,MAAM,CAAC,CAAC,CAC5B,CAEA;AAAAnC,cAAA,GAAAK,CAAA,OACA2B,aAAa,CAAC,CAAC"},"all":true},"C:\\Users\\Derrick\\Documents\\DVOPS_Projects\\test 3\\Group4-Project\\public\\instrumented\\js\\Profile.js":{"path":"C:\\Users\\Derrick\\Documents\\DVOPS_Projects\\test 3\\Group4-Project\\public\\instrumented\\js\\Profile.js","statementMap":{"0":{"start":{"line":1,"column":35},"end":{"line":1,"column":130}},"1":{"start":{"line":1,"column":140},"end":{"line":1,"column":182}},"2":{"start":{"line":1,"column":194},"end":{"line":1,"column":223}},"3":{"start":{"line":1,"column":232},"end":{"line":1,"column":246}},"4":{"start":{"line":1,"column":264},"end":{"line":1,"column":2547}},"5":{"start":{"line":1,"column":2561},"end":{"line":1,"column":2590}},"6":{"start":{"line":1,"column":2591},"end":{"line":1,"column":2668}},"7":{"start":{"line":1,"column":2639},"end":{"line":1,"column":2667}},"8":{"start":{"line":1,"column":2687},"end":{"line":1,"column":2701}},"9":{"start":{"line":2,"column":0},"end":{"line":2,"column":50}},"10":{"start":{"line":2,"column":26},"end":{"line":2,"column":48}},"11":{"start":{"line":2,"column":51},"end":{"line":2,"column":73}},"12":{"start":{"line":2,"column":74},"end":{"line":2,"column":91}},"13":{"start":{"line":2,"column":120},"end":{"line":2,"column":144}},"14":{"start":{"line":2,"column":162},"end":{"line":2,"column":210}},"15":{"start":{"line":2,"column":226},"end":{"line":2,"column":270}},"16":{"start":{"line":2,"column":272},"end":{"line":2,"column":296}},"17":{"start":{"line":2,"column":296},"end":{"line":5,"column":38}},"18":{"start":{"line":2,"column":300},"end":{"line":2,"column":324}},"19":{"start":{"line":2,"column":324},"end":{"line":2,"column":369}},"20":{"start":{"line":3,"column":0},"end":{"line":3,"column":24}},"21":{"start":{"line":3,"column":24},"end":{"line":3,"column":67}},"22":{"start":{"line":3,"column":81},"end":{"line":3,"column":105}},"23":{"start":{"line":4,"column":0},"end":{"line":4,"column":55}},"24":{"start":{"line":4,"column":64},"end":{"line":4,"column":88}},"25":{"start":{"line":5,"column":0},"end":{"line":5,"column":37}},"26":{"start":{"line":5,"column":93},"end":{"line":5,"column":117}},"27":{"start":{"line":5,"column":117},"end":{"line":5,"column":141}},"28":{"start":{"line":5,"column":141},"end":{"line":6,"column":486}},"29":{"start":{"line":5,"column":161},"end":{"line":5,"column":316}},"30":{"start":{"line":5,"column":318},"end":{"line":5,"column":342}},"31":{"start":{"line":5,"column":342},"end":{"line":5,"column":622}},"32":{"start":{"line":5,"column":359},"end":{"line":5,"column":386}},"33":{"start":{"line":5,"column":406},"end":{"line":5,"column":452}},"34":{"start":{"line":5,"column":454},"end":{"line":5,"column":479}},"35":{"start":{"line":5,"column":479},"end":{"line":5,"column":588}},"36":{"start":{"line":5,"column":594},"end":{"line":5,"column":621}},"37":{"start":{"line":6,"column":10},"end":{"line":6,"column":75}},"38":{"start":{"line":6,"column":77},"end":{"line":6,"column":102}},"39":{"start":{"line":6,"column":102},"end":{"line":6,"column":381}},"40":{"start":{"line":6,"column":111},"end":{"line":6,"column":138}},"41":{"start":{"line":6,"column":138},"end":{"line":6,"column":163}},"42":{"start":{"line":6,"column":163},"end":{"line":6,"column":193}},"43":{"start":{"line":6,"column":193},"end":{"line":6,"column":218}},"44":{"start":{"line":6,"column":218},"end":{"line":6,"column":268}},"45":{"start":{"line":6,"column":274},"end":{"line":6,"column":301}},"46":{"start":{"line":6,"column":301},"end":{"line":6,"column":326}},"47":{"start":{"line":6,"column":326},"end":{"line":6,"column":380}},"48":{"start":{"line":6,"column":395},"end":{"line":6,"column":420}},"49":{"start":{"line":6,"column":420},"end":{"line":6,"column":485}}},"fnMap":{"0":{"name":"cov_1myvrg9oy9","decl":{"start":{"line":1,"column":9},"end":{"line":1,"column":23}},"loc":{"start":{"line":1,"column":25},"end":{"line":2,"column":74}},"line":1},"1":{"name":"(anonymous_1)","decl":{"start":{"line":2,"column":15},"end":{"line":2,"column":16}},"loc":{"start":{"line":2,"column":25},"end":{"line":2,"column":49}},"line":2},"2":{"name":"updateEmail","decl":{"start":{"line":2,"column":106},"end":{"line":2,"column":117}},"loc":{"start":{"line":2,"column":119},"end":{"line":5,"column":39}},"line":2},"3":{"name":"updateUserEmail","decl":{"start":{"line":5,"column":54},"end":{"line":5,"column":69}},"loc":{"start":{"line":5,"column":92},"end":{"line":6,"column":487}},"line":5}},"branchMap":{"0":{"loc":{"start":{"line":1,"column":2561},"end":{"line":1,"column":2590}},"type":"binary-expr","locations":[{"start":{"line":1,"column":2561},"end":{"line":1,"column":2572}},{"start":{"line":1,"column":2575},"end":{"line":1,"column":2589}}],"line":1},"1":{"loc":{"start":{"line":1,"column":2591},"end":{"line":1,"column":2668}},"type":"if","locations":[{"start":{"line":1,"column":2591},"end":{"line":1,"column":2668}},{"start":{"line":1,"column":2591},"end":{"line":1,"column":2668}}],"line":1},"2":{"loc":{"start":{"line":1,"column":2594},"end":{"line":1,"column":2637}},"type":"binary-expr","locations":[{"start":{"line":1,"column":2594},"end":{"line":1,"column":2609}},{"start":{"line":1,"column":2611},"end":{"line":1,"column":2637}}],"line":1},"3":{"loc":{"start":{"line":5,"column":342},"end":{"line":5,"column":622}},"type":"if","locations":[{"start":{"line":5,"column":342},"end":{"line":5,"column":622}},{"start":{"line":5,"column":342},"end":{"line":5,"column":622}}],"line":5},"4":{"loc":{"start":{"line":5,"column":495},"end":{"line":5,"column":586}},"type":"binary-expr","locations":[{"start":{"line":5,"column":496},"end":{"line":5,"column":535}},{"start":{"line":5,"column":539},"end":{"line":5,"column":585}}],"line":5},"5":{"loc":{"start":{"line":6,"column":102},"end":{"line":6,"column":381}},"type":"if","locations":[{"start":{"line":6,"column":102},"end":{"line":6,"column":381}},{"start":{"line":6,"column":102},"end":{"line":6,"column":381}}],"line":6}},"s":{"0":0,"1":0,"2":0,"3":0,"4":0,"5":0,"6":0,"7":0,"8":0,"9":0,"10":0,"11":0,"12":0,"13":0,"14":0,"15":0,"16":0,"17":0,"18":0,"19":0,"20":0,"21":0,"22":0,"23":0,"24":0,"25":0,"26":0,"27":0,"28":0,"29":0,"30":0,"31":0,"32":0,"33":0,"34":0,"35":0,"36":0,"37":0,"38":0,"39":0,"40":0,"41":0,"42":0,"43":0,"44":0,"45":0,"46":0,"47":0,"48":0,"49":0},"f":{"0":0,"1":0,"2":0,"3":0},"b":{"0":[0,0],"1":[0,0],"2":[0,0],"3":[0,0],"4":[0,0],"5":[0,0]},"inputSourceMap":{"version":3,"names":["cov_1myvrg9oy9","actualCoverage","updateEmail","f","currentEmail","s","$","val","newEmail","updateUserEmail","console","log","error","message","modal","response","fetch","method","headers","body","JSON","stringify","ok","b","errorMessage","text","Error","statusText","user","parse","localStorage","getItem","email","setItem"],"sources":["Profile.js"],"sourcesContent":["async function updateEmail() {\r\n    var currentEmail = $('#currentEmail').val();\r\n    var newEmail = $('#newEmail').val();\r\n\r\n    try {\r\n        await updateUserEmail(currentEmail, newEmail);\r\n        // Provide success feedback to the user in the UI (e.g., display a success message)\r\n        console.log('Email updated successfully!');\r\n    } catch (error) {\r\n        // Provide error feedback to the user in the UI (e.g., display an error message)\r\n        console.error('Failed to update email:', error.message);\r\n    } finally {\r\n        // Close the modal regardless of success or failure\r\n        $('#updateEmailModal').modal('hide');\r\n    }\r\n}\r\n\r\nasync function updateUserEmail(currentEmail, newEmail) {\r\n    try {\r\n        const response = await fetch('/updateEmail', {\r\n            method: 'PUT',\r\n            headers: {\r\n                'Content-Type': 'application/json'\r\n            },\r\n            body: JSON.stringify({\r\n                currentEmail,\r\n                newEmail\r\n            }),\r\n        });\r\n\r\n        if (!response.ok) {\r\n            const errorMessage = await response.text();\r\n            throw new Error(errorMessage || response.statusText);\r\n        }\r\n\r\n        // Update the email in the user data in localStorage\r\n        let user = JSON.parse(localStorage.getItem('user'));\r\n\r\n        if (user) {\r\n            user = { ...user, email: newEmail };\r\n            localStorage.setItem('user', JSON.stringify(user));\r\n        } else {\r\n            console.error('User data not found in localStorage.');\r\n        }\r\n    } catch (error) {\r\n        throw new Error(`Failed to update user email: ${error.message}`);\r\n    }\r\n}"],"mappings":"+oFAeY;AAAAA,cAAA,SAAAA,CAAA,SAAAC,cAAA,WAAAA,cAAA,EAAAD,cAAA,GAfZ,cAAe,CAAAE,WAAWA,CAAA,CAAG,CAAAF,cAAA,GAAAG,CAAA,MACzB,GAAI,CAAAC,YAAY,EAAAJ,cAAA,GAAAK,CAAA,MAAGC,CAAC,CAAC,eAAe,CAAC,CAACC,GAAG,CAAC,CAAC,EAC3C,GAAI,CAAAC,QAAQ,EAAAR,cAAA,GAAAK,CAAA,MAAGC,CAAC,CAAC,WAAW,CAAC,CAACC,GAAG,CAAC,CAAC,EAACP,cAAA,GAAAK,CAAA,MAEpC,GAAI,CAAAL,cAAA,GAAAK,CAAA,MACA,KAAM,CAAAI,eAAe,CAACL,YAAY,CAAEI,QAAQ,CAAC,CAC7C;AAAAR,cAAA,GAAAK,CAAA,MACAK,OAAO,CAACC,GAAG,CAAC,6BAA6B,CAAC,CAC9C,CAAE,MAAOC,KAAK,CAAE,CAAAZ,cAAA,GAAAK,CAAA,MACZ;AACAK,OAAO,CAACE,KAAK,CAAC,yBAAyB,CAAEA,KAAK,CAACC,OAAO,CAAC,CAC3D,CAAC,OAAS,CAAAb,cAAA,GAAAK,CAAA,MACN;AACAC,CAAC,CAAC,mBAAmB,CAAC,CAACQ,KAAK,CAAC,MAAM,CAAC,CACxC,CACJ,CAEA,cAAe,CAAAL,eAAeA,CAACL,YAAY,CAAEI,QAAQ,CAAE,CAAAR,cAAA,GAAAG,CAAA,MAAAH,cAAA,GAAAK,CAAA,MACnD,GAAI,CACA,KAAM,CAAAU,QAAQ,EAAAf,cAAA,GAAAK,CAAA,MAAG,KAAM,CAAAW,KAAK,CAAC,cAAc,CAAE,CACzCC,MAAM,CAAE,KAAK,CACbC,OAAO,CAAE,CACL,cAAc,CAAE,kBACpB,CAAC,CACDC,IAAI,CAAEC,IAAI,CAACC,SAAS,CAAC,CACjBjB,YAAY,CACZI,QACJ,CAAC,CACL,CAAC,CAAC,EAACR,cAAA,GAAAK,CAAA,MAEH,GAAI,CAACU,QAAQ,CAACO,EAAE,CAAE,CAAAtB,cAAA,GAAAuB,CAAA,SACd,KAAM,CAAAC,YAAY,EAAAxB,cAAA,GAAAK,CAAA,OAAG,KAAM,CAAAU,QAAQ,CAACU,IAAI,CAAC,CAAC,EAACzB,cAAA,GAAAK,CAAA,OAC3C,KAAM,IAAI,CAAAqB,KAAK,CAAC,CAAA1B,cAAA,GAAAuB,CAAA,SAAAC,YAAY,IAAAxB,cAAA,GAAAuB,CAAA,SAAIR,QAAQ,CAACY,UAAU,EAAC,CACxD,CAAC,KAAA3B,cAAA,GAAAuB,CAAA,UAED;AACA,GAAI,CAAAK,IAAI,EAAA5B,cAAA,GAAAK,CAAA,OAAGe,IAAI,CAACS,KAAK,CAACC,YAAY,CAACC,OAAO,CAAC,MAAM,CAAC,CAAC,EAAC/B,cAAA,GAAAK,CAAA,OAEpD,GAAIuB,IAAI,CAAE,CAAA5B,cAAA,GAAAuB,CAAA,SAAAvB,cAAA,GAAAK,CAAA,OACNuB,IAAI,CAAG,CAAE,GAAGA,IAAI,CAAEI,KAAK,CAAExB,QAAS,CAAC,CAACR,cAAA,GAAAK,CAAA,OACpCyB,YAAY,CAACG,OAAO,CAAC,MAAM,CAAEb,IAAI,CAACC,SAAS,CAACO,IAAI,CAAC,CAAC,CACtD,CAAC,IAAM,CAAA5B,cAAA,GAAAuB,CAAA,SAAAvB,cAAA,GAAAK,CAAA,OACHK,OAAO,CAACE,KAAK,CAAC,sCAAsC,CAAC,CACzD,CACJ,CAAE,MAAOA,KAAK,CAAE,CAAAZ,cAAA,GAAAK,CAAA,OACZ,KAAM,IAAI,CAAAqB,KAAK,CAAE,gCAA+Bd,KAAK,CAACC,OAAQ,EAAC,CAAC,CACpE,CACJ"},"all":true},"C:\\Users\\Derrick\\Documents\\DVOPS_Projects\\test 3\\Group4-Project\\public\\instrumented\\js\\Restaurant.js":{"path":"C:\\Users\\Derrick\\Documents\\DVOPS_Projects\\test 3\\Group4-Project\\public\\instrumented\\js\\Restaurant.js","statementMap":{"0":{"start":{"line":1,"column":34},"end":{"line":1,"column":132}},"1":{"start":{"line":1,"column":142},"end":{"line":1,"column":184}},"2":{"start":{"line":1,"column":196},"end":{"line":1,"column":225}},"3":{"start":{"line":1,"column":234},"end":{"line":1,"column":248}},"4":{"start":{"line":1,"column":266},"end":{"line":1,"column":3416}},"5":{"start":{"line":1,"column":3430},"end":{"line":1,"column":3459}},"6":{"start":{"line":1,"column":3460},"end":{"line":1,"column":3537}},"7":{"start":{"line":1,"column":3508},"end":{"line":1,"column":3536}},"8":{"start":{"line":1,"column":3556},"end":{"line":1,"column":3570}},"9":{"start":{"line":2,"column":0},"end":{"line":2,"column":49}},"10":{"start":{"line":2,"column":25},"end":{"line":2,"column":47}},"11":{"start":{"line":2,"column":50},"end":{"line":2,"column":72}},"12":{"start":{"line":2,"column":73},"end":{"line":2,"column":89}},"13":{"start":{"line":2,"column":140},"end":{"line":2,"column":163}},"14":{"start":{"line":2,"column":163},"end":{"line":2,"column":186}},"15":{"start":{"line":2,"column":186},"end":{"line":11,"column":160}},"16":{"start":{"line":3,"column":31},"end":{"line":3,"column":95}},"17":{"start":{"line":4,"column":0},"end":{"line":4,"column":23}},"18":{"start":{"line":4,"column":23},"end":{"line":4,"column":60}},"19":{"start":{"line":5,"column":0},"end":{"line":5,"column":23}},"20":{"start":{"line":5,"column":23},"end":{"line":11,"column":79}},"21":{"start":{"line":5,"column":56},"end":{"line":5,"column":79}},"22":{"start":{"line":6,"column":22},"end":{"line":6,"column":74}},"23":{"start":{"line":6,"column":76},"end":{"line":6,"column":99}},"24":{"start":{"line":6,"column":99},"end":{"line":6,"column":143}},"25":{"start":{"line":6,"column":143},"end":{"line":6,"column":166}},"26":{"start":{"line":6,"column":166},"end":{"line":6,"column":240}},"27":{"start":{"line":6,"column":256},"end":{"line":6,"column":308}},"28":{"start":{"line":6,"column":310},"end":{"line":6,"column":333}},"29":{"start":{"line":6,"column":333},"end":{"line":6,"column":369}},"30":{"start":{"line":6,"column":382},"end":{"line":6,"column":433}},"31":{"start":{"line":6,"column":435},"end":{"line":6,"column":459}},"32":{"start":{"line":6,"column":459},"end":{"line":6,"column":493}},"33":{"start":{"line":6,"column":493},"end":{"line":6,"column":517}},"34":{"start":{"line":6,"column":517},"end":{"line":6,"column":551}},"35":{"start":{"line":6,"column":570},"end":{"line":6,"column":621}},"36":{"start":{"line":6,"column":623},"end":{"line":6,"column":647}},"37":{"start":{"line":6,"column":647},"end":{"line":6,"column":686}},"38":{"start":{"line":6,"column":686},"end":{"line":6,"column":710}},"39":{"start":{"line":6,"column":710},"end":{"line":6,"column":757}},"40":{"start":{"line":6,"column":770},"end":{"line":6,"column":823}},"41":{"start":{"line":6,"column":825},"end":{"line":6,"column":849}},"42":{"start":{"line":6,"column":849},"end":{"line":6,"column":885}},"43":{"start":{"line":6,"column":885},"end":{"line":6,"column":909}},"44":{"start":{"line":6,"column":909},"end":{"line":6,"column":939}},"45":{"start":{"line":6,"column":939},"end":{"line":6,"column":963}},"46":{"start":{"line":6,"column":963},"end":{"line":6,"column":989}},"47":{"start":{"line":7,"column":0},"end":{"line":7,"column":24}},"48":{"start":{"line":7,"column":24},"end":{"line":7,"column":52}},"49":{"start":{"line":7,"column":52},"end":{"line":7,"column":76}},"50":{"start":{"line":7,"column":76},"end":{"line":7,"column":110}},"51":{"start":{"line":9,"column":0},"end":{"line":9,"column":24}},"52":{"start":{"line":9,"column":24},"end":{"line":9,"column":61}},"53":{"start":{"line":10,"column":0},"end":{"line":10,"column":24}},"54":{"start":{"line":10,"column":24},"end":{"line":10,"column":408}},"55":{"start":{"line":10,"column":52},"end":{"line":10,"column":78}},"56":{"start":{"line":10,"column":78},"end":{"line":10,"column":102}},"57":{"start":{"line":10,"column":102},"end":{"line":10,"column":228}},"58":{"start":{"line":10,"column":147},"end":{"line":10,"column":170}},"59":{"start":{"line":10,"column":170},"end":{"line":10,"column":194}},"60":{"start":{"line":10,"column":194},"end":{"line":10,"column":225}},"61":{"start":{"line":10,"column":228},"end":{"line":10,"column":252}},"62":{"start":{"line":10,"column":252},"end":{"line":10,"column":401}},"63":{"start":{"line":10,"column":297},"end":{"line":10,"column":320}},"64":{"start":{"line":10,"column":320},"end":{"line":10,"column":344}},"65":{"start":{"line":10,"column":344},"end":{"line":10,"column":398}},"66":{"start":{"line":11,"column":0},"end":{"line":11,"column":24}},"67":{"start":{"line":11,"column":24},"end":{"line":11,"column":76}},"68":{"start":{"line":11,"column":93},"end":{"line":11,"column":117}},"69":{"start":{"line":11,"column":117},"end":{"line":11,"column":159}},"70":{"start":{"line":12,"column":45},"end":{"line":12,"column":68}},"71":{"start":{"line":12,"column":68},"end":{"line":12,"column":92}},"72":{"start":{"line":12,"column":92},"end":{"line":12,"column":126}},"73":{"start":{"line":13,"column":0},"end":{"line":13,"column":24}},"74":{"start":{"line":13,"column":24},"end":{"line":13,"column":57}}},"fnMap":{"0":{"name":"cov_mtb9tdss9","decl":{"start":{"line":1,"column":9},"end":{"line":1,"column":22}},"loc":{"start":{"line":1,"column":24},"end":{"line":2,"column":73}},"line":1},"1":{"name":"(anonymous_1)","decl":{"start":{"line":2,"column":14},"end":{"line":2,"column":15}},"loc":{"start":{"line":2,"column":24},"end":{"line":2,"column":48}},"line":2},"2":{"name":"appendRestaurantsToContainer","decl":{"start":{"line":2,"column":98},"end":{"line":2,"column":126}},"loc":{"start":{"line":2,"column":139},"end":{"line":11,"column":161}},"line":2},"3":{"name":"(anonymous_3)","decl":{"start":{"line":5,"column":43},"end":{"line":5,"column":44}},"loc":{"start":{"line":5,"column":55},"end":{"line":11,"column":77}},"line":5},"4":{"name":"(anonymous_4)","decl":{"start":{"line":10,"column":142},"end":{"line":10,"column":143}},"loc":{"start":{"line":10,"column":146},"end":{"line":10,"column":226}},"line":10},"5":{"name":"(anonymous_5)","decl":{"start":{"line":10,"column":292},"end":{"line":10,"column":293}},"loc":{"start":{"line":10,"column":296},"end":{"line":10,"column":399}},"line":10},"6":{"name":"handleRestaurantClick","decl":{"start":{"line":12,"column":9},"end":{"line":12,"column":30}},"loc":{"start":{"line":12,"column":44},"end":{"line":13,"column":58}},"line":12}},"branchMap":{"0":{"loc":{"start":{"line":1,"column":3430},"end":{"line":1,"column":3459}},"type":"binary-expr","locations":[{"start":{"line":1,"column":3430},"end":{"line":1,"column":3441}},{"start":{"line":1,"column":3444},"end":{"line":1,"column":3458}}],"line":1},"1":{"loc":{"start":{"line":1,"column":3460},"end":{"line":1,"column":3537}},"type":"if","locations":[{"start":{"line":1,"column":3460},"end":{"line":1,"column":3537}},{"start":{"line":1,"column":3460},"end":{"line":1,"column":3537}}],"line":1},"2":{"loc":{"start":{"line":1,"column":3463},"end":{"line":1,"column":3506}},"type":"binary-expr","locations":[{"start":{"line":1,"column":3463},"end":{"line":1,"column":3478}},{"start":{"line":1,"column":3480},"end":{"line":1,"column":3506}}],"line":1},"3":{"loc":{"start":{"line":10,"column":24},"end":{"line":10,"column":408}},"type":"if","locations":[{"start":{"line":10,"column":24},"end":{"line":10,"column":408}},{"start":{"line":10,"column":24},"end":{"line":10,"column":408}}],"line":10}},"s":{"0":0,"1":0,"2":0,"3":0,"4":0,"5":0,"6":0,"7":0,"8":0,"9":0,"10":0,"11":0,"12":0,"13":0,"14":0,"15":0,"16":0,"17":0,"18":0,"19":0,"20":0,"21":0,"22":0,"23":0,"24":0,"25":0,"26":0,"27":0,"28":0,"29":0,"30":0,"31":0,"32":0,"33":0,"34":0,"35":0,"36":0,"37":0,"38":0,"39":0,"40":0,"41":0,"42":0,"43":0,"44":0,"45":0,"46":0,"47":0,"48":0,"49":0,"50":0,"51":0,"52":0,"53":0,"54":0,"55":0,"56":0,"57":0,"58":0,"59":0,"60":0,"61":0,"62":0,"63":0,"64":0,"65":0,"66":0,"67":0,"68":0,"69":0,"70":0,"71":0,"72":0,"73":0,"74":0},"f":{"0":0,"1":0,"2":0,"3":0,"4":0,"5":0,"6":0},"b":{"0":[0,0],"1":[0,0],"2":[0,0],"3":[0,0]},"inputSourceMap":{"version":3,"names":["cov_mtb9tdss9","actualCoverage","appendRestaurantsToContainer","restaurants","f","s","restaurantListContainer","document","getElementById","innerHTML","forEach","restaurant","restaurantCard","createElement","classList","add","setAttribute","restaurantId","cardBody","title","textContent","name","description","image","src","imageUrl","alt","appendChild","b","addEventListener","showReviews","handleRestaurantClick","error","console","selectedRestaurantId","$","modal"],"sources":["Restaurant.js"],"sourcesContent":["function appendRestaurantsToContainer(restaurants) {\r\n    try {\r\n        // Get the container element where we'll append restaurant elements\r\n        const restaurantListContainer = document.getElementById('restaurantList');\r\n\r\n        // Clear existing content in the container\r\n        restaurantListContainer.innerHTML = '';\r\n\r\n        // Loop through the formatted restaurants and create HTML elements for each\r\n        restaurants.forEach(restaurant => {\r\n            // Assuming you have restaurantId as the identifier\r\n            const restaurantCard = document.createElement('div');\r\n            restaurantCard.classList.add('card', 'mb-3');\r\n\r\n            restaurantCard.setAttribute('data-restaurant-id', restaurant.restaurantId);\r\n\r\n            const cardBody = document.createElement('div');\r\n            cardBody.classList.add('card-body');\r\n\r\n            const title = document.createElement('h5');\r\n            title.classList.add('card-title');\r\n            title.textContent = restaurant.name;\r\n\r\n            const description = document.createElement('p');\r\n            description.classList.add('card-text');\r\n            description.textContent = restaurant.description;\r\n\r\n            const image = document.createElement('img');\r\n            image.classList.add('card-img-top');\r\n            image.src = restaurant.imageUrl;\r\n            image.alt = restaurant.name;\r\n\r\n            // Append elements to the card body\r\n            cardBody.appendChild(title);\r\n            cardBody.appendChild(description);\r\n\r\n            /* istanbul ignore if */\r\n            // Append image to the card only if an image URL is provided\r\n            /* istanbul ignore next */\r\n\r\n            if (restaurant.imageUrl) {\r\n                cardBody.appendChild(image);\r\n            }\r\n\r\n            // Append card body to the card\r\n            restaurantCard.appendChild(cardBody);\r\n\r\n            /* istanbul ignore else */\r\n            // Ensure that the restaurant object has the 'restaurantId' property\r\n            if (restaurant.restaurantId) {\r\n                restaurantCard.addEventListener('click', () => showReviews(restaurant));\r\n                restaurantCard.addEventListener('click', () => handleRestaurantClick(restaurant.restaurantId));\r\n            }\r\n\r\n            // Append the card to the restaurantListContainer\r\n            restaurantListContainer.appendChild(restaurantCard);\r\n        });\r\n\r\n    } catch (error) {\r\n        console.error('An error occurred:', error);\r\n    }\r\n}\r\n\r\nlet selectedRestaurantId; // Declare this variable globally\r\n\r\nfunction handleRestaurantClick(restaurantId) {\r\n    selectedRestaurantId = restaurantId;\r\n    // Open the reviews modal or perform any other actions you need\r\n    $('#reviewsModal').modal('show');\r\n}\r\n"],"mappings":"o/GAeY;AAAAA,aAAA,SAAAA,CAAA,SAAAC,cAAA,WAAAA,cAAA,EAAAD,aAAA,GAfZ,QAAS,CAAAE,4BAA4BA,CAACC,WAAW,CAAE,CAAAH,aAAA,GAAAI,CAAA,MAAAJ,aAAA,GAAAK,CAAA,MAC/C,GAAI,CACA;AACA,KAAM,CAAAC,uBAAuB,EAAAN,aAAA,GAAAK,CAAA,MAAGE,QAAQ,CAACC,cAAc,CAAC,gBAAgB,CAAC,EAEzE;AAAAR,aAAA,GAAAK,CAAA,MACAC,uBAAuB,CAACG,SAAS,CAAG,EAAE,CAEtC;AAAAT,aAAA,GAAAK,CAAA,MACAF,WAAW,CAACO,OAAO,CAACC,UAAU,EAAI,CAAAX,aAAA,GAAAI,CAAA,MAC9B;AACA,KAAM,CAAAQ,cAAc,EAAAZ,aAAA,GAAAK,CAAA,MAAGE,QAAQ,CAACM,aAAa,CAAC,KAAK,CAAC,EAACb,aAAA,GAAAK,CAAA,MACrDO,cAAc,CAACE,SAAS,CAACC,GAAG,CAAC,MAAM,CAAE,MAAM,CAAC,CAACf,aAAA,GAAAK,CAAA,MAE7CO,cAAc,CAACI,YAAY,CAAC,oBAAoB,CAAEL,UAAU,CAACM,YAAY,CAAC,CAE1E,KAAM,CAAAC,QAAQ,EAAAlB,aAAA,GAAAK,CAAA,MAAGE,QAAQ,CAACM,aAAa,CAAC,KAAK,CAAC,EAACb,aAAA,GAAAK,CAAA,MAC/Ca,QAAQ,CAACJ,SAAS,CAACC,GAAG,CAAC,WAAW,CAAC,CAEnC,KAAM,CAAAI,KAAK,EAAAnB,aAAA,GAAAK,CAAA,MAAGE,QAAQ,CAACM,aAAa,CAAC,IAAI,CAAC,EAACb,aAAA,GAAAK,CAAA,OAC3Cc,KAAK,CAACL,SAAS,CAACC,GAAG,CAAC,YAAY,CAAC,CAACf,aAAA,GAAAK,CAAA,OAClCc,KAAK,CAACC,WAAW,CAAGT,UAAU,CAACU,IAAI,CAEnC,KAAM,CAAAC,WAAW,EAAAtB,aAAA,GAAAK,CAAA,OAAGE,QAAQ,CAACM,aAAa,CAAC,GAAG,CAAC,EAACb,aAAA,GAAAK,CAAA,OAChDiB,WAAW,CAACR,SAAS,CAACC,GAAG,CAAC,WAAW,CAAC,CAACf,aAAA,GAAAK,CAAA,OACvCiB,WAAW,CAACF,WAAW,CAAGT,UAAU,CAACW,WAAW,CAEhD,KAAM,CAAAC,KAAK,EAAAvB,aAAA,GAAAK,CAAA,OAAGE,QAAQ,CAACM,aAAa,CAAC,KAAK,CAAC,EAACb,aAAA,GAAAK,CAAA,OAC5CkB,KAAK,CAACT,SAAS,CAACC,GAAG,CAAC,cAAc,CAAC,CAACf,aAAA,GAAAK,CAAA,OACpCkB,KAAK,CAACC,GAAG,CAAGb,UAAU,CAACc,QAAQ,CAACzB,aAAA,GAAAK,CAAA,OAChCkB,KAAK,CAACG,GAAG,CAAGf,UAAU,CAACU,IAAI,CAE3B;AAAArB,aAAA,GAAAK,CAAA,OACAa,QAAQ,CAACS,WAAW,CAACR,KAAK,CAAC,CAACnB,aAAA,GAAAK,CAAA,OAC5Ba,QAAQ,CAACS,WAAW,CAACL,WAAW,CAAC,CAEjC,yBACA;AACA,0BAEA,GAAIX,UAAU,CAACc,QAAQ,CAAE,CACrBP,QAAQ,CAACS,WAAW,CAACJ,KAAK,CAAC,CAC/B,CAEA;AAAAvB,aAAA,GAAAK,CAAA,OACAO,cAAc,CAACe,WAAW,CAACT,QAAQ,CAAC,CAEpC,2BACA;AAAAlB,aAAA,GAAAK,CAAA,OACA,GAAIM,UAAU,CAACM,YAAY,CAAE,CAAAjB,aAAA,GAAA4B,CAAA,SAAA5B,aAAA,GAAAK,CAAA,OACzBO,cAAc,CAACiB,gBAAgB,CAAC,OAAO,CAAE,IAAM,CAAA7B,aAAA,GAAAI,CAAA,MAAAJ,aAAA,GAAAK,CAAA,cAAAyB,WAAW,CAACnB,UAAU,CAAC,CAAD,CAAC,CAAC,CAACX,aAAA,GAAAK,CAAA,OACxEO,cAAc,CAACiB,gBAAgB,CAAC,OAAO,CAAE,IAAM,CAAA7B,aAAA,GAAAI,CAAA,MAAAJ,aAAA,GAAAK,CAAA,cAAA0B,qBAAqB,CAACpB,UAAU,CAACM,YAAY,CAAC,CAAD,CAAC,CAAC,CAClG,CAAC,MAED;AAAAjB,aAAA,GAAAK,CAAA,OACAC,uBAAuB,CAACqB,WAAW,CAACf,cAAc,CAAC,CACvD,CAAC,CAAC,CAEN,CAAE,MAAOoB,KAAK,CAAE,CAAAhC,aAAA,GAAAK,CAAA,OACZ4B,OAAO,CAACD,KAAK,CAAC,oBAAoB,CAAEA,KAAK,CAAC,CAC9C,CACJ,CAEA,GAAI,CAAAE,oBAAoB,CAAE;AAE1B,QAAS,CAAAH,qBAAqBA,CAACd,YAAY,CAAE,CAAAjB,aAAA,GAAAI,CAAA,MAAAJ,aAAA,GAAAK,CAAA,OACzC6B,oBAAoB,CAAGjB,YAAY,CACnC;AAAAjB,aAAA,GAAAK,CAAA,OACA8B,CAAC,CAAC,eAAe,CAAC,CAACC,KAAK,CAAC,MAAM,CAAC,CACpC"},"all":true},"C:\\Users\\Derrick\\Documents\\DVOPS_Projects\\test 3\\Group4-Project\\public\\instrumented\\js\\Reviews.js":{"path":"C:\\Users\\Derrick\\Documents\\DVOPS_Projects\\test 3\\Group4-Project\\public\\instrumented\\js\\Reviews.js","statementMap":{"0":{"start":{"line":1,"column":34},"end":{"line":1,"column":129}},"1":{"start":{"line":1,"column":139},"end":{"line":1,"column":181}},"2":{"start":{"line":1,"column":193},"end":{"line":1,"column":222}},"3":{"start":{"line":1,"column":231},"end":{"line":1,"column":245}},"4":{"start":{"line":1,"column":263},"end":{"line":1,"column":6892}},"5":{"start":{"line":1,"column":6906},"end":{"line":1,"column":6935}},"6":{"start":{"line":1,"column":6936},"end":{"line":1,"column":7013}},"7":{"start":{"line":1,"column":6984},"end":{"line":1,"column":7012}},"8":{"start":{"line":1,"column":7032},"end":{"line":1,"column":7046}},"9":{"start":{"line":2,"column":0},"end":{"line":2,"column":49}},"10":{"start":{"line":2,"column":25},"end":{"line":2,"column":47}},"11":{"start":{"line":2,"column":50},"end":{"line":2,"column":72}},"12":{"start":{"line":2,"column":73},"end":{"line":2,"column":89}},"13":{"start":{"line":3,"column":35},"end":{"line":3,"column":58}},"14":{"start":{"line":3,"column":79},"end":{"line":3,"column":131}},"15":{"start":{"line":3,"column":133},"end":{"line":3,"column":156}},"16":{"start":{"line":3,"column":156},"end":{"line":3,"column":200}},"17":{"start":{"line":3,"column":200},"end":{"line":3,"column":223}},"18":{"start":{"line":3,"column":223},"end":{"line":4,"column":60}},"19":{"start":{"line":3,"column":234},"end":{"line":3,"column":258}},"20":{"start":{"line":3,"column":286},"end":{"line":3,"column":336}},"21":{"start":{"line":3,"column":338},"end":{"line":3,"column":361}},"22":{"start":{"line":3,"column":361},"end":{"line":3,"column":478}},"23":{"start":{"line":4,"column":0},"end":{"line":4,"column":23}},"24":{"start":{"line":4,"column":23},"end":{"line":4,"column":59}},"25":{"start":{"line":4,"column":60},"end":{"line":4,"column":83}},"26":{"start":{"line":4,"column":83},"end":{"line":4,"column":104}},"27":{"start":{"line":5,"column":26},"end":{"line":5,"column":49}},"28":{"start":{"line":5,"column":65},"end":{"line":5,"column":115}},"29":{"start":{"line":5,"column":117},"end":{"line":5,"column":140}},"30":{"start":{"line":5,"column":140},"end":{"line":5,"column":192}},"31":{"start":{"line":5,"column":192},"end":{"line":5,"column":216}},"32":{"start":{"line":5,"column":216},"end":{"line":5,"column":232}},"33":{"start":{"line":6,"column":28},"end":{"line":6,"column":51}},"34":{"start":{"line":6,"column":69},"end":{"line":6,"column":120}},"35":{"start":{"line":6,"column":122},"end":{"line":6,"column":146}},"36":{"start":{"line":6,"column":146},"end":{"line":6,"column":207}},"37":{"start":{"line":6,"column":207},"end":{"line":6,"column":231}},"38":{"start":{"line":6,"column":231},"end":{"line":6,"column":249}},"39":{"start":{"line":7,"column":33},"end":{"line":7,"column":56}},"40":{"start":{"line":7,"column":76},"end":{"line":7,"column":123}},"41":{"start":{"line":29,"column":224},"end":{"line":29,"column":247}},"42":{"start":{"line":29,"column":247},"end":{"line":29,"column":271}},"43":{"start":{"line":29,"column":271},"end":{"line":33,"column":141}},"44":{"start":{"line":29,"column":295},"end":{"line":29,"column":350}},"45":{"start":{"line":30,"column":0},"end":{"line":30,"column":24}},"46":{"start":{"line":30,"column":24},"end":{"line":30,"column":67}},"47":{"start":{"line":30,"column":67},"end":{"line":30,"column":91}},"48":{"start":{"line":30,"column":91},"end":{"line":30,"column":119}},"49":{"start":{"line":30,"column":119},"end":{"line":30,"column":143}},"50":{"start":{"line":30,"column":143},"end":{"line":30,"column":182}},"51":{"start":{"line":30,"column":182},"end":{"line":30,"column":206}},"52":{"start":{"line":30,"column":206},"end":{"line":30,"column":236}},"53":{"start":{"line":30,"column":236},"end":{"line":30,"column":260}},"54":{"start":{"line":30,"column":260},"end":{"line":30,"column":303}},"55":{"start":{"line":30,"column":319},"end":{"line":30,"column":488}},"56":{"start":{"line":30,"column":490},"end":{"line":30,"column":514}},"57":{"start":{"line":30,"column":514},"end":{"line":30,"column":555}},"58":{"start":{"line":33,"column":74},"end":{"line":33,"column":98}},"59":{"start":{"line":33,"column":98},"end":{"line":33,"column":140}},"60":{"start":{"line":33,"column":183},"end":{"line":33,"column":206}},"61":{"start":{"line":33,"column":206},"end":{"line":33,"column":230}},"62":{"start":{"line":33,"column":230},"end":{"line":36,"column":1}},"63":{"start":{"line":33,"column":250},"end":{"line":33,"column":332}},"64":{"start":{"line":33,"column":346},"end":{"line":33,"column":391}},"65":{"start":{"line":35,"column":15},"end":{"line":35,"column":39}},"66":{"start":{"line":35,"column":39},"end":{"line":35,"column":81}},"67":{"start":{"line":35,"column":81},"end":{"line":35,"column":105}},"68":{"start":{"line":35,"column":105},"end":{"line":35,"column":117}},"69":{"start":{"line":36,"column":64},"end":{"line":36,"column":87}},"70":{"start":{"line":36,"column":87},"end":{"line":36,"column":111}},"71":{"start":{"line":36,"column":111},"end":{"line":36,"column":1023}},"72":{"start":{"line":36,"column":135},"end":{"line":36,"column":190}},"73":{"start":{"line":36,"column":192},"end":{"line":36,"column":216}},"74":{"start":{"line":36,"column":216},"end":{"line":36,"column":272}},"75":{"start":{"line":36,"column":272},"end":{"line":36,"column":296}},"76":{"start":{"line":36,"column":296},"end":{"line":36,"column":324}},"77":{"start":{"line":36,"column":324},"end":{"line":36,"column":348}},"78":{"start":{"line":36,"column":348},"end":{"line":36,"column":383}},"79":{"start":{"line":36,"column":383},"end":{"line":36,"column":407}},"80":{"start":{"line":36,"column":407},"end":{"line":36,"column":446}},"81":{"start":{"line":36,"column":446},"end":{"line":36,"column":470}},"82":{"start":{"line":36,"column":470},"end":{"line":36,"column":500}},"83":{"start":{"line":36,"column":500},"end":{"line":36,"column":524}},"84":{"start":{"line":36,"column":524},"end":{"line":36,"column":567}},"85":{"start":{"line":36,"column":583},"end":{"line":36,"column":763}},"86":{"start":{"line":36,"column":956},"end":{"line":36,"column":980}},"87":{"start":{"line":36,"column":980},"end":{"line":36,"column":1022}},"88":{"start":{"line":36,"column":1063},"end":{"line":36,"column":1086}},"89":{"start":{"line":37,"column":30},"end":{"line":37,"column":98}},"90":{"start":{"line":37,"column":126},"end":{"line":37,"column":190}},"91":{"start":{"line":38,"column":0},"end":{"line":38,"column":24}},"92":{"start":{"line":38,"column":24},"end":{"line":38,"column":71}},"93":{"start":{"line":38,"column":71},"end":{"line":38,"column":95}},"94":{"start":{"line":38,"column":95},"end":{"line":38,"column":134}},"95":{"start":{"line":39,"column":0},"end":{"line":39,"column":24}},"96":{"start":{"line":39,"column":24},"end":{"line":39,"column":81}},"97":{"start":{"line":39,"column":81},"end":{"line":39,"column":105}},"98":{"start":{"line":39,"column":105},"end":{"line":39,"column":156}},"99":{"start":{"line":40,"column":0},"end":{"line":40,"column":24}},"100":{"start":{"line":40,"column":24},"end":{"line":40,"column":62}},"101":{"start":{"line":40,"column":113},"end":{"line":40,"column":136}},"102":{"start":{"line":41,"column":19},"end":{"line":41,"column":98}},"103":{"start":{"line":41,"column":100},"end":{"line":41,"column":124}},"104":{"start":{"line":41,"column":124},"end":{"line":48,"column":34}},"105":{"start":{"line":41,"column":140},"end":{"line":41,"column":166}},"106":{"start":{"line":41,"column":166},"end":{"line":41,"column":190}},"107":{"start":{"line":43,"column":0},"end":{"line":47,"column":49}},"108":{"start":{"line":43,"column":139},"end":{"line":43,"column":162}},"109":{"start":{"line":43,"column":162},"end":{"line":43,"column":186}},"110":{"start":{"line":43,"column":186},"end":{"line":46,"column":42}},"111":{"start":{"line":43,"column":202},"end":{"line":43,"column":228}},"112":{"start":{"line":43,"column":228},"end":{"line":43,"column":252}},"113":{"start":{"line":44,"column":0},"end":{"line":44,"column":43}},"114":{"start":{"line":45,"column":28},"end":{"line":45,"column":97}},"115":{"start":{"line":45,"column":99},"end":{"line":45,"column":123}},"116":{"start":{"line":45,"column":123},"end":{"line":45,"column":261}},"117":{"start":{"line":45,"column":148},"end":{"line":45,"column":174}},"118":{"start":{"line":45,"column":174},"end":{"line":45,"column":198}},"119":{"start":{"line":45,"column":198},"end":{"line":45,"column":228}},"120":{"start":{"line":45,"column":234},"end":{"line":45,"column":260}},"121":{"start":{"line":45,"column":267},"end":{"line":45,"column":293}},"122":{"start":{"line":45,"column":293},"end":{"line":45,"column":317}},"123":{"start":{"line":46,"column":0},"end":{"line":46,"column":41}},"124":{"start":{"line":46,"column":42},"end":{"line":46,"column":66}},"125":{"start":{"line":46,"column":66},"end":{"line":46,"column":91}},"126":{"start":{"line":46,"column":108},"end":{"line":46,"column":132}},"127":{"start":{"line":46,"column":132},"end":{"line":46,"column":156}},"128":{"start":{"line":47,"column":0},"end":{"line":47,"column":46}},"129":{"start":{"line":47,"column":55},"end":{"line":47,"column":81}},"130":{"start":{"line":47,"column":81},"end":{"line":47,"column":105}},"131":{"start":{"line":48,"column":0},"end":{"line":48,"column":33}}},"fnMap":{"0":{"name":"cov_nxy146syb","decl":{"start":{"line":1,"column":9},"end":{"line":1,"column":22}},"loc":{"start":{"line":1,"column":24},"end":{"line":2,"column":73}},"line":1},"1":{"name":"(anonymous_1)","decl":{"start":{"line":2,"column":14},"end":{"line":2,"column":15}},"loc":{"start":{"line":2,"column":24},"end":{"line":2,"column":48}},"line":2},"2":{"name":"createRatingStars","decl":{"start":{"line":3,"column":9},"end":{"line":3,"column":26}},"loc":{"start":{"line":3,"column":34},"end":{"line":4,"column":105}},"line":3},"3":{"name":"createEditIcon","decl":{"start":{"line":5,"column":9},"end":{"line":5,"column":23}},"loc":{"start":{"line":5,"column":25},"end":{"line":5,"column":233}},"line":5},"4":{"name":"createDeleteIcon","decl":{"start":{"line":6,"column":9},"end":{"line":6,"column":25}},"loc":{"start":{"line":6,"column":27},"end":{"line":6,"column":250}},"line":6},"5":{"name":"showReviews","decl":{"start":{"line":7,"column":9},"end":{"line":7,"column":20}},"loc":{"start":{"line":7,"column":32},"end":{"line":29,"column":174}},"line":7},"6":{"name":"addReview","decl":{"start":{"line":29,"column":189},"end":{"line":29,"column":198}},"loc":{"start":{"line":29,"column":223},"end":{"line":33,"column":142}},"line":29},"7":{"name":"getSelectedRestaurantId","decl":{"start":{"line":33,"column":157},"end":{"line":33,"column":180}},"loc":{"start":{"line":33,"column":182},"end":{"line":36,"column":2}},"line":33},"8":{"name":"updateReview","decl":{"start":{"line":36,"column":17},"end":{"line":36,"column":29}},"loc":{"start":{"line":36,"column":63},"end":{"line":36,"column":1024}},"line":36},"9":{"name":"openUpdateReviewModal","decl":{"start":{"line":36,"column":1033},"end":{"line":36,"column":1054}},"loc":{"start":{"line":36,"column":1062},"end":{"line":40,"column":63}},"line":36},"10":{"name":"confirmAndDeleteReview","decl":{"start":{"line":40,"column":72},"end":{"line":40,"column":94}},"loc":{"start":{"line":40,"column":112},"end":{"line":48,"column":35}},"line":40},"11":{"name":"(anonymous_11)","decl":{"start":{"line":43,"column":128},"end":{"line":43,"column":129}},"loc":{"start":{"line":43,"column":138},"end":{"line":46,"column":92}},"line":43},"12":{"name":"(anonymous_12)","decl":{"start":{"line":46,"column":100},"end":{"line":46,"column":101}},"loc":{"start":{"line":46,"column":107},"end":{"line":47,"column":47}},"line":46}},"branchMap":{"0":{"loc":{"start":{"line":1,"column":6906},"end":{"line":1,"column":6935}},"type":"binary-expr","locations":[{"start":{"line":1,"column":6906},"end":{"line":1,"column":6917}},{"start":{"line":1,"column":6920},"end":{"line":1,"column":6934}}],"line":1},"1":{"loc":{"start":{"line":1,"column":6936},"end":{"line":1,"column":7013}},"type":"if","locations":[{"start":{"line":1,"column":6936},"end":{"line":1,"column":7013}},{"start":{"line":1,"column":6936},"end":{"line":1,"column":7013}}],"line":1},"2":{"loc":{"start":{"line":1,"column":6939},"end":{"line":1,"column":6982}},"type":"binary-expr","locations":[{"start":{"line":1,"column":6939},"end":{"line":1,"column":6954}},{"start":{"line":1,"column":6956},"end":{"line":1,"column":6982}}],"line":1},"3":{"loc":{"start":{"line":3,"column":399},"end":{"line":3,"column":476}},"type":"cond-expr","locations":[{"start":{"line":3,"column":410},"end":{"line":3,"column":441}},{"start":{"line":3,"column":444},"end":{"line":3,"column":475}}],"line":3},"4":{"loc":{"start":{"line":41,"column":124},"end":{"line":48,"column":34}},"type":"if","locations":[{"start":{"line":41,"column":124},"end":{"line":48,"column":34}},{"start":{"line":41,"column":124},"end":{"line":48,"column":34}}],"line":41},"5":{"loc":{"start":{"line":43,"column":186},"end":{"line":46,"column":42}},"type":"if","locations":[{"start":{"line":43,"column":186},"end":{"line":46,"column":42}},{"start":{"line":43,"column":186},"end":{"line":46,"column":42}}],"line":43},"6":{"loc":{"start":{"line":45,"column":123},"end":{"line":45,"column":261}},"type":"if","locations":[{"start":{"line":45,"column":123},"end":{"line":45,"column":261}},{"start":{"line":45,"column":123},"end":{"line":45,"column":261}}],"line":45}},"s":{"0":0,"1":0,"2":0,"3":0,"4":0,"5":0,"6":0,"7":0,"8":0,"9":0,"10":0,"11":0,"12":0,"13":0,"14":0,"15":0,"16":0,"17":0,"18":0,"19":0,"20":0,"21":0,"22":0,"23":0,"24":0,"25":0,"26":0,"27":0,"28":0,"29":0,"30":0,"31":0,"32":0,"33":0,"34":0,"35":0,"36":0,"37":0,"38":0,"39":0,"40":0,"41":0,"42":0,"43":0,"44":0,"45":0,"46":0,"47":0,"48":0,"49":0,"50":0,"51":0,"52":0,"53":0,"54":0,"55":0,"56":0,"57":0,"58":0,"59":0,"60":0,"61":0,"62":0,"63":0,"64":0,"65":0,"66":0,"67":0,"68":0,"69":0,"70":0,"71":0,"72":0,"73":0,"74":0,"75":0,"76":0,"77":0,"78":0,"79":0,"80":0,"81":0,"82":0,"83":0,"84":0,"85":0,"86":0,"87":0,"88":0,"89":0,"90":0,"91":0,"92":0,"93":0,"94":0,"95":0,"96":0,"97":0,"98":0,"99":0,"100":0,"101":0,"102":0,"103":0,"104":0,"105":0,"106":0,"107":0,"108":0,"109":0,"110":0,"111":0,"112":0,"113":0,"114":0,"115":0,"116":0,"117":0,"118":0,"119":0,"120":0,"121":0,"122":0,"123":0,"124":0,"125":0,"126":0,"127":0,"128":0,"129":0,"130":0,"131":0},"f":{"0":0,"1":0,"2":0,"3":0,"4":0,"5":0,"6":0,"7":0,"8":0,"9":0,"10":0,"11":0,"12":0},"b":{"0":[0,0],"1":[0,0],"2":[0,0],"3":[0,0],"4":[0,0],"5":[0,0],"6":[0,0]},"inputSourceMap":{"version":3,"names":["cov_nxy146syb","actualCoverage","createRatingStars","rating","f","starContainer","s","document","createElement","classList","add","i","starIcon","b","appendChild","createEditIcon","editIcon","createDeleteIcon","deleteIcon","showReviews","restaurant","restaurantId","fetch","then","response","json","reviews","reviewsModalBody","getElementById","innerHTML","Array","isArray","length","forEach","review","reviewContainer","profilePicture","avatarImg","src","alt","reviewContent","reviewText","textContent","emailDiv","email","parseInt","ratingStars","loggedInUser","JSON","parse","localStorage","getItem","addEventListener","openUpdateReviewModal","confirmAndDeleteReview","reviewId","iconsContainer","$","modal","catch","error","console","addReview","getSelectedRestaurantId","log","method","headers","body","stringify","ok","statusText","selectedRestaurantId","data","message","updateReview","updatedReviewTextInput","updatedRatingInput","value","isConfirmed","confirm","deletedReviewElement","remove","window","location","reload"],"sources":["Reviews.js"],"sourcesContent":["// Function to create star icons based on the rating\r\n\r\nfunction createRatingStars(rating) {\r\n    const starContainer = document.createElement('div');\r\n    starContainer.classList.add('rating-stars');\r\n\r\n    for (let i = 1; i <= 5; i++) {\r\n        const starIcon = document.createElement('i');\r\n        starIcon.classList.add('fa', 'fa-star', i <= rating ? 'fas' : 'far'); // Change 'filled' to 'fas'\r\n        starContainer.appendChild(starIcon);\r\n    }\r\n\r\n    return starContainer;\r\n}\r\n// Function to create an \"Edit\" icon\r\nfunction createEditIcon() {\r\n    const editIcon = document.createElement('i');\r\n    editIcon.classList.add('fas', 'fa-edit', 'edit-icon');\r\n    return editIcon;\r\n}\r\n// creating delete icon\r\nfunction createDeleteIcon() {\r\n    const deleteIcon = document.createElement('i');\r\n    deleteIcon.classList.add('fas', 'fa-trash-alt', 'delete-icon');\r\n    return deleteIcon;\r\n}\r\n\r\n// Update the showReviews function\r\nfunction showReviews(restaurant) {\r\n    const restaurantId = restaurant.restaurantId;\r\n\r\n    // Check if the restaurantId is defined before making the fetch request\r\n    /* istanbul ignore next */\r\n    if (restaurantId) {\r\n        // Fetch reviews data for the selected restaurant\r\n        fetch(`/viewReviewbyRestaurant/${restaurantId}`)\r\n            .then(response => response.json())\r\n            .then(reviews => {\r\n                const reviewsModalBody = document.getElementById('reviewsModalBody');\r\n                reviewsModalBody.innerHTML = ''; // Clear existing content\r\n\r\n                // Check if 'reviews' is an array and has at least one review\r\n                if (Array.isArray(reviews) && reviews.length > 0) {\r\n                    // Loop through the reviews and create HTML elements for each\r\n                    reviews.forEach(review => {\r\n                        const reviewContainer = document.createElement('div');\r\n                        reviewContainer.classList.add('review-container');\r\n\r\n                        // Create a div for the profile picture\r\n                        const profilePicture = document.createElement('div');\r\n                        profilePicture.classList.add('profile-picture');\r\n\r\n                        // Create an image element for the blank avatar\r\n                        const avatarImg = document.createElement('img');\r\n                        avatarImg.src = './images/blank-avatar.png';\r\n                        avatarImg.alt = 'Blank Avatar';\r\n                        profilePicture.appendChild(avatarImg);\r\n\r\n                        // Create a div for the review content\r\n                        const reviewContent = document.createElement('div');\r\n                        reviewContent.classList.add('review-content');\r\n\r\n                        // Populate the review content with the review text\r\n                        const reviewText = document.createElement('p');\r\n                        reviewText.textContent = review.reviewText;\r\n                        reviewContent.appendChild(reviewText);\r\n\r\n                        // Create a div for the email\r\n                        const emailDiv = document.createElement('div');\r\n                        emailDiv.classList.add('email');\r\n                        emailDiv.textContent = review.email;\r\n\r\n                        // Create a div for the rating stars\r\n                        const rating = parseInt(review.rating);\r\n                        const ratingStars = createRatingStars(rating);\r\n\r\n                        // Append the profile picture, review content, email, and rating stars to the review container\r\n                        reviewContainer.appendChild(profilePicture);\r\n                        reviewContainer.appendChild(reviewContent);\r\n                        reviewContainer.appendChild(emailDiv);\r\n                        reviewContainer.appendChild(ratingStars);\r\n\r\n                        // Check if the user is logged in (check for the existence of 'user' in session storage)\r\n                        // Check if the user is logged in\r\n                        const loggedInUser = JSON.parse(localStorage.getItem('user'));\r\n\r\n                        // Check if the review was created by the logged-in user\r\n                        if (loggedInUser && loggedInUser.email === review.email) {\r\n                            // User is logged in and the review belongs to them, show the \"Edit\" icon\r\n                            const editIcon = createEditIcon();\r\n                            editIcon.addEventListener('click', () => openUpdateReviewModal(review));\r\n\r\n                            // If user is logged in, show the \"Delete\" icon\r\n                            const deleteIcon = createDeleteIcon();\r\n                            deleteIcon.addEventListener('click', () => confirmAndDeleteReview({ reviewId: review.reviewId, email: review.email }));\r\n\r\n                            // Create a container div for the icons\r\n                            const iconsContainer = document.createElement('div');\r\n                            iconsContainer.classList.add('icons-container');\r\n\r\n                            // Append the icons to the container\r\n                            iconsContainer.appendChild(editIcon);\r\n                            iconsContainer.appendChild(deleteIcon);\r\n\r\n                            // Append the container to the reviewContainer\r\n                            reviewContainer.appendChild(iconsContainer);\r\n                        }\r\n\r\n                        // Append the review container to the reviews modal body\r\n                        reviewsModalBody.appendChild(reviewContainer);\r\n                    });\r\n                }\r\n                // Show the reviews modal\r\n                $('#reviewsModal').modal('show');\r\n            })\r\n            .catch(error => console.error('An error occurred:', error));\r\n    } else {\r\n        console.error('Invalid restaurant object: Missing restaurantId property');\r\n    }\r\n}\r\n\r\n\r\nasync function addReview(email, reviewText, rating) {\r\n    try {\r\n        const restaurantId = await getSelectedRestaurantId(); // Add 'await' here\r\n\r\n        console.log('Posting the following data:');\r\n        console.log('Email:', email);\r\n        console.log('Review Text:', reviewText);\r\n        console.log('Rating:', rating);\r\n        console.log('Restaurant ID:', restaurantId);\r\n\r\n        const response = await fetch('/addReview', {\r\n            method: 'POST',\r\n            headers: {\r\n                'Content-Type': 'application/json'\r\n            },\r\n            body: JSON.stringify({\r\n                email,\r\n                reviewText,\r\n                rating,\r\n                restaurantId,\r\n            }),\r\n        });\r\n\r\n        console.log('Server Response:', response);\r\n        /* istanbul ignore next */\r\n        if (response.ok) {\r\n            showReviews({ restaurantId });\r\n\r\n            // Review successfully added, reload the reviews for the selected restaurant\r\n            $('#addReviewModal').modal('hide'); // Close the modal\r\n        } else {\r\n            // Handle errors\r\n            console.error('Failed to add review:', response.statusText);\r\n        }\r\n    } catch (error) {\r\n        console.error('An error occurred:', error);
[...]
1},"end":{"line":75,"column":96}},"line":75},"9":{"name":"viewAllReviews","decl":{"start":{"line":88,"column":15},"end":{"line":88,"column":29}},"loc":{"start":{"line":88,"column":40},"end":{"line":103,"column":1}},"line":88},"10":{"name":"addReview","decl":{"start":{"line":105,"column":15},"end":{"line":105,"column":24}},"loc":{"start":{"line":105,"column":35},"end":{"line":151,"column":1}},"line":105},"11":{"name":"(anonymous_11)","decl":{"start":{"line":119,"column":41},"end":{"line":119,"column":42}},"loc":{"start":{"line":119,"column":49},"end":{"line":119,"column":69}},"line":119},"12":{"name":"(anonymous_12)","decl":{"start":{"line":129,"column":61},"end":{"line":129,"column":62}},"loc":{"start":{"line":129,"column":79},"end":{"line":129,"column":115}},"line":129},"13":{"name":"checkIfRestaurantExists","decl":{"start":{"line":154,"column":15},"end":{"line":154,"column":38}},"loc":{"start":{"line":154,"column":53},"end":{"line":162,"column":1}},"line":154},"14":{"name":"(anonymous_14)","decl":{"start":{"line":157,"column":35},"end":{"line":157,"column":36}},"loc":{"start":{"line":157,"column":49},"end":{"line":157,"column":89}},"line":157},"15":{"name":"updateReview","decl":{"start":{"line":164,"column":15},"end":{"line":164,"column":27}},"loc":{"start":{"line":164,"column":38},"end":{"line":206,"column":1}},"line":164},"16":{"name":"(anonymous_16)","decl":{"start":{"line":182,"column":12},"end":{"line":182,"column":13}},"loc":{"start":{"line":182,"column":21},"end":{"line":182,"column":73}},"line":182},"17":{"name":"deleteReview","decl":{"start":{"line":209,"column":15},"end":{"line":209,"column":27}},"loc":{"start":{"line":209,"column":38},"end":{"line":262,"column":1}},"line":209},"18":{"name":"(anonymous_18)","decl":{"start":{"line":225,"column":41},"end":{"line":225,"column":42}},"loc":{"start":{"line":225,"column":49},"end":{"line":225,"column":69}},"line":225},"19":{"name":"(anonymous_19)","decl":{"start":{"line":232,"column":16},"end":{"line":232,"column":17}},"loc":{"start":{"line":232,"column":25},"end":{"line":232,"column":77}},"line":232}},"branchMap":{"0":{"loc":{"start":{"line":20,"column":8},"end":{"line":30,"column":9}},"type":"if","locations":[{"start":{"line":20,"column":8},"end":{"line":30,"column":9}},{"start":{"line":20,"column":8},"end":{"line":30,"column":9}}],"line":20},"1":{"loc":{"start":{"line":27,"column":12},"end":{"line":29,"column":13}},"type":"if","locations":[{"start":{"line":27,"column":12},"end":{"line":29,"column":13}},{"start":{"line":27,"column":12},"end":{"line":29,"column":13}}],"line":27},"2":{"loc":{"start":{"line":45,"column":8},"end":{"line":47,"column":9}},"type":"if","locations":[{"start":{"line":45,"column":8},"end":{"line":47,"column":9}},{"start":{"line":45,"column":8},"end":{"line":47,"column":9}}],"line":45},"3":{"loc":{"start":{"line":52,"column":8},"end":{"line":56,"column":9}},"type":"if","locations":[{"start":{"line":52,"column":8},"end":{"line":56,"column":9}},{"start":{"line":52,"column":8},"end":{"line":56,"column":9}}],"line":52},"4":{"loc":{"start":{"line":70,"column":8},"end":{"line":72,"column":9}},"type":"if","locations":[{"start":{"line":70,"column":8},"end":{"line":72,"column":9}},{"start":{"line":70,"column":8},"end":{"line":72,"column":9}}],"line":70},"5":{"loc":{"start":{"line":77,"column":8},"end":{"line":81,"column":9}},"type":"if","locations":[{"start":{"line":77,"column":8},"end":{"line":81,"column":9}},{"start":{"line":77,"column":8},"end":{"line":81,"column":9}}],"line":77},"6":{"loc":{"start":{"line":94,"column":8},"end":{"line":98,"column":9}},"type":"if","locations":[{"start":{"line":94,"column":8},"end":{"line":98,"column":9}},{"start":{"line":94,"column":8},"end":{"line":98,"column":9}}],"line":94},"7":{"loc":{"start":{"line":114,"column":8},"end":{"line":116,"column":9}},"type":"if","locations":[{"start":{"line":114,"column":8},"end":{"line":116,"column":9}},{"start":{"line":114,"column":8},"end":{"line":116,"column":9}}],"line":114},"8":{"loc":{"start":{"line":114,"column":12},"end":{"line":114,"column":149}},"type":"binary-expr","locations":[{"start":{"line":114,"column":12},"end":{"line":114,"column":18}},{"start":{"line":114,"column":22},"end":{"line":114,"column":45}},{"start":{"line":114,"column":49},"end":{"line":114,"column":62}},{"start":{"line":114,"column":66},"end":{"line":114,"column":76}},{"start":{"line":114,"column":80},"end":{"line":114,"column":90}},{"start":{"line":114,"column":94},"end":{"line":114,"column":105}},{"start":{"line":114,"column":109},"end":{"line":114,"column":132}},{"start":{"line":114,"column":136},"end":{"line":114,"column":149}}],"line":114},"9":{"loc":{"start":{"line":123,"column":8},"end":{"line":146,"column":9}},"type":"if","locations":[{"start":{"line":123,"column":8},"end":{"line":146,"column":9}},{"start":{"line":123,"column":8},"end":{"line":146,"column":9}}],"line":123},"10":{"loc":{"start":{"line":123,"column":12},"end":{"line":123,"column":42}},"type":"binary-expr","locations":[{"start":{"line":123,"column":12},"end":{"line":123,"column":22}},{"start":{"line":123,"column":26},"end":{"line":123,"column":42}}],"line":123},"11":{"loc":{"start":{"line":131,"column":12},"end":{"line":143,"column":13}},"type":"if","locations":[{"start":{"line":131,"column":12},"end":{"line":143,"column":13}},{"start":{"line":131,"column":12},"end":{"line":143,"column":13}}],"line":131},"12":{"loc":{"start":{"line":172,"column":8},"end":{"line":175,"column":9}},"type":"if","locations":[{"start":{"line":172,"column":8},"end":{"line":175,"column":9}},{"start":{"line":172,"column":8},"end":{"line":175,"column":9}}],"line":172},"13":{"loc":{"start":{"line":172,"column":12},"end":{"line":172,"column":130}},"type":"binary-expr","locations":[{"start":{"line":172,"column":12},"end":{"line":172,"column":18}},{"start":{"line":172,"column":22},"end":{"line":172,"column":31}},{"start":{"line":172,"column":35},"end":{"line":172,"column":58}},{"start":{"line":172,"column":62},"end":{"line":172,"column":75}},{"start":{"line":172,"column":79},"end":{"line":172,"column":89}},{"start":{"line":172,"column":93},"end":{"line":172,"column":103}},{"start":{"line":172,"column":107},"end":{"line":172,"column":130}}],"line":172},"14":{"loc":{"start":{"line":182,"column":21},"end":{"line":182,"column":73}},"type":"binary-expr","locations":[{"start":{"line":182,"column":21},"end":{"line":182,"column":42}},{"start":{"line":182,"column":46},"end":{"line":182,"column":73}}],"line":182},"15":{"loc":{"start":{"line":188,"column":8},"end":{"line":201,"column":9}},"type":"if","locations":[{"start":{"line":188,"column":8},"end":{"line":201,"column":9}},{"start":{"line":188,"column":8},"end":{"line":201,"column":9}}],"line":188},"16":{"loc":{"start":{"line":217,"column":8},"end":{"line":220,"column":9}},"type":"if","locations":[{"start":{"line":217,"column":8},"end":{"line":220,"column":9}},{"start":{"line":217,"column":8},"end":{"line":220,"column":9}}],"line":217},"17":{"loc":{"start":{"line":217,"column":12},"end":{"line":217,"column":58}},"type":"binary-expr","locations":[{"start":{"line":217,"column":12},"end":{"line":217,"column":18}},{"start":{"line":217,"column":22},"end":{"line":217,"column":45}},{"start":{"line":217,"column":49},"end":{"line":217,"column":58}}],"line":217},"18":{"loc":{"start":{"line":227,"column":8},"end":{"line":257,"column":9}},"type":"if","locations":[{"start":{"line":227,"column":8},"end":{"line":257,"column":9}},{"start":{"line":227,"column":8},"end":{"line":257,"column":9}}],"line":227},"19":{"loc":{"start":{"line":232,"column":25},"end":{"line":232,"column":77}},"type":"binary-expr","locations":[{"start":{"line":232,"column":25},"end":{"line":232,"column":46}},{"start":{"line":232,"column":50},"end":{"line":232,"column":77}}],"line":232},"20":{"loc":{"start":{"line":236,"column":12},"end":{"line":253,"column":13}},"type":"if","locations":[{"start":{"line":236,"column":12},"end":{"line":253,"column":13}},{"start":{"line":236,"column":12},"end":{"line":253,"column":13}}],"line":236}},"s":{"0":0,"1":0,"2":0,"3":0,"4":0,"5":0,"6":0,"7":0,"8":0,"9":0,"10":0,"11":0,"12":0,"13":0,"14":0,"15":0,"16":0,"17":0,"18":0,"19":0,"20":0,"21":0,"22":0,"23":0,"24":0,"25":0,"26":0,"27":0,"28":0,"29":0,"30":0,"31":0,"32":0,"33":0,"34":0,"35":0,"36":0,"37":0,"38":0,"39":0,"40":0,"41":0,"42":0,"43":0,"44":0,"45":0,"46":0,"47":0,"48":0,"49":0,"50":0,"51":0,"52":0,"53":0,"54":0,"55":0,"56":0,"57":0,"58":0,"59":0,"60":0,"61":0,"62":0,"63":0,"64":0,"65":0,"66":0,"67":0,"68":0,"69":0,"70":0,"71":0,"72":0,"73":0,"74":0,"75":0,"76":0,"77":0,"78":0,"79":0,"80":0,"81":0,"82":0,"83":0,"84":0,"85":0,"86":0,"87":0,"88":0,"89":0,"90":0,"91":0,"92":0,"93":0,"94":0,"95":0,"96":0,"97":0,"98":0,"99":0,"100":0,"101":0,"102":0,"103":0,"104":0,"105":0,"106":0,"107":0,"108":0,"109":0,"110":0,"111":0,"112":0,"113":0,"114":0,"115":0,"116":0,"117":0,"118":0,"119":0,"120":0,"121":0,"122":0,"123":0,"124":0,"125":0,"126":0,"127":0,"128":0,"129":0,"130":0,"131":0,"132":0,"133":0},"f":{"0":0,"1":0,"2":0,"3":0,"4":0,"5":0,"6":0,"7":0,"8":0,"9":0,"10":0,"11":0,"12":0,"13":0,"14":0,"15":0,"16":0,"17":0,"18":0,"19":0},"b":{"0":[0,0],"1":[0,0],"2":[0,0],"3":[0,0],"4":[0,0],"5":[0,0],"6":[0,0],"7":[0,0],"8":[0,0,0,0,0,0,0,0],"9":[0,0],"10":[0,0],"11":[0,0],"12":[0,0],"13":[0,0,0,0,0,0,0],"14":[0,0],"15":[0,0],"16":[0,0],"17":[0,0,0],"18":[0,0],"19":[0,0],"20":[0,0]},"all":true},"C:\\Users\\Derrick\\Documents\\DVOPS_Projects\\test 3\\Group4-Project\\utils\\UserUtil.js":{"path":"C:\\Users\\Derrick\\Documents\\DVOPS_Projects\\test 3\\Group4-Project\\utils\\UserUtil.js","statementMap":{"0":{"start":{"line":1,"column":17},"end":{"line":1,"column":42}},"1":{"start":{"line":2,"column":11},"end":{"line":2,"column":33}},"2":{"start":{"line":3,"column":15},"end":{"line":3,"column":32}},"3":{"start":{"line":4,"column":19},"end":{"line":4,"column":21}},"4":{"start":{"line":7,"column":4},"end":{"line":10,"column":52}},"5":{"start":{"line":8,"column":21},"end":{"line":8,"column":56}},"6":{"start":{"line":9,"column":8},"end":{"line":9,"column":32}},"7":{"start":{"line":10,"column":20},"end":{"line":10,"column":39}},"8":{"start":{"line":10,"column":40},"end":{"line":10,"column":50}},"9":{"start":{"line":14,"column":4},"end":{"line":19,"column":52}},"10":{"start":{"line":15,"column":27},"end":{"line":15,"column":51}},"11":{"start":{"line":16,"column":8},"end":{"line":16,"column":32}},"12":{"start":{"line":17,"column":8},"end":{"line":17,"column":73}},"13":{"start":{"line":18,"column":8},"end":{"line":18,"column":26}},"14":{"start":{"line":19,"column":20},"end":{"line":19,"column":39}},"15":{"start":{"line":19,"column":40},"end":{"line":19,"column":50}},"16":{"start":{"line":23,"column":4},"end":{"line":43,"column":5}},"17":{"start":{"line":24,"column":27},"end":{"line":24,"column":51}},"18":{"start":{"line":27,"column":30},"end":{"line":27,"column":114}},"19":{"start":{"line":27,"column":69},"end":{"line":27,"column":113}},"20":{"start":{"line":29,"column":8},"end":{"line":35,"column":9}},"21":{"start":{"line":31,"column":12},"end":{"line":31,"column":85}},"22":{"start":{"line":33,"column":12},"end":{"line":33,"column":44}},"23":{"start":{"line":34,"column":12},"end":{"line":34,"column":46}},"24":{"start":{"line":38,"column":8},"end":{"line":38,"column":73}},"25":{"start":{"line":39,"column":8},"end":{"line":39,"column":26}},"26":{"start":{"line":41,"column":8},"end":{"line":41,"column":27}},"27":{"start":{"line":42,"column":8},"end":{"line":42,"column":18}},"28":{"start":{"line":49,"column":4},"end":{"line":82,"column":5}},"29":{"start":{"line":50,"column":22},"end":{"line":50,"column":36}},"30":{"start":{"line":51,"column":25},"end":{"line":51,"column":42}},"31":{"start":{"line":52,"column":8},"end":{"line":54,"column":9}},"32":{"start":{"line":53,"column":12},"end":{"line":53,"column":73}},"33":{"start":{"line":56,"column":30},"end":{"line":56,"column":64}},"34":{"start":{"line":59,"column":27},"end":{"line":59,"column":75}},"35":{"start":{"line":59,"column":54},"end":{"line":59,"column":74}},"36":{"start":{"line":60,"column":8},"end":{"line":63,"column":9}},"37":{"start":{"line":62,"column":12},"end":{"line":62,"column":77}},"38":{"start":{"line":65,"column":31},"end":{"line":65,"column":70}},"39":{"start":{"line":68,"column":24},"end":{"line":68,"column":55}},"40":{"start":{"line":71,"column":29},"end":{"line":71,"column":73}},"41":{"start":{"line":76,"column":8},"end":{"line":76,"column":50}},"42":{"start":{"line":81,"column":8},"end":{"line":81,"column":64}},"43":{"start":{"line":86,"column":4},"end":{"line":114,"column":5}},"44":{"start":{"line":88,"column":26},"end":{"line":88,"column":40}},"45":{"start":{"line":89,"column":29},"end":{"line":89,"column":46}},"46":{"start":{"line":92,"column":25},"end":{"line":92,"column":59}},"47":{"start":{"line":93,"column":31},"end":{"line":93,"column":36}},"48":{"start":{"line":96,"column":8},"end":{"line":104,"column":9}},"49":{"start":{"line":96,"column":21},"end":{"line":96,"column":22}},"50":{"start":{"line":97,"column":32},"end":{"line":97,"column":43}},"51":{"start":{"line":100,"column":12},"end":{"line":103,"column":13}},"52":{"start":{"line":101,"column":16},"end":{"line":101,"column":40}},"53":{"start":{"line":102,"column":16},"end":{"line":102,"column":22}},"54":{"start":{"line":107,"column":8},"end":{"line":111,"column":9}},"55":{"start":{"line":108,"column":12},"end":{"line":108,"column":74}},"56":{"start":{"line":110,"column":12},"end":{"line":110,"column":77}},"57":{"start":{"line":113,"column":8},"end":{"line":113,"column":64}},"58":{"start":{"line":117,"column":4},"end":{"line":147,"column":5}},"59":{"start":{"line":119,"column":29},"end":{"line":119,"column":50}},"60":{"start":{"line":120,"column":25},"end":{"line":120,"column":42}},"61":{"start":{"line":123,"column":27},"end":{"line":123,"column":55}},"62":{"start":{"line":124,"column":8},"end":{"line":126,"column":9}},"63":{"start":{"line":125,"column":12},"end":{"line":125,"column":109}},"64":{"start":{"line":129,"column":25},"end":{"line":129,"column":59}},"65":{"start":{"line":132,"column":29},"end":{"line":132,"column":79}},"66":{"start":{"line":132,"column":51},"end":{"line":132,"column":78}},"67":{"start":{"line":135,"column":8},"end":{"line":143,"column":9}},"68":{"start":{"line":137,"column":12},"end":{"line":137,"column":78}},"69":{"start":{"line":139,"column":12},"end":{"line":139,"column":76}},"70":{"start":{"line":141,"column":12},"end":{"line":141,"column":44}},"71":{"start":{"line":142,"column":12},"end":{"line":142,"column":64}},"72":{"start":{"line":145,"column":8},"end":{"line":145,"column":51}},"73":{"start":{"line":146,"column":8},"end":{"line":146,"column":67}},"74":{"start":{"line":151,"column":0},"end":{"line":153,"column":2}}},"fnMap":{"0":{"name":"readJSON","decl":{"start":{"line":6,"column":15},"end":{"line":6,"column":23}},"loc":{"start":{"line":6,"column":34},"end":{"line":11,"column":1}},"line":6},"1":{"name":"writeJSON","decl":{"start":{"line":13,"column":15},"end":{"line":13,"column":24}},"loc":{"start":{"line":13,"column":43},"end":{"line":20,"column":1}},"line":13},"2":{"name":"writeUpdate","decl":{"start":{"line":22,"column":15},"end":{"line":22,"column":26}},"loc":{"start":{"line":22,"column":45},"end":{"line":44,"column":1}},"line":22},"3":{"name":"(anonymous_3)","decl":{"start":{"line":27,"column":51},"end":{"line":27,"column":52}},"loc":{"start":{"line":27,"column":69},"end":{"line":27,"column":113}},"line":27},"4":{"name":"register","decl":{"start":{"line":48,"column":15},"end":{"line":48,"column":23}},"loc":{"start":{"line":48,"column":34},"end":{"line":83,"column":1}},"line":48},"5":{"name":"(anonymous_5)","decl":{"start":{"line":59,"column":46},"end":{"line":59,"column":47}},"loc":{"start":{"line":59,"column":54},"end":{"line":59,"column":74}},"line":59},"6":{"name":"login","decl":{"start":{"line":84,"column":15},"end":{"line":84,"column":20}},"loc":{"start":{"line":84,"column":31},"end":{"line":115,"column":1}},"line":84},"7":{"name":"updateEmail","decl":{"start":{"line":116,"column":15},"end":{"line":116,"column":26}},"loc":{"start":{"line":116,"column":37},"end":{"line":148,"column":1}},"line":116},"8":{"name":"(anonymous_8)","decl":{"start":{"line":132,"column":43},"end":{"line":132,"column":44}},"loc":{"start":{"line":132,"column":51},"end":{"line":132,"column":78}},"line":132}},"branchMap":{"0":{"loc":{"start":{"line":29,"column":8},"end":{"line":35,"column":9}},"type":"if","locations":[{"start":{"line":29,"column":8},"end":{"line":35,"column":9}},{"start":{"line":29,"column":8},"end":{"line":35,"column":9}}],"line":29},"1":{"loc":{"start":{"line":31,"column":46},"end":{"line":31,"column":84}},"type":"binary-expr","locations":[{"start":{"line":31,"column":46},"end":{"line":31,"column":61}},{"start":{"line":31,"column":65},"end":{"line":31,"column":84}}],"line":31},"2":{"loc":{"start":{"line":52,"column":8},"end":{"line":54,"column":9}},"type":"if","locations":[{"start":{"line":52,"column":8},"end":{"line":54,"column":9}},{"start":{"line":52,"column":8},"end":{"line":54,"column":9}}],"line":52},"3":{"loc":{"start":{"line":52,"column":12},"end":{"line":52,"column":79}},"type":"binary-expr","locations":[{"start":{"line":52,"column":12},"end":{"line":52,"column":32}},{"start":{"line":52,"column":36},"end":{"line":52,"column":56}},{"start":{"line":52,"column":60},"end":{"line":52,"column":79}}],"line":52},"4":{"loc":{"start":{"line":60,"column":8},"end":{"line":63,"column":9}},"type":"if","locations":[{"start":{"line":60,"column":8},"end":{"line":63,"column":9}},{"start":{"line":60,"column":8},"end":{"line":63,"column":9}}],"line":60},"5":{"loc":{"start":{"line":100,"column":12},"end":{"line":103,"column":13}},"type":"if","locations":[{"start":{"line":100,"column":12},"end":{"line":103,"column":13}},{"start":{"line":100,"column":12},"end":{"line":103,"column":13}}],"line":100},"6":{"loc":{"start":{"line":100,"column":16},"end":{"line":100,"column":88}},"type":"binary-expr","locations":[{"start":{"line":100,"column":16},"end":{"line":100,"column":47}},{"start":{"line":100,"column":51},"end":{"line":100,"column":88}}],"line":100},"7":{"loc":{"start":{"line":107,"column":8},"end":{"line":111,"column":9}},"type":"if","locations":[{"start":{"line":107,"column":8},"end":{"line":111,"column":9}},{"start":{"line":107,"column":8},"end":{"line":111,"column":9}}],"line":107},"8":{"loc":{"start":{"line":124,"column":8},"end":{"line":126,"column":9}},"type":"if","locations":[{"start":{"line":124,"column":8},"end":{"line":126,"column":9}},{"start":{"line":124,"column":8},"end":{"line":126,"column":9}}],"line":124},"9":{"loc":{"start":{"line":124,"column":12},"end":{"line":124,"column":102}},"type":"binary-expr","locations":[{"start":{"line":124,"column":12},"end":{"line":124,"column":25}},{"start":{"line":124,"column":29},"end":{"line":124,"column":38}},{"start":{"line":124,"column":42},"end":{"line":124,"column":72}},{"start":{"line":124,"column":76},"end":{"line":124,"column":102}}],"line":124},"10":{"loc":{"start":{"line":135,"column":8},"end":{"line":143,"column":9}},"type":"if","locations":[{"start":{"line":135,"column":8},"end":{"line":143,"column":9}},{"start":{"line":135,"column":8},"end":{"line":143,"column":9}}],"line":135}},"s":{"0":0,"1":0,"2":0,"3":0,"4":0,"5":0,"6":0,"7":0,"8":0,"9":0,"10":0,"11":0,"12":0,"13":0,"14":0,"15":0,"16":0,"17":0,"18":0,"19":0,"20":0,"21":0,"22":0,"23":0,"24":0,"25":0,"26":0,"27":0,"28":0,"29":0,"30":0,"31":0,"32":0,"33":0,"34":0,"35":0,"36":0,"37":0,"38":0,"39":0,"40":0,"41":0,"42":0,"43":0,"44":0,"45":0,"46":0,"47":0,"48":0,"49":0,"50":0,"51":0,"52":0,"53":0,"54":0,"55":0,"56":0,"57":0,"58":0,"59":0,"60":0,"61":0,"62":0,"63":0,"64":0,"65":0,"66":0,"67":0,"68":0,"69":0,"70":0,"71":0,"72":0,"73":0,"74":0},"f":{"0":0,"1":0,"2":0,"3":0,"4":0,"5":0,"6":0,"7":0,"8":0},"b":{"0":[0,0],"1":[0,0],"2":[0,0],"3":[0,0,0],"4":[0,0],"5":[0,0],"6":[0,0],"7":[0,0],"8":[0,0],"9":[0,0,0,0],"10":[0,0]},"all":true}}