{"E:\\vs studio code\\devops\\test\\Group4-Project\\public\\instrumented\\js\\common.js":{"path":"E:\\vs studio code\\devops\\test\\Group4-Project\\public\\instrumented\\js\\common.js","statementMap":{"0":{"start":{"line":1,"column":34},"end":{"line":1,"column":107}},"1":{"start":{"line":1,"column":117},"end":{"line":1,"column":159}},"2":{"start":{"line":1,"column":171},"end":{"line":1,"column":200}},"3":{"start":{"line":1,"column":209},"end":{"line":1,"column":223}},"4":{"start":{"line":1,"column":241},"end":{"line":1,"column":3269}},"5":{"start":{"line":1,"column":3283},"end":{"line":1,"column":3312}},"6":{"start":{"line":1,"column":3313},"end":{"line":1,"column":3390}},"7":{"start":{"line":1,"column":3361},"end":{"line":1,"column":3389}},"8":{"start":{"line":1,"column":3409},"end":{"line":1,"column":3423}},"9":{"start":{"line":2,"column":0},"end":{"line":2,"column":49}},"10":{"start":{"line":2,"column":25},"end":{"line":2,"column":47}},"11":{"start":{"line":2,"column":50},"end":{"line":2,"column":72}},"12":{"start":{"line":2,"column":73},"end":{"line":2,"column":89}},"13":{"start":{"line":2,"column":122},"end":{"line":2,"column":145}},"14":{"start":{"line":2,"column":145},"end":{"line":2,"column":168}},"15":{"start":{"line":2,"column":168},"end":{"line":2,"column":453}},"16":{"start":{"line":2,"column":188},"end":{"line":2,"column":241}},"17":{"start":{"line":2,"column":262},"end":{"line":2,"column":306}},"18":{"start":{"line":2,"column":308},"end":{"line":2,"column":331}},"19":{"start":{"line":2,"column":331},"end":{"line":2,"column":373}},"20":{"start":{"line":2,"column":387},"end":{"line":2,"column":410}},"21":{"start":{"line":2,"column":410},"end":{"line":2,"column":452}},"22":{"start":{"line":2,"column":484},"end":{"line":2,"column":507}},"23":{"start":{"line":2,"column":507},"end":{"line":2,"column":530}},"24":{"start":{"line":2,"column":530},"end":{"line":11,"column":188}},"25":{"start":{"line":2,"column":547},"end":{"line":2,"column":608}},"26":{"start":{"line":2,"column":626},"end":{"line":2,"column":690}},"27":{"start":{"line":2,"column":715},"end":{"line":2,"column":787}},"28":{"start":{"line":3,"column":0},"end":{"line":3,"column":23}},"29":{"start":{"line":3,"column":23},"end":{"line":3,"column":77}},"30":{"start":{"line":4,"column":0},"end":{"line":4,"column":24}},"31":{"start":{"line":4,"column":24},"end":{"line":5,"column":33}},"32":{"start":{"line":4,"column":174},"end":{"line":4,"column":200}},"33":{"start":{"line":4,"column":200},"end":{"line":4,"column":224}},"34":{"start":{"line":4,"column":224},"end":{"line":4,"column":326}},"35":{"start":{"line":4,"column":326},"end":{"line":4,"column":350}},"36":{"start":{"line":4,"column":350},"end":{"line":4,"column":357}},"37":{"start":{"line":5,"column":6},"end":{"line":5,"column":32}},"38":{"start":{"line":6,"column":0},"end":{"line":6,"column":24}},"39":{"start":{"line":6,"column":24},"end":{"line":7,"column":33}},"40":{"start":{"line":6,"column":55},"end":{"line":6,"column":81}},"41":{"start":{"line":6,"column":81},"end":{"line":6,"column":105}},"42":{"start":{"line":6,"column":105},"end":{"line":6,"column":195}},"43":{"start":{"line":6,"column":195},"end":{"line":6,"column":219}},"44":{"start":{"line":6,"column":219},"end":{"line":6,"column":226}},"45":{"start":{"line":7,"column":6},"end":{"line":7,"column":32}},"46":{"start":{"line":8,"column":16},"end":{"line":8,"column":162}},"47":{"start":{"line":9,"column":0},"end":{"line":9,"column":24}},"48":{"start":{"line":9,"column":24},"end":{"line":11,"column":94}},"49":{"start":{"line":9,"column":40},"end":{"line":9,"column":66}},"50":{"start":{"line":9,"column":86},"end":{"line":9,"column":131}},"51":{"start":{"line":9,"column":133},"end":{"line":9,"column":157}},"52":{"start":{"line":9,"column":157},"end":{"line":9,"column":225}},"53":{"start":{"line":10,"column":0},"end":{"line":10,"column":24}},"54":{"start":{"line":10,"column":24},"end":{"line":10,"column":57}},"55":{"start":{"line":10,"column":57},"end":{"line":10,"column":81}},"56":{"start":{"line":10,"column":81},"end":{"line":10,"column":111}},"57":{"start":{"line":10,"column":117},"end":{"line":10,"column":143}},"58":{"start":{"line":10,"column":160},"end":{"line":10,"column":205}},"59":{"start":{"line":10,"column":207},"end":{"line":10,"column":231}},"60":{"start":{"line":10,"column":231},"end":{"line":10,"column":286}},"61":{"start":{"line":11,"column":0},"end":{"line":11,"column":24}},"62":{"start":{"line":11,"column":24},"end":{"line":11,"column":93}},"63":{"start":{"line":11,"column":108},"end":{"line":11,"column":132}},"64":{"start":{"line":11,"column":132},"end":{"line":11,"column":187}}},"fnMap":{"0":{"name":"cov_8nlq7rvo8","decl":{"start":{"line":1,"column":9},"end":{"line":1,"column":22}},"loc":{"start":{"line":1,"column":24},"end":{"line":2,"column":73}},"line":1},"1":{"name":"(anonymous_1)","decl":{"start":{"line":2,"column":14},"end":{"line":2,"column":15}},"loc":{"start":{"line":2,"column":24},"end":{"line":2,"column":48}},"line":2},"2":{"name":"loadRestaurants","decl":{"start":{"line":2,"column":104},"end":{"line":2,"column":119}},"loc":{"start":{"line":2,"column":121},"end":{"line":2,"column":454}},"line":2},"3":{"name":"registerUser","decl":{"start":{"line":2,"column":469},"end":{"line":2,"column":481}},"loc":{"start":{"line":2,"column":483},"end":{"line":11,"column":189}},"line":2}},"branchMap":{"0":{"loc":{"start":{"line":1,"column":3283},"end":{"line":1,"column":3312}},"type":"binary-expr","locations":[{"start":{"line":1,"column":3283},"end":{"line":1,"column":3294}},{"start":{"line":1,"column":3297},"end":{"line":1,"column":3311}}],"line":1},"1":{"loc":{"start":{"line":1,"column":3313},"end":{"line":1,"column":3390}},"type":"if","locations":[{"start":{"line":1,"column":3313},"end":{"line":1,"column":3390}},{"start":{"line":1,"column":3313},"end":{"line":1,"column":3390}}],"line":1},"2":{"loc":{"start":{"line":1,"column":3316},"end":{"line":1,"column":3359}},"type":"binary-expr","locations":[{"start":{"line":1,"column":3316},"end":{"line":1,"column":3331}},{"start":{"line":1,"column":3333},"end":{"line":1,"column":3359}}],"line":1},"3":{"loc":{"start":{"line":4,"column":24},"end":{"line":5,"column":33}},"type":"if","locations":[{"start":{"line":4,"column":24},"end":{"line":5,"column":33}},{"start":{"line":4,"column":24},"end":{"line":5,"column":33}}],"line":4},"4":{"loc":{"start":{"line":4,"column":27},"end":{"line":4,"column":172}},"type":"binary-expr","locations":[{"start":{"line":4,"column":28},"end":{"line":4,"column":74}},{"start":{"line":4,"column":78},"end":{"line":4,"column":124}},{"start":{"line":4,"column":128},"end":{"line":4,"column":171}}],"line":4},"5":{"loc":{"start":{"line":6,"column":24},"end":{"line":7,"column":33}},"type":"if","locations":[{"start":{"line":6,"column":24},"end":{"line":7,"column":33}},{"start":{"line":6,"column":24},"end":{"line":7,"column":33}}],"line":6},"6":{"loc":{"start":{"line":9,"column":24},"end":{"line":11,"column":94}},"type":"if","locations":[{"start":{"line":9,"column":24},"end":{"line":11,"column":94}},{"start":{"line":9,"column":24},"end":{"line":11,"column":94}}],"line":9}},"s":{"0":0,"1":0,"2":0,"3":0,"4":0,"5":0,"6":0,"7":0,"8":0,"9":0,"10":0,"11":0,"12":0,"13":0,"14":0,"15":0,"16":0,"17":0,"18":0,"19":0,"20":0,"21":0,"22":0,"23":0,"24":0,"25":0,"26":0,"27":0,"28":0,"29":0,"30":0,"31":0,"32":0,"33":0,"34":0,"35":0,"36":0,"37":0,"38":0,"39":0,"40":0,"41":0,"42":0,"43":0,"44":0,"45":0,"46":0,"47":0,"48":0,"49":0,"50":0,"51":0,"52":0,"53":0,"54":0,"55":0,"56":0,"57":0,"58":0,"59":0,"60":0,"61":0,"62":0,"63":0,"64":0},"f":{"0":0,"1":0,"2":0,"3":0},"b":{"0":[0,0],"1":[0,0],"2":[0,0],"3":[0,0],"4":[0,0,0],"5":[0,0],"6":[0,0]},"inputSourceMap":{"version":3,"names":["cov_8nlq7rvo8","actualCoverage","loadRestaurants","f","s","response","fetch","restaurants","json","appendRestaurantsToContainer","error","console","registerUser","email","document","getElementById","value","password","confirmPassword","innerText","b","includes","length","method","headers","body","JSON","stringify","ok","updatedUsers","log","$","modal","errorData","message"],"sources":["common.js"],"sourcesContent":["\r\nasync function loadRestaurants() {\r\n    try {\r\n        const response = await fetch('/viewRestaurant');\r\n        const restaurants = await response.json();\r\n        appendRestaurantsToContainer(restaurants);\r\n    } catch (error) {\r\n        console.error('An error occurred:', error);\r\n    }\r\n}\r\nasync function registerUser() {\r\n    try {\r\n        const email = document.getElementById('Email').value;\r\n        const password = document.getElementById('password').value;\r\n        const confirmPassword = document.getElementById('confirm-password').value;\r\n\r\n        // Clear previous error messages\r\n        document.getElementById('registerError').innerText = '';\r\n\r\n        // Client-side validation\r\n        if (!email.includes('@') || !email.includes('.') || password.length < 6) {\r\n            document.getElementById('registerError').innerText = 'Invalid email or password (minimum 6 characters)';\r\n            return; // Do not proceed if validation fails\r\n        }\r\n\r\n        // Additional check for password confirmation\r\n        if (password !== confirmPassword) {\r\n            document.getElementById('registerError').innerText = 'Password confirmation does not match';\r\n            return; // Do not proceed if confirmation fails\r\n        }\r\n\r\n        // Send a request to your server to handle the registration\r\n        const response = await fetch('/register', {\r\n            method: 'POST',\r\n            headers: {\r\n                'Content-Type': 'application/json',\r\n            },\r\n            body: JSON.stringify({ email, password }),\r\n        });\r\n\r\n        // Check the response status and handle accordingly\r\n        if (response.ok) {\r\n            const updatedUsers = await response.json();\r\n            console.log('Registration successful. Updated Users:', updatedUsers);\r\n\r\n            // Close the registration modal and open the login modal\r\n            $('#registerForm').modal('hide');\r\n            $('#loginForm').modal('show');\r\n        } else {\r\n            const errorData = await response.json();\r\n            console.error('Registration error:', errorData.message);\r\n\r\n            // Display the server-side error message\r\n            document.getElementById('registerError').innerText = errorData.message;\r\n        }\r\n    } catch (error) {\r\n        console.error('Error in registerUser function:', error);\r\n    }\r\n}\r\n\r\n"],"mappings":"i2GAeY;AAAAA,aAAA,SAAAA,CAAA,SAAAC,cAAA,WAAAA,cAAA,EAAAD,aAAA,GAdZ,cAAe,CAAAE,eAAeA,CAAA,CAAG,CAAAF,aAAA,GAAAG,CAAA,MAAAH,aAAA,GAAAI,CAAA,MAC7B,GAAI,CACA,KAAM,CAAAC,QAAQ,EAAAL,aAAA,GAAAI,CAAA,MAAG,KAAM,CAAAE,KAAK,CAAC,iBAAiB,CAAC,EAC/C,KAAM,CAAAC,WAAW,EAAAP,aAAA,GAAAI,CAAA,MAAG,KAAM,CAAAC,QAAQ,CAACG,IAAI,CAAC,CAAC,EAACR,aAAA,GAAAI,CAAA,MAC1CK,4BAA4B,CAACF,WAAW,CAAC,CAC7C,CAAE,MAAOG,KAAK,CAAE,CAAAV,aAAA,GAAAI,CAAA,MACZO,OAAO,CAACD,KAAK,CAAC,oBAAoB,CAAEA,KAAK,CAAC,CAC9C,CACJ,CACA,cAAe,CAAAE,YAAYA,CAAA,CAAG,CAAAZ,aAAA,GAAAG,CAAA,MAAAH,aAAA,GAAAI,CAAA,MAC1B,GAAI,CACA,KAAM,CAAAS,KAAK,EAAAb,aAAA,GAAAI,CAAA,MAAGU,QAAQ,CAACC,cAAc,CAAC,OAAO,CAAC,CAACC,KAAK,EACpD,KAAM,CAAAC,QAAQ,EAAAjB,aAAA,GAAAI,CAAA,MAAGU,QAAQ,CAACC,cAAc,CAAC,UAAU,CAAC,CAACC,KAAK,EAC1D,KAAM,CAAAE,eAAe,EAAAlB,aAAA,GAAAI,CAAA,MAAGU,QAAQ,CAACC,cAAc,CAAC,kBAAkB,CAAC,CAACC,KAAK,EAEzE;AAAAhB,aAAA,GAAAI,CAAA,MACAU,QAAQ,CAACC,cAAc,CAAC,eAAe,CAAC,CAACI,SAAS,CAAG,EAAE,CAEvD;AAAAnB,aAAA,GAAAI,CAAA,OACA,GAAI,CAAAJ,aAAA,GAAAoB,CAAA,UAACP,KAAK,CAACQ,QAAQ,CAAC,GAAG,CAAC,IAAArB,aAAA,GAAAoB,CAAA,SAAI,CAACP,KAAK,CAACQ,QAAQ,CAAC,GAAG,CAAC,IAAArB,aAAA,GAAAoB,CAAA,SAAIH,QAAQ,CAACK,MAAM,CAAG,CAAC,EAAE,CAAAtB,aAAA,GAAAoB,CAAA,SAAApB,aAAA,GAAAI,CAAA,OACrEU,QAAQ,CAACC,cAAc,CAAC,eAAe,CAAC,CAACI,SAAS,CAAG,kDAAkD,CAACnB,aAAA,GAAAI,CAAA,OACxG,OAAQ;AACZ,CAAC,KAAAJ,aAAA,GAAAoB,CAAA,UAED;AAAApB,aAAA,GAAAI,CAAA,OACA,GAAIa,QAAQ,GAAKC,eAAe,CAAE,CAAAlB,aAAA,GAAAoB,CAAA,SAAApB,aAAA,GAAAI,CAAA,OAC9BU,QAAQ,CAACC,cAAc,CAAC,eAAe,CAAC,CAACI,SAAS,CAAG,sCAAsC,CAACnB,aAAA,GAAAI,CAAA,OAC5F,OAAQ;AACZ,CAAC,KAAAJ,aAAA,GAAAoB,CAAA,UAED;AACA,KAAM,CAAAf,QAAQ,EAAAL,aAAA,GAAAI,CAAA,OAAG,KAAM,CAAAE,KAAK,CAAC,WAAW,CAAE,CACtCiB,MAAM,CAAE,MAAM,CACdC,OAAO,CAAE,CACL,cAAc,CAAE,kBACpB,CAAC,CACDC,IAAI,CAAEC,IAAI,CAACC,SAAS,CAAC,CAAEd,KAAK,CAAEI,QAAS,CAAC,CAC5C,CAAC,CAAC,EAEF;AAAAjB,aAAA,GAAAI,CAAA,OACA,GAAIC,QAAQ,CAACuB,EAAE,CAAE,CAAA5B,aAAA,GAAAoB,CAAA,SACb,KAAM,CAAAS,YAAY,EAAA7B,aAAA,GAAAI,CAAA,OAAG,KAAM,CAAAC,QAAQ,CAACG,IAAI,CAAC,CAAC,EAACR,aAAA,GAAAI,CAAA,OAC3CO,OAAO,CAACmB,GAAG,CAAC,yCAAyC,CAAED,YAAY,CAAC,CAEpE;AAAA7B,aAAA,GAAAI,CAAA,OACA2B,CAAC,CAAC,eAAe,CAAC,CAACC,KAAK,CAAC,MAAM,CAAC,CAAChC,aAAA,GAAAI,CAAA,OACjC2B,CAAC,CAAC,YAAY,CAAC,CAACC,KAAK,CAAC,MAAM,CAAC,CACjC,CAAC,IAAM,CAAAhC,aAAA,GAAAoB,CAAA,SACH,KAAM,CAAAa,SAAS,EAAAjC,aAAA,GAAAI,CAAA,OAAG,KAAM,CAAAC,QAAQ,CAACG,IAAI,CAAC,CAAC,EAACR,aAAA,GAAAI,CAAA,OACxCO,OAAO,CAACD,KAAK,CAAC,qBAAqB,CAAEuB,SAAS,CAACC,OAAO,CAAC,CAEvD;AAAAlC,aAAA,GAAAI,CAAA,OACAU,QAAQ,CAACC,cAAc,CAAC,eAAe,CAAC,CAACI,SAAS,CAAGc,SAAS,CAACC,OAAO,CAC1E,CACJ,CAAE,MAAOxB,KAAK,CAAE,CAAAV,aAAA,GAAAI,CAAA,OACZO,OAAO,CAACD,KAAK,CAAC,iCAAiC,CAAEA,KAAK,CAAC,CAC3D,CACJ"},"all":true},"E:\\vs studio code\\devops\\test\\Group4-Project\\public\\instrumented\\js\\Login.js":{"path":"E:\\vs studio code\\devops\\test\\Group4-Project\\public\\instrumented\\js\\Login.js","statementMap":{"0":{"start":{"line":1,"column":34},"end":{"line":1,"column":106}},"1":{"start":{"line":1,"column":116},"end":{"line":1,"column":158}},"2":{"start":{"line":1,"column":170},"end":{"line":1,"column":199}},"3":{"start":{"line":1,"column":208},"end":{"line":1,"column":222}},"4":{"start":{"line":1,"column":240},"end":{"line":1,"column":5553}},"5":{"start":{"line":1,"column":5567},"end":{"line":1,"column":5596}},"6":{"start":{"line":1,"column":5597},"end":{"line":1,"column":5674}},"7":{"start":{"line":1,"column":5645},"end":{"line":1,"column":5673}},"8":{"start":{"line":1,"column":5693},"end":{"line":1,"column":5707}},"9":{"start":{"line":2,"column":0},"end":{"line":2,"column":49}},"10":{"start":{"line":2,"column":25},"end":{"line":2,"column":47}},"11":{"start":{"line":2,"column":50},"end":{"line":2,"column":72}},"12":{"start":{"line":2,"column":73},"end":{"line":2,"column":89}},"13":{"start":{"line":2,"column":116},"end":{"line":2,"column":139}},"14":{"start":{"line":3,"column":11},"end":{"line":3,"column":77}},"15":{"start":{"line":3,"column":93},"end":{"line":3,"column":162}},"16":{"start":{"line":4,"column":0},"end":{"line":4,"column":23}},"17":{"start":{"line":4,"column":23},"end":{"line":4,"column":294}},"18":{"start":{"line":4,"column":123},"end":{"line":4,"column":149}},"19":{"start":{"line":4,"column":149},"end":{"line":4,"column":172}},"20":{"start":{"line":4,"column":172},"end":{"line":4,"column":231}},"21":{"start":{"line":4,"column":231},"end":{"line":4,"column":254}},"22":{"start":{"line":4,"column":254},"end":{"line":4,"column":261}},"23":{"start":{"line":4,"column":267},"end":{"line":4,"column":293}},"24":{"start":{"line":5,"column":10},"end":{"line":5,"column":64}},"25":{"start":{"line":5,"column":66},"end":{"line":5,"column":89}},"26":{"start":{"line":5,"column":89},"end":{"line":13,"column":188}},"27":{"start":{"line":6,"column":16},"end":{"line":6,"column":146}},"28":{"start":{"line":7,"column":14},"end":{"line":7,"column":58}},"29":{"start":{"line":7,"column":60},"end":{"line":7,"column":83}},"30":{"start":{"line":7,"column":83},"end":{"line":13,"column":23}},"31":{"start":{"line":7,"column":99},"end":{"line":7,"column":125}},"32":{"start":{"line":7,"column":141},"end":{"line":8,"column":1}},"33":{"start":{"line":9,"column":0},"end":{"line":9,"column":24}},"34":{"start":{"line":9,"column":24},"end":{"line":9,"column":78}},"35":{"start":{"line":10,"column":17},"end":{"line":10,"column":75}},"36":{"start":{"line":10,"column":77},"end":{"line":10,"column":101}},"37":{"start":{"line":10,"column":101},"end":{"line":10,"column":246}},"38":{"start":{"line":11,"column":0},"end":{"line":11,"column":24}},"39":{"start":{"line":11,"column":24},"end":{"line":11,"column":54}},"40":{"start":{"line":12,"column":0},"end":{"line":12,"column":24}},"41":{"start":{"line":12,"column":24},"end":{"line":12,"column":40}},"42":{"start":{"line":12,"column":46},"end":{"line":12,"column":72}},"43":{"start":{"line":12,"column":72},"end":{"line":12,"column":96}},"44":{"start":{"line":13,"column":0},"end":{"line":13,"column":22}},"45":{"start":{"line":13,"column":37},"end":{"line":13,"column":61}},"46":{"start":{"line":13,"column":61},"end":{"line":13,"column":104}},"47":{"start":{"line":13,"column":104},"end":{"line":13,"column":128}},"48":{"start":{"line":13,"column":128},"end":{"line":13,"column":187}},"49":{"start":{"line":13,"column":188},"end":{"line":13,"column":212}},"50":{"start":{"line":13,"column":212},"end":{"line":13,"column":237}},"51":{"start":{"line":13,"column":263},"end":{"line":13,"column":286}},"52":{"start":{"line":14,"column":12},"end":{"line":14,"column":76}},"53":{"start":{"line":15,"column":23},"end":{"line":15,"column":89}},"54":{"start":{"line":15,"column":91},"end":{"line":15,"column":115}},"55":{"start":{"line":15,"column":115},"end":{"line":15,"column":324}},"56":{"start":{"line":15,"column":135},"end":{"line":15,"column":161}},"57":{"start":{"line":15,"column":161},"end":{"line":15,"column":185}},"58":{"start":{"line":15,"column":185},"end":{"line":15,"column":291}},"59":{"start":{"line":15,"column":297},"end":{"line":15,"column":323}},"60":{"start":{"line":16,"column":17},"end":{"line":16,"column":75}},"61":{"start":{"line":16,"column":77},"end":{"line":16,"column":101}},"62":{"start":{"line":16,"column":101},"end":{"line":18,"column":191}},"63":{"start":{"line":16,"column":110},"end":{"line":16,"column":136}},"64":{"start":{"line":16,"column":136},"end":{"line":16,"column":160}},"65":{"start":{"line":17,"column":0},"end":{"line":17,"column":158}},"66":{"start":{"line":17,"column":164},"end":{"line":17,"column":190}},"67":{"start":{"line":17,"column":190},"end":{"line":17,"column":214}},"68":{"start":{"line":18,"column":0},"end":{"line":18,"column":190}},"69":{"start":{"line":18,"column":215},"end":{"line":18,"column":238}},"70":{"start":{"line":19,"column":12},"end":{"line":19,"column":76}},"71":{"start":{"line":19,"column":78},"end":{"line":19,"column":102}},"72":{"start":{"line":19,"column":102},"end":{"line":21,"column":31}},"73":{"start":{"line":19,"column":111},"end":{"line":19,"column":137}},"74":{"start":{"line":19,"column":137},"end":{"line":19,"column":161}},"75":{"start":{"line":20,"column":0},"end":{"line":20,"column":13}},"76":{"start":{"line":20,"column":19},"end":{"line":20,"column":45}},"77":{"start":{"line":20,"column":45},"end":{"line":20,"column":69}},"78":{"start":{"line":21,"column":0},"end":{"line":21,"column":30}},"79":{"start":{"line":21,"column":54},"end":{"line":21,"column":77}},"80":{"start":{"line":21,"column":77},"end":{"line":21,"column":101}},"81":{"start":{"line":22,"column":0},"end":{"line":22,"column":32}},"82":{"start":{"line":23,"column":23},"end":{"line":23,"column":89}},"83":{"start":{"line":23,"column":91},"end":{"line":23,"column":115}},"84":{"start":{"line":23,"column":115},"end":{"line":23,"column":255}},"85":{"start":{"line":23,"column":135},"end":{"line":23,"column":161}},"86":{"start":{"line":23,"column":161},"end":{"line":23,"column":185}},"87":{"start":{"line":23,"column":185},"end":{"line":23,"column":222}},"88":{"start":{"line":23,"column":228},"end":{"line":23,"column":254}},"89":{"start":{"line":24,"column":17},"end":{"line":24,"column":75}},"90":{"start":{"line":24,"column":77},"end":{"line":24,"column":101}},"91":{"start":{"line":24,"column":101},"end":{"line":24,"column":388}},"92":{"start":{"line":24,"column":115},"end":{"line":24,"column":141}},"93":{"start":{"line":24,"column":141},"end":{"line":24,"column":165}},"94":{"start":{"line":24,"column":165},"end":{"line":24,"column":355}},"95":{"start":{"line":24,"column":361},"end":{"line":24,"column":387}},"96":{"start":{"line":25,"column":0},"end":{"line":25,"column":24}},"97":{"start":{"line":25,"column":24},"end":{"line":25,"column":51}},"98":{"start":{"line":25,"column":51},"end":{"line":25,"column":75}},"99":{"start":{"line":25,"column":75},"end":{"line":25,"column":100}},"100":{"start":{"line":26,"column":0},"end":{"line":26,"column":24}},"101":{"start":{"line":26,"column":24},"end":{"line":26,"column":40}}},"fnMap":{"0":{"name":"cov_vapelk2xs","decl":{"start":{"line":1,"column":9},"end":{"line":1,"column":22}},"loc":{"start":{"line":1,"column":24},"end":{"line":2,"column":73}},"line":1},"1":{"name":"(anonymous_1)","decl":{"start":{"line":2,"column":14},"end":{"line":2,"column":15}},"loc":{"start":{"line":2,"column":24},"end":{"line":2,"column":48}},"line":2},"2":{"name":"loginUser","decl":{"start":{"line":2,"column":104},"end":{"line":2,"column":113}},"loc":{"start":{"line":2,"column":115},"end":{"line":13,"column":238}},"line":2},"3":{"name":"checkLoggedIn","decl":{"start":{"line":13,"column":247},"end":{"line":13,"column":260}},"loc":{"start":{"line":13,"column":262},"end":{"line":18,"column":192}},"line":13},"4":{"name":"toggleLogin","decl":{"start":{"line":18,"column":201},"end":{"line":18,"column":212}},"loc":{"start":{"line":18,"column":214},"end":{"line":21,"column":32}},"line":18},"5":{"name":"logoutUser","decl":{"start":{"line":21,"column":41},"end":{"line":21,"column":51}},"loc":{"start":{"line":21,"column":53},"end":{"line":25,"column":101}},"line":21}},"branchMap":{"0":{"loc":{"start":{"line":1,"column":5567},"end":{"line":1,"column":5596}},"type":"binary-expr","locations":[{"start":{"line":1,"column":5567},"end":{"line":1,"column":5578}},{"start":{"line":1,"column":5581},"end":{"line":1,"column":5595}}],"line":1},"1":{"loc":{"start":{"line":1,"column":5597},"end":{"line":1,"column":5674}},"type":"if","locations":[{"start":{"line":1,"column":5597},"end":{"line":1,"column":5674}},{"start":{"line":1,"column":5597},"end":{"line":1,"column":5674}}],"line":1},"2":{"loc":{"start":{"line":1,"column":5600},"end":{"line":1,"column":5643}},"type":"binary-expr","locations":[{"start":{"line":1,"column":5600},"end":{"line":1,"column":5615}},{"start":{"line":1,"column":5617},"end":{"line":1,"column":5643}}],"line":1},"3":{"loc":{"start":{"line":4,"column":23},"end":{"line":4,"column":294}},"type":"if","locations":[{"start":{"line":4,"column":23},"end":{"line":4,"column":294}},{"start":{"line":4,"column":23},"end":{"line":4,"column":294}}],"line":4},"4":{"loc":{"start":{"line":4,"column":26},"end":{"line":4,"column":121}},"type":"binary-expr","locations":[{"start":{"line":4,"column":27},"end":{"line":4,"column":73}},{"start":{"line":4,"column":77},"end":{"line":4,"column":120}}],"line":4},"5":{"loc":{"start":{"line":7,"column":83},"end":{"line":13,"column":23}},"type":"if","locations":[{"start":{"line":7,"column":83},"end":{"line":13,"column":23}},{"start":{"line":7,"column":83},"end":{"line":13,"column":23}}],"line":7},"6":{"loc":{"start":{"line":15,"column":115},"end":{"line":15,"column":324}},"type":"if","locations":[{"start":{"line":15,"column":115},"end":{"line":15,"column":324}},{"start":{"line":15,"column":115},"end":{"line":15,"column":324}}],"line":15},"7":{"loc":{"start":{"line":15,"column":215},"end":{"line":15,"column":290}},"type":"cond-expr","locations":[{"start":{"line":15,"column":221},"end":{"line":15,"column":254}},{"start":{"line":15,"column":257},"end":{"line":15,"column":289}}],"line":15},"8":{"loc":{"start":{"line":16,"column":101},"end":{"line":18,"column":191}},"type":"if","locations":[{"start":{"line":16,"column":101},"end":{"line":18,"column":191}},{"start":{"line":16,"column":101},"end":{"line":18,"column":191}}],"line":16},"9":{"loc":{"start":{"line":19,"column":102},"end":{"line":21,"column":31}},"type":"if","locations":[{"start":{"line":19,"column":102},"end":{"line":21,"column":31}},{"start":{"line":19,"column":102},"end":{"line":21,"column":31}}],"line":19},"10":{"loc":{"start":{"line":23,"column":115},"end":{"line":23,"column":255}},"type":"if","locations":[{"start":{"line":23,"column":115},"end":{"line":23,"column":255}},{"start":{"line":23,"column":115},"end":{"line":23,"column":255}}],"line":23},"11":{"loc":{"start":{"line":24,"column":101},"end":{"line":24,"column":388}},"type":"if","locations":[{"start":{"line":24,"column":101},"end":{"line":24,"column":388}},{"start":{"line":24,"column":101},"end":{"line":24,"column":388}}],"line":24}},"s":{"0":0,"1":0,"2":0,"3":0,"4":0,"5":0,"6":0,"7":0,"8":0,"9":0,"10":0,"11":0,"12":0,"13":0,"14":0,"15":0,"16":0,"17":0,"18":0,"19":0,"20":0,"21":0,"22":0,"23":0,"24":0,"25":0,"26":0,"27":0,"28":0,"29":0,"30":0,"31":0,"32":0,"33":0,"34":0,"35":0,"36":0,"37":0,"38":0,"39":0,"40":0,"41":0,"42":0,"43":0,"44":0,"45":0,"46":0,"47":0,"48":0,"49":0,"50":0,"51":0,"52":0,"53":0,"54":0,"55":0,"56":0,"57":0,"58":0,"59":0,"60":0,"61":0,"62":0,"63":0,"64":0,"65":0,"66":0,"67":0,"68":0,"69":0,"70":0,"71":0,"72":0,"73":0,"74":0,"75":0,"76":0,"77":0,"78":0,"79":0,"80":0,"81":0,"82":0,"83":0,"84":0,"85":0,"86":0,"87":0,"88":0,"89":0,"90":0,"91":0,"92":0,"93":0,"94":0,"95":0,"96":0,"97":0,"98":0,"99":0,"100":0,"101":0},"f":{"0":0,"1":0,"2":0,"3":0,"4":0,"5":0},"b":{"0":[0,0],"1":[0,0],"2":[0,0],"3":[0,0],"4":[0,0],"5":[0,0],"6":[0,0],"7":[0,0],"8":[0,0],"9":[0,0],"10":[0,0],"11":[0,0]},"inputSourceMap":{"version":3,"names":["cov_vapelk2xs","actualCoverage","loginUser","f","email","s","document","getElementById","value","password","b","includes","length","alert","data","response","fetch","method","headers","body","JSON","stringify","result","json","ok","userData","localStorage","setItem","loginLink","innerHTML","$","modal","checkLoggedIn","message","error","console","window","location","reload","user","parse","getItem","addReviewButton","style","display","toggleLogin","logoutUser","removeItem"],"sources":["Login.js"],"sourcesContent":["async function loginUser() {\r\n    // Get user input values\r\n    var email = document.getElementById('loginEmail').value;\r\n    var password = document.getElementById('loginPassword').value;\r\n\r\n    // Perform validation\r\n    if (!email.includes('@') || password.length < 6) {\r\n        alert('Invalid email or password (minimum 6 characters).');\r\n        return;\r\n    }\r\n\r\n    // Prepare data for the backend\r\n    var data = {\r\n        email: email,\r\n        password: password\r\n    };\r\n\r\n    try {\r\n        // Make a POST request to the backend\r\n        const response = await fetch('/login', {\r\n            method: 'POST',\r\n            headers: {\r\n                'Content-Type': 'application/json'\r\n            },\r\n            body: JSON.stringify(data)\r\n        });\r\n\r\n        // Parse the JSON response\r\n        const result = await response.json();\r\n\r\n        if (response.ok) {\r\n           \r\n\r\n            const userData = {\r\n                email: email,\r\n                // You can include other user-related information if needed\r\n            };\r\n\r\n            // Store user data in localStorage\r\n            localStorage.setItem('user', JSON.stringify(userData));\r\n\r\n            // Change the \"Login\" link to \"Logout\" and bind the logout function\r\n            const loginLink = document.getElementById('navUser');\r\n            loginLink.innerHTML = '<a class=\"nav-link\" href=\"#\" onclick=\"logoutUser()\"><span class=\"fa-sharp fa-solid fa-right-to-bracket\"></span> Logout</a>';\r\n\r\n            // Close the login modal or redirect the user\r\n            $('#loginForm').modal('hide');\r\n\r\n            // Update the UI based on the login status\r\n            checkLoggedIn();\r\n\r\n           \r\n        } else {\r\n            // Failed login\r\n            alert(result.message);\r\n        }\r\n\r\n    } catch (error) {\r\n        console.error('Error during login:', error);\r\n        alert('An error occurred during login. Please try again.');\r\n    }\r\n    window.location.reload();\r\n}\r\n\r\nfunction checkLoggedIn() {\r\n    // Check if the user is logged in\r\n    const user = JSON.parse(localStorage.getItem('user'));\r\n\r\n    // Show/hide the \"Add Review\" button based on the login status\r\n    const addReviewButton = document.getElementById('addReviewButton');\r\n    if (addReviewButton) {\r\n        addReviewButton.style.display = user ? 'block' : 'none';\r\n    }\r\n\r\n    // Update the login/logout link\r\n    const loginLink = document.getElementById('navUser');\r\n    if (user) {\r\n        // User is logged in, update the UI accordingly\r\n        loginLink.innerHTML = '<a class=\"nav-link\" href=\"#\"  id=\"logout\" onclick=\"logoutUser()\"><span class=\"fa-sharp fa-solid fa-right-to-bracket\"></span> Logout</a>';\r\n    } else {\r\n        // User is not logged in, update the UI accordingly\r\n        loginLink.innerHTML = '<a class=\"nav-link\" href=\"#\" data-toggle=\"modal\" data-target=\"#loginForm\" onclick=\"toggleLogin()\"><span class=\"fa-sharp fa-solid fa-right-to-bracket\"></span> Login</a>';\r\n    }\r\n}\r\n\r\n\r\nfunction toggleLogin() {\r\n    // Check if the user is logged in\r\n    const user = JSON.parse(localStorage.getItem('user'));\r\n\r\n    if (user) {\r\n        // User is logged in, initiate logout\r\n        logoutUser();\r\n    } else {\r\n        // User is not logged in, open the login modal\r\n        $('#loginForm').modal('show');\r\n    }\r\n}\r\n\r\nfunction logoutUser() {\r\n    // Clear user data from localStorage\r\n    localStorage.removeItem('user');\r\n\r\n    // Hide the \"Add Review\" button\r\n    const addReviewButton = document.getElementById('addReviewButton');\r\n    if (addReviewButton) {\r\n        addReviewButton.style.display = 'none';\r\n    }\r\n\r\n    // Change the \"Logout\" link back to \"Login\" and bind the login function\r\n    const loginLink = document.getElementById('navUser');\r\n    \r\n    if (loginLink) {\r\n        loginLink.innerHTML = '<a class=\"nav-link\" href=\"#\" data-toggle=\"modal\" data-target=\"#loginForm\" onclick=\"toggleLogin()\"><span class=\"fa-sharp fa-solid fa-right-to-bracket\"></span> Login</a>';\r\n    }\r\n\r\n\r\n\r\n    // Optionally, display a logout message or update the UI\r\n    alert('Logout successful');\r\n    window.location.reload();\r\n}\r\n\r\n// Check the login status when the page loads\r\ncheckLoggedIn();"],"mappings":"6kLAeY;AAAAA,aAAA,SAAAA,CAAA,SAAAC,cAAA,WAAAA,cAAA,EAAAD,aAAA,GAfZ,cAAe,CAAAE,SAASA,CAAA,CAAG,CAAAF,aAAA,GAAAG,CAAA,MACvB;AACA,GAAI,CAAAC,KAAK,EAAAJ,aAAA,GAAAK,CAAA,MAAGC,QAAQ,CAACC,cAAc,CAAC,YAAY,CAAC,CAACC,KAAK,EACvD,GAAI,CAAAC,QAAQ,EAAAT,aAAA,GAAAK,CAAA,MAAGC,QAAQ,CAACC,cAAc,CAAC,eAAe,CAAC,CAACC,KAAK,EAE7D;AAAAR,aAAA,GAAAK,CAAA,MACA,GAAI,CAAAL,aAAA,GAAAU,CAAA,UAACN,KAAK,CAACO,QAAQ,CAAC,GAAG,CAAC,IAAAX,aAAA,GAAAU,CAAA,SAAID,QAAQ,CAACG,MAAM,CAAG,CAAC,EAAE,CAAAZ,aAAA,GAAAU,CAAA,SAAAV,aAAA,GAAAK,CAAA,MAC7CQ,KAAK,CAAC,mDAAmD,CAAC,CAACb,aAAA,GAAAK,CAAA,MAC3D,OACJ,CAAC,KAAAL,aAAA,GAAAU,CAAA,UAED;AACA,GAAI,CAAAI,IAAI,EAAAd,aAAA,GAAAK,CAAA,MAAG,CACPD,KAAK,CAAEA,KAAK,CACZK,QAAQ,CAAEA,QACd,CAAC,EAACT,aAAA,GAAAK,CAAA,MAEF,GAAI,CACA;AACA,KAAM,CAAAU,QAAQ,EAAAf,aAAA,GAAAK,CAAA,MAAG,KAAM,CAAAW,KAAK,CAAC,QAAQ,CAAE,CACnCC,MAAM,CAAE,MAAM,CACdC,OAAO,CAAE,CACL,cAAc,CAAE,kBACpB,CAAC,CACDC,IAAI,CAAEC,IAAI,CAACC,SAAS,CAACP,IAAI,CAC7B,CAAC,CAAC,EAEF;AACA,KAAM,CAAAQ,MAAM,EAAAtB,aAAA,GAAAK,CAAA,MAAG,KAAM,CAAAU,QAAQ,CAACQ,IAAI,CAAC,CAAC,EAACvB,aAAA,GAAAK,CAAA,MAErC,GAAIU,QAAQ,CAACS,EAAE,CAAE,CAAAxB,aAAA,GAAAU,CAAA,SAGb,KAAM,CAAAe,QAAQ,EAAAzB,aAAA,GAAAK,CAAA,OAAG,CACbD,KAAK,CAAEA,KACP;AACJ,CAAC,EAED;AAAAJ,aAAA,GAAAK,CAAA,OACAqB,YAAY,CAACC,OAAO,CAAC,MAAM,CAAEP,IAAI,CAACC,SAAS,CAACI,QAAQ,CAAC,CAAC,CAEtD;AACA,KAAM,CAAAG,SAAS,EAAA5B,aAAA,GAAAK,CAAA,OAAGC,QAAQ,CAACC,cAAc,CAAC,SAAS,CAAC,EAACP,aAAA,GAAAK,CAAA,OACrDuB,SAAS,CAACC,SAAS,CAAG,4HAA4H,CAElJ;AAAA7B,aAAA,GAAAK,CAAA,OACAyB,CAAC,CAAC,YAAY,CAAC,CAACC,KAAK,CAAC,MAAM,CAAC,CAE7B;AAAA/B,aAAA,GAAAK,CAAA,OACA2B,aAAa,CAAC,CAAC,CAGnB,CAAC,IAAM,CAAAhC,aAAA,GAAAU,CAAA,SAAAV,aAAA,GAAAK,CAAA,OACH;AACAQ,KAAK,CAACS,MAAM,CAACW,OAAO,CAAC,CACzB,CAEJ,CAAE,MAAOC,KAAK,CAAE,CAAAlC,aAAA,GAAAK,CAAA,OACZ8B,OAAO,CAACD,KAAK,CAAC,qBAAqB,CAAEA,KAAK,CAAC,CAAClC,aAAA,GAAAK,CAAA,OAC5CQ,KAAK,CAAC,mDAAmD,CAAC,CAC9D,CAACb,aAAA,GAAAK,CAAA,OACD+B,MAAM,CAACC,QAAQ,CAACC,MAAM,CAAC,CAAC,CAC5B,CAEA,QAAS,CAAAN,aAAaA,CAAA,CAAG,CAAAhC,aAAA,GAAAG,CAAA,MACrB;AACA,KAAM,CAAAoC,IAAI,EAAAvC,aAAA,GAAAK,CAAA,OAAGe,IAAI,CAACoB,KAAK,CAACd,YAAY,CAACe,OAAO,CAAC,MAAM,CAAC,CAAC,EAErD;AACA,KAAM,CAAAC,eAAe,EAAA1C,aAAA,GAAAK,CAAA,OAAGC,QAAQ,CAACC,cAAc,CAAC,iBAAiB,CAAC,EAACP,aAAA,GAAAK,CAAA,OACnE,GAAIqC,eAAe,CAAE,CAAA1C,aAAA,GAAAU,CAAA,SAAAV,aAAA,GAAAK,CAAA,OACjBqC,eAAe,CAACC,KAAK,CAACC,OAAO,CAAGL,IAAI,EAAAvC,aAAA,GAAAU,CAAA,SAAG,OAAO,GAAAV,aAAA,GAAAU,CAAA,SAAG,MAAM,EAC3D,CAAC,KAAAV,aAAA,GAAAU,CAAA,UAED;AACA,KAAM,CAAAkB,SAAS,EAAA5B,aAAA,GAAAK,CAAA,OAAGC,QAAQ,CAACC,cAAc,CAAC,SAAS,CAAC,EAACP,aAAA,GAAAK,CAAA,OACrD,GAAIkC,IAAI,CAAE,CAAAvC,aAAA,GAAAU,CAAA,SAAAV,aAAA,GAAAK,CAAA,OACN;AACAuB,SAAS,CAACC,SAAS,CAAG,yIAAyI,CACnK,CAAC,IAAM,CAAA7B,aAAA,GAAAU,CAAA,SAAAV,aAAA,GAAAK,CAAA,OACH;AACAuB,SAAS,CAACC,SAAS,CAAG,yKAAyK,CACnM,CACJ,CAGA,QAAS,CAAAgB,WAAWA,CAAA,CAAG,CAAA7C,aAAA,GAAAG,CAAA,MACnB;AACA,KAAM,CAAAoC,IAAI,EAAAvC,aAAA,GAAAK,CAAA,OAAGe,IAAI,CAACoB,KAAK,CAACd,YAAY,CAACe,OAAO,CAAC,MAAM,CAAC,CAAC,EAACzC,aAAA,GAAAK,CAAA,OAEtD,GAAIkC,IAAI,CAAE,CAAAvC,aAAA,GAAAU,CAAA,SAAAV,aAAA,GAAAK,CAAA,OACN;AACAyC,UAAU,CAAC,CAAC,CAChB,CAAC,IAAM,CAAA9C,aAAA,GAAAU,CAAA,SAAAV,aAAA,GAAAK,CAAA,OACH;AACAyB,CAAC,CAAC,YAAY,CAAC,CAACC,KAAK,CAAC,MAAM,CAAC,CACjC,CACJ,CAEA,QAAS,CAAAe,UAAUA,CAAA,CAAG,CAAA9C,aAAA,GAAAG,CAAA,MAAAH,aAAA,GAAAK,CAAA,OAClB;AACAqB,YAAY,CAACqB,UAAU,CAAC,MAAM,CAAC,CAE/B;AACA,KAAM,CAAAL,eAAe,EAAA1C,aAAA,GAAAK,CAAA,OAAGC,QAAQ,CAACC,cAAc,CAAC,iBAAiB,CAAC,EAACP,aAAA,GAAAK,CAAA,OACnE,GAAIqC,eAAe,CAAE,CAAA1C,aAAA,GAAAU,CAAA,SAAAV,aAAA,GAAAK,CAAA,OACjBqC,eAAe,CAACC,KAAK,CAACC,OAAO,CAAG,MAAM,CAC1C,CAAC,KAAA5C,aAAA,GAAAU,CAAA,UAED;AACA,KAAM,CAAAkB,SAAS,EAAA5B,aAAA,GAAAK,CAAA,OAAGC,QAAQ,CAACC,cAAc,CAAC,SAAS,CAAC,EAACP,aAAA,GAAAK,CAAA,OAErD,GAAIuB,SAAS,CAAE,CAAA5B,aAAA,GAAAU,CAAA,SAAAV,aAAA,GAAAK,CAAA,OACXuB,SAAS,CAACC,SAAS,CAAG,yKAAyK,CACnM,CAAC,KAAA7B,aAAA,GAAAU,CAAA,UAID;AAAAV,aAAA,GAAAK,CAAA,OACAQ,KAAK,CAAC,mBAAmB,CAAC,CAACb,aAAA,GAAAK,CAAA,OAC3B+B,MAAM,CAACC,QAAQ,CAACC,MAAM,CAAC,CAAC,CAC5B,CAEA;AAAAtC,aAAA,GAAAK,CAAA,OACA2B,aAAa,CAAC,CAAC"},"all":true},"E:\\vs studio code\\devops\\test\\Group4-Project\\public\\instrumented\\js\\Restaurant.js":{"path":"E:\\vs studio code\\devops\\test\\Group4-Project\\public\\instrumented\\js\\Restaurant.js","statementMap":{"0":{"start":{"line":1,"column":35},"end":{"line":1,"column":112}},"1":{"start":{"line":1,"column":122},"end":{"line":1,"column":164}},"2":{"start":{"line":1,"column":176},"end":{"line":1,"column":205}},"3":{"start":{"line":1,"column":214},"end":{"line":1,"column":228}},"4":{"start":{"line":1,"column":246},"end":{"line":1,"column":3763}},"5":{"start":{"line":1,"column":3777},"end":{"line":1,"column":3806}},"6":{"start":{"line":1,"column":3807},"end":{"line":1,"column":3884}},"7":{"start":{"line":1,"column":3855},"end":{"line":1,"column":3883}},"8":{"start":{"line":1,"column":3903},"end":{"line":1,"column":3917}},"9":{"start":{"line":2,"column":0},"end":{"line":2,"column":50}},"10":{"start":{"line":2,"column":26},"end":{"line":2,"column":48}},"11":{"start":{"line":2,"column":51},"end":{"line":2,"column":73}},"12":{"start":{"line":2,"column":74},"end":{"line":2,"column":91}},"13":{"start":{"line":2,"column":142},"end":{"line":2,"column":166}},"14":{"start":{"line":2,"column":166},"end":{"line":2,"column":190}},"15":{"start":{"line":2,"column":190},"end":{"line":11,"column":528}},"16":{"start":{"line":3,"column":31},"end":{"line":3,"column":96}},"17":{"start":{"line":4,"column":0},"end":{"line":4,"column":24}},"18":{"start":{"line":4,"column":24},"end":{"line":4,"column":61}},"19":{"start":{"line":5,"column":0},"end":{"line":5,"column":24}},"20":{"start":{"line":5,"column":24},"end":{"line":11,"column":446}},"21":{"start":{"line":5,"column":57},"end":{"line":5,"column":81}},"22":{"start":{"line":6,"column":22},"end":{"line":6,"column":75}},"23":{"start":{"line":6,"column":77},"end":{"line":6,"column":101}},"24":{"start":{"line":6,"column":101},"end":{"line":6,"column":145}},"25":{"start":{"line":6,"column":145},"end":{"line":6,"column":169}},"26":{"start":{"line":6,"column":169},"end":{"line":6,"column":243}},"27":{"start":{"line":6,"column":259},"end":{"line":6,"column":312}},"28":{"start":{"line":6,"column":314},"end":{"line":6,"column":338}},"29":{"start":{"line":6,"column":338},"end":{"line":6,"column":374}},"30":{"start":{"line":6,"column":387},"end":{"line":6,"column":439}},"31":{"start":{"line":6,"column":441},"end":{"line":6,"column":466}},"32":{"start":{"line":6,"column":466},"end":{"line":6,"column":500}},"33":{"start":{"line":6,"column":500},"end":{"line":6,"column":525}},"34":{"start":{"line":6,"column":525},"end":{"line":6,"column":559}},"35":{"start":{"line":6,"column":578},"end":{"line":6,"column":630}},"36":{"start":{"line":6,"column":632},"end":{"line":6,"column":657}},"37":{"start":{"line":6,"column":657},"end":{"line":6,"column":696}},"38":{"start":{"line":6,"column":696},"end":{"line":6,"column":721}},"39":{"start":{"line":6,"column":721},"end":{"line":6,"column":768}},"40":{"start":{"line":6,"column":781},"end":{"line":6,"column":835}},"41":{"start":{"line":6,"column":837},"end":{"line":6,"column":862}},"42":{"start":{"line":6,"column":862},"end":{"line":6,"column":898}},"43":{"start":{"line":6,"column":898},"end":{"line":6,"column":923}},"44":{"start":{"line":6,"column":923},"end":{"line":6,"column":953}},"45":{"start":{"line":6,"column":953},"end":{"line":6,"column":978}},"46":{"start":{"line":6,"column":978},"end":{"line":6,"column":1004}},"47":{"start":{"line":7,"column":0},"end":{"line":7,"column":25}},"48":{"start":{"line":7,"column":25},"end":{"line":7,"column":53}},"49":{"start":{"line":7,"column":53},"end":{"line":7,"column":78}},"50":{"start":{"line":7,"column":78},"end":{"line":7,"column":112}},"51":{"start":{"line":8,"column":0},"end":{"line":8,"column":25}},"52":{"start":{"line":8,"column":25},"end":{"line":8,"column":163}},"53":{"start":{"line":8,"column":49},"end":{"line":8,"column":76}},"54":{"start":{"line":8,"column":76},"end":{"line":8,"column":101}},"55":{"start":{"line":8,"column":101},"end":{"line":8,"column":129}},"56":{"start":{"line":8,"column":135},"end":{"line":8,"column":162}},"57":{"start":{"line":9,"column":0},"end":{"line":9,"column":25}},"58":{"start":{"line":9,"column":25},"end":{"line":9,"column":62}},"59":{"start":{"line":10,"column":0},"end":{"line":10,"column":25}},"60":{"start":{"line":10,"column":25},"end":{"line":10,"column":77}},"61":{"start":{"line":11,"column":0},"end":{"line":11,"column":25}},"62":{"start":{"line":11,"column":25},"end":{"line":11,"column":443}},"63":{"start":{"line":11,"column":53},"end":{"line":11,"column":80}},"64":{"start":{"line":11,"column":80},"end":{"line":11,"column":105}},"65":{"start":{"line":11,"column":105},"end":{"line":11,"column":233}},"66":{"start":{"line":11,"column":150},"end":{"line":11,"column":174}},"67":{"start":{"line":11,"column":174},"end":{"line":11,"column":199}},"68":{"start":{"line":11,"column":199},"end":{"line":11,"column":230}},"69":{"start":{"line":11,"column":233},"end":{"line":11,"column":258}},"70":{"start":{"line":11,"column":258},"end":{"line":11,"column":409}},"71":{"start":{"line":11,"column":303},"end":{"line":11,"column":327}},"72":{"start":{"line":11,"column":327},"end":{"line":11,"column":352}},"73":{"start":{"line":11,"column":352},"end":{"line":11,"column":406}},"74":{"start":{"line":11,"column":415},"end":{"line":11,"column":442}},"75":{"start":{"line":11,"column":460},"end":{"line":11,"column":485}},"76":{"start":{"line":11,"column":485},"end":{"line":11,"column":527}},"77":{"start":{"line":12,"column":45},"end":{"line":12,"column":69}},"78":{"start":{"line":12,"column":69},"end":{"line":12,"column":94}},"79":{"start":{"line":12,"column":94},"end":{"line":12,"column":128}},"80":{"start":{"line":13,"column":0},"end":{"line":13,"column":25}},"81":{"start":{"line":13,"column":25},"end":{"line":13,"column":58}}},"fnMap":{"0":{"name":"cov_1kez2iwqox","decl":{"start":{"line":1,"column":9},"end":{"line":1,"column":23}},"loc":{"start":{"line":1,"column":25},"end":{"line":2,"column":74}},"line":1},"1":{"name":"(anonymous_1)","decl":{"start":{"line":2,"column":15},"end":{"line":2,"column":16}},"loc":{"start":{"line":2,"column":25},"end":{"line":2,"column":49}},"line":2},"2":{"name":"appendRestaurantsToContainer","decl":{"start":{"line":2,"column":100},"end":{"line":2,"column":128}},"loc":{"start":{"line":2,"column":141},"end":{"line":11,"column":529}},"line":2},"3":{"name":"(anonymous_3)","decl":{"start":{"line":5,"column":44},"end":{"line":5,"column":45}},"loc":{"start":{"line":5,"column":56},"end":{"line":11,"column":444}},"line":5},"4":{"name":"(anonymous_4)","decl":{"start":{"line":11,"column":145},"end":{"line":11,"column":146}},"loc":{"start":{"line":11,"column":149},"end":{"line":11,"column":231}},"line":11},"5":{"name":"(anonymous_5)","decl":{"start":{"line":11,"column":298},"end":{"line":11,"column":299}},"loc":{"start":{"line":11,"column":302},"end":{"line":11,"column":407}},"line":11},"6":{"name":"handleRestaurantClick","decl":{"start":{"line":12,"column":9},"end":{"line":12,"column":30}},"loc":{"start":{"line":12,"column":44},"end":{"line":13,"column":59}},"line":12}},"branchMap":{"0":{"loc":{"start":{"line":1,"column":3777},"end":{"line":1,"column":3806}},"type":"binary-expr","locations":[{"start":{"line":1,"column":3777},"end":{"line":1,"column":3788}},{"start":{"line":1,"column":3791},"end":{"line":1,"column":3805}}],"line":1},"1":{"loc":{"start":{"line":1,"column":3807},"end":{"line":1,"column":3884}},"type":"if","locations":[{"start":{"line":1,"column":3807},"end":{"line":1,"column":3884}},{"start":{"line":1,"column":3807},"end":{"line":1,"column":3884}}],"line":1},"2":{"loc":{"start":{"line":1,"column":3810},"end":{"line":1,"column":3853}},"type":"binary-expr","locations":[{"start":{"line":1,"column":3810},"end":{"line":1,"column":3825}},{"start":{"line":1,"column":3827},"end":{"line":1,"column":3853}}],"line":1},"3":{"loc":{"start":{"line":8,"column":25},"end":{"line":8,"column":163}},"type":"if","locations":[{"start":{"line":8,"column":25},"end":{"line":8,"column":163}},{"start":{"line":8,"column":25},"end":{"line":8,"column":163}}],"line":8},"4":{"loc":{"start":{"line":11,"column":25},"end":{"line":11,"column":443}},"type":"if","locations":[{"start":{"line":11,"column":25},"end":{"line":11,"column":443}},{"start":{"line":11,"column":25},"end":{"line":11,"column":443}}],"line":11}},"s":{"0":0,"1":0,"2":0,"3":0,"4":0,"5":0,"6":0,"7":0,"8":0,"9":0,"10":0,"11":0,"12":0,"13":0,"14":0,"15":0,"16":0,"17":0,"18":0,"19":0,"20":0,"21":0,"22":0,"23":0,"24":0,"25":0,"26":0,"27":0,"28":0,"29":0,"30":0,"31":0,"32":0,"33":0,"34":0,"35":0,"36":0,"37":0,"38":0,"39":0,"40":0,"41":0,"42":0,"43":0,"44":0,"45":0,"46":0,"47":0,"48":0,"49":0,"50":0,"51":0,"52":0,"53":0,"54":0,"55":0,"56":0,"57":0,"58":0,"59":0,"60":0,"61":0,"62":0,"63":0,"64":0,"65":0,"66":0,"67":0,"68":0,"69":0,"70":0,"71":0,"72":0,"73":0,"74":0,"75":0,"76":0,"77":0,"78":0,"79":0,"80":0,"81":0},"f":{"0":0,"1":0,"2":0,"3":0,"4":0,"5":0,"6":0},"b":{"0":[0,0],"1":[0,0],"2":[0,0],"3":[0,0],"4":[0,0]},"inputSourceMap":{"version":3,"names":["cov_1kez2iwqox","actualCoverage","appendRestaurantsToContainer","restaurants","f","s","restaurantListContainer","document","getElementById","innerHTML","forEach","restaurant","restaurantCard","createElement","classList","add","setAttribute","restaurantId","cardBody","title","textContent","name","description","image","src","imageUrl","alt","appendChild","b","addEventListener","showReviews","handleRestaurantClick","error","console","selectedRestaurantId","$","modal"],"sources":["Restaurant.js"],"sourcesContent":["function appendRestaurantsToContainer(restaurants) {\r\n    try {\r\n        // Get the container element where we'll append restaurant elements\r\n        const restaurantListContainer = document.getElementById('restaurantList');\r\n\r\n        // Clear existing content in the container\r\n        restaurantListContainer.innerHTML = '';\r\n\r\n        // Loop through the formatted restaurants and create HTML elements for each\r\n        restaurants.forEach(restaurant => {\r\n            // Assuming you have restaurantId as the identifier\r\n            const restaurantCard = document.createElement('div');\r\n            restaurantCard.classList.add('card', 'mb-3');\r\n            \r\n            restaurantCard.setAttribute('data-restaurant-id', restaurant.restaurantId);\r\n\r\n            const cardBody = document.createElement('div');\r\n            cardBody.classList.add('card-body');\r\n        \r\n            const title = document.createElement('h5');\r\n            title.classList.add('card-title');\r\n            title.textContent = restaurant.name;\r\n        \r\n            const description = document.createElement('p');\r\n            description.classList.add('card-text');\r\n            description.textContent = restaurant.description;\r\n        \r\n            const image = document.createElement('img');\r\n            image.classList.add('card-img-top');\r\n            image.src = restaurant.imageUrl;\r\n            image.alt = restaurant.name;\r\n        \r\n            // Append elements to the card body\r\n            cardBody.appendChild(title);\r\n            cardBody.appendChild(description);\r\n        \r\n            // Append image to the card only if an image URL is provided\r\n            if (restaurant.imageUrl) {\r\n                cardBody.appendChild(image);\r\n            }\r\n        \r\n            // Append card body to the card\r\n            restaurantCard.appendChild(cardBody);\r\n        \r\n            // Append the card to the restaurantListContainer\r\n            restaurantListContainer.appendChild(restaurantCard);\r\n        \r\n            // Ensure that the restaurant object has the 'restaurantId' property\r\n            if (restaurant.restaurantId) {\r\n                restaurantCard.addEventListener('click', () => showReviews(restaurant));\r\n                restaurantCard.addEventListener('click', () => handleRestaurantClick(restaurant.restaurantId));\r\n\r\n            }\r\n            \r\n        });\r\n        \r\n    } catch (error) {\r\n        console.error('An error occurred:', error);\r\n    }\r\n}\r\nlet selectedRestaurantId; // Declare this variable globally\r\n\r\nfunction handleRestaurantClick(restaurantId) {\r\n    selectedRestaurantId = restaurantId;\r\n    // Open the reviews modal or perform any other actions you need\r\n    $('#reviewsModal').modal('show');\r\n}\r\n"],"mappings":"+0HAeY;AAAAA,cAAA,SAAAA,CAAA,SAAAC,cAAA,WAAAA,cAAA,EAAAD,cAAA,GAfZ,QAAS,CAAAE,4BAA4BA,CAACC,WAAW,CAAE,CAAAH,cAAA,GAAAI,CAAA,MAAAJ,cAAA,GAAAK,CAAA,MAC/C,GAAI,CACA;AACA,KAAM,CAAAC,uBAAuB,EAAAN,cAAA,GAAAK,CAAA,MAAGE,QAAQ,CAACC,cAAc,CAAC,gBAAgB,CAAC,EAEzE;AAAAR,cAAA,GAAAK,CAAA,MACAC,uBAAuB,CAACG,SAAS,CAAG,EAAE,CAEtC;AAAAT,cAAA,GAAAK,CAAA,MACAF,WAAW,CAACO,OAAO,CAACC,UAAU,EAAI,CAAAX,cAAA,GAAAI,CAAA,MAC9B;AACA,KAAM,CAAAQ,cAAc,EAAAZ,cAAA,GAAAK,CAAA,MAAGE,QAAQ,CAACM,aAAa,CAAC,KAAK,CAAC,EAACb,cAAA,GAAAK,CAAA,MACrDO,cAAc,CAACE,SAAS,CAACC,GAAG,CAAC,MAAM,CAAE,MAAM,CAAC,CAACf,cAAA,GAAAK,CAAA,MAE7CO,cAAc,CAACI,YAAY,CAAC,oBAAoB,CAAEL,UAAU,CAACM,YAAY,CAAC,CAE1E,KAAM,CAAAC,QAAQ,EAAAlB,cAAA,GAAAK,CAAA,MAAGE,QAAQ,CAACM,aAAa,CAAC,KAAK,CAAC,EAACb,cAAA,GAAAK,CAAA,MAC/Ca,QAAQ,CAACJ,SAAS,CAACC,GAAG,CAAC,WAAW,CAAC,CAEnC,KAAM,CAAAI,KAAK,EAAAnB,cAAA,GAAAK,CAAA,MAAGE,QAAQ,CAACM,aAAa,CAAC,IAAI,CAAC,EAACb,cAAA,GAAAK,CAAA,OAC3Cc,KAAK,CAACL,SAAS,CAACC,GAAG,CAAC,YAAY,CAAC,CAACf,cAAA,GAAAK,CAAA,OAClCc,KAAK,CAACC,WAAW,CAAGT,UAAU,CAACU,IAAI,CAEnC,KAAM,CAAAC,WAAW,EAAAtB,cAAA,GAAAK,CAAA,OAAGE,QAAQ,CAACM,aAAa,CAAC,GAAG,CAAC,EAACb,cAAA,GAAAK,CAAA,OAChDiB,WAAW,CAACR,SAAS,CAACC,GAAG,CAAC,WAAW,CAAC,CAACf,cAAA,GAAAK,CAAA,OACvCiB,WAAW,CAACF,WAAW,CAAGT,UAAU,CAACW,WAAW,CAEhD,KAAM,CAAAC,KAAK,EAAAvB,cAAA,GAAAK,CAAA,OAAGE,QAAQ,CAACM,aAAa,CAAC,KAAK,CAAC,EAACb,cAAA,GAAAK,CAAA,OAC5CkB,KAAK,CAACT,SAAS,CAACC,GAAG,CAAC,cAAc,CAAC,CAACf,cAAA,GAAAK,CAAA,OACpCkB,KAAK,CAACC,GAAG,CAAGb,UAAU,CAACc,QAAQ,CAACzB,cAAA,GAAAK,CAAA,OAChCkB,KAAK,CAACG,GAAG,CAAGf,UAAU,CAACU,IAAI,CAE3B;AAAArB,cAAA,GAAAK,CAAA,OACAa,QAAQ,CAACS,WAAW,CAACR,KAAK,CAAC,CAACnB,cAAA,GAAAK,CAAA,OAC5Ba,QAAQ,CAACS,WAAW,CAACL,WAAW,CAAC,CAEjC;AAAAtB,cAAA,GAAAK,CAAA,OACA,GAAIM,UAAU,CAACc,QAAQ,CAAE,CAAAzB,cAAA,GAAA4B,CAAA,SAAA5B,cAAA,GAAAK,CAAA,OACrBa,QAAQ,CAACS,WAAW,CAACJ,KAAK,CAAC,CAC/B,CAAC,KAAAvB,cAAA,GAAA4B,CAAA,UAED;AAAA5B,cAAA,GAAAK,CAAA,OACAO,cAAc,CAACe,WAAW,CAACT,QAAQ,CAAC,CAEpC;AAAAlB,cAAA,GAAAK,CAAA,OACAC,uBAAuB,CAACqB,WAAW,CAACf,cAAc,CAAC,CAEnD;AAAAZ,cAAA,GAAAK,CAAA,OACA,GAAIM,UAAU,CAACM,YAAY,CAAE,CAAAjB,cAAA,GAAA4B,CAAA,SAAA5B,cAAA,GAAAK,CAAA,OACzBO,cAAc,CAACiB,gBAAgB,CAAC,OAAO,CAAE,IAAM,CAAA7B,cAAA,GAAAI,CAAA,MAAAJ,cAAA,GAAAK,CAAA,cAAAyB,WAAW,CAACnB,UAAU,CAAC,CAAD,CAAC,CAAC,CAACX,cAAA,GAAAK,CAAA,OACxEO,cAAc,CAACiB,gBAAgB,CAAC,OAAO,CAAE,IAAM,CAAA7B,cAAA,GAAAI,CAAA,MAAAJ,cAAA,GAAAK,CAAA,cAAA0B,qBAAqB,CAACpB,UAAU,CAACM,YAAY,CAAC,CAAD,CAAC,CAAC,CAElG,CAAC,KAAAjB,cAAA,GAAA4B,CAAA,UAEL,CAAC,CAAC,CAEN,CAAE,MAAOI,KAAK,CAAE,CAAAhC,cAAA,GAAAK,CAAA,OACZ4B,OAAO,CAACD,KAAK,CAAC,oBAAoB,CAAEA,KAAK,CAAC,CAC9C,CACJ,CACA,GAAI,CAAAE,oBAAoB,CAAE;AAE1B,QAAS,CAAAH,qBAAqBA,CAACd,YAAY,CAAE,CAAAjB,cAAA,GAAAI,CAAA,MAAAJ,cAAA,GAAAK,CAAA,OACzC6B,oBAAoB,CAAGjB,YAAY,CACnC;AAAAjB,cAAA,GAAAK,CAAA,OACA8B,CAAC,CAAC,eAAe,CAAC,CAACC,KAAK,CAAC,MAAM,CAAC,CACpC"},"all":true},"E:\\vs studio code\\devops\\test\\Group4-Project\\public\\instrumented\\js\\Reviews.js":{"path":"E:\\vs studio code\\devops\\test\\Group4-Project\\public\\instrumented\\js\\Reviews.js","statementMap":{"0":{"start":{"line":1,"column":35},"end":{"line":1,"column":109}},"1":{"start":{"line":1,"column":119},"end":{"line":1,"column":161}},"2":{"start":{"line":1,"column":173},"end":{"line":1,"column":202}},"3":{"start":{"line":1,"column":211},"end":{"line":1,"column":225}},"4":{"start":{"line":1,"column":243},"end":{"line":1,"column":13388}},"5":{"start":{"line":1,"column":13402},"end":{"line":1,"column":13431}},"6":{"start":{"line":1,"column":13432},"end":{"line":1,"column":13509}},"7":{"start":{"line":1,"column":13480},"end":{"line":1,"column":13508}},"8":{"start":{"line":1,"column":13528},"end":{"line":1,"column":13542}},"9":{"start":{"line":2,"column":0},"end":{"line":2,"column":50}},"10":{"start":{"line":2,"column":26},"end":{"line":2,"column":48}},"11":{"start":{"line":2,"column":51},"end":{"line":2,"column":73}},"12":{"start":{"line":2,"column":74},"end":{"line":2,"column":91}},"13":{"start":{"line":3,"column":35},"end":{"line":3,"column":59}},"14":{"start":{"line":3,"column":80},"end":{"line":3,"column":133}},"15":{"start":{"line":3,"column":135},"end":{"line":3,"column":159}},"16":{"start":{"line":3,"column":159},"end":{"line":3,"column":203}},"17":{"start":{"line":3,"column":203},"end":{"line":3,"column":227}},"18":{"start":{"line":3,"column":227},"end":{"line":4,"column":61}},"19":{"start":{"line":3,"column":238},"end":{"line":3,"column":263}},"20":{"start":{"line":3,"column":291},"end":{"line":3,"column":342}},"21":{"start":{"line":3,"column":344},"end":{"line":3,"column":368}},"22":{"start":{"line":3,"column":368},"end":{"line":3,"column":487}},"23":{"start":{"line":4,"column":0},"end":{"line":4,"column":24}},"24":{"start":{"line":4,"column":24},"end":{"line":4,"column":60}},"25":{"start":{"line":4,"column":61},"end":{"line":4,"column":85}},"26":{"start":{"line":4,"column":85},"end":{"line":4,"column":106}},"27":{"start":{"line":5,"column":26},"end":{"line":5,"column":50}},"28":{"start":{"line":5,"column":66},"end":{"line":5,"column":117}},"29":{"start":{"line":5,"column":119},"end":{"line":5,"column":143}},"30":{"start":{"line":5,"column":143},"end":{"line":5,"column":195}},"31":{"start":{"line":5,"column":195},"end":{"line":5,"column":220}},"32":{"start":{"line":5,"column":220},"end":{"line":5,"column":236}},"33":{"start":{"line":6,"column":28},"end":{"line":6,"column":52}},"34":{"start":{"line":6,"column":70},"end":{"line":6,"column":122}},"35":{"start":{"line":6,"column":124},"end":{"line":6,"column":149}},"36":{"start":{"line":6,"column":149},"end":{"line":6,"column":210}},"37":{"start":{"line":6,"column":210},"end":{"line":6,"column":235}},"38":{"start":{"line":6,"column":235},"end":{"line":6,"column":253}},"39":{"start":{"line":7,"column":33},"end":{"line":7,"column":57}},"40":{"start":{"line":7,"column":77},"end":{"line":7,"column":125}},"41":{"start":{"line":8,"column":0},"end":{"line":8,"column":25}},"42":{"start":{"line":8,"column":25},"end":{"line":29,"column":309}},"43":{"start":{"line":8,"column":42},"end":{"line":8,"column":69}},"44":{"start":{"line":8,"column":69},"end":{"line":8,"column":94}},"45":{"start":{"line":9,"column":0},"end":{"line":29,"column":176}},"46":{"start":{"line":9,"column":65},"end":{"line":9,"column":89}},"47":{"start":{"line":9,"column":89},"end":{"line":9,"column":114}},"48":{"start":{"line":9,"column":114},"end":{"line":9,"column":137}},"49":{"start":{"line":9,"column":155},"end":{"line":9,"column":179}},"50":{"start":{"line":9,"column":203},"end":{"line":9,"column":271}},"51":{"start":{"line":9,"column":273},"end":{"line":9,"column":298}},"52":{"start":{"line":9,"column":298},"end":{"line":9,"column":328}},"53":{"start":{"line":11,"column":0},"end":{"line":11,"column":25}},"54":{"start":{"line":11,"column":25},"end":{"line":28,"column":108}},"55":{"start":{"line":11,"column":128},"end":{"line":11,"column":155}},"56":{"start":{"line":11,"column":155},"end":{"line":11,"column":180}},"57":{"start":{"line":12,"column":0},"end":{"line":28,"column":74}},"58":{"start":{"line":12,"column":25},"end":{"line":12,"column":49}},"59":{"start":{"line":12,"column":72},"end":{"line":12,"column":126}},"60":{"start":{"line":12,"column":128},"end":{"line":12,"column":153}},"61":{"start":{"line":12,"column":153},"end":{"line":12,"column":203}},"62":{"start":{"line":13,"column":22},"end":{"line":13,"column":76}},"63":{"start":{"line":13,"column":78},"end":{"line":13,"column":103}},"64":{"start":{"line":13,"column":103},"end":{"line":13,"column":151}},"65":{"start":{"line":14,"column":17},"end":{"line":14,"column":71}},"66":{"start":{"line":14,"column":73},"end":{"line":14,"column":98}},"67":{"start":{"line":14,"column":98},"end":{"line":14,"column":133}},"68":{"start":{"line":14,"column":133},"end":{"line":14,"column":158}},"69":{"start":{"line":14,"column":158},"end":{"line":14,"column":187}},"70":{"start":{"line":14,"column":187},"end":{"line":14,"column":212}},"71":{"start":{"line":14,"column":212},"end":{"line":14,"column":250}},"72":{"start":{"line":15,"column":21},"end":{"line":15,"column":75}},"73":{"start":{"line":15,"column":77},"end":{"line":15,"column":102}},"74":{"start":{"line":15,"column":102},"end":{"line":15,"column":148}},"75":{"start":{"line":16,"column":18},"end":{"line":16,"column":70}},"76":{"start":{"line":16,"column":72},"end":{"line":16,"column":97}},"77":{"start":{"line":16,"column":97},"end":{"line":16,"column":138}},"78":{"start":{"line":16,"column":138},"end":{"line":16,"column":163}},"79":{"start":{"line":16,"column":163},"end":{"line":16,"column":201}},"80":{"start":{"line":17,"column":16},"end":{"line":17,"column":70}},"81":{"start":{"line":17,"column":72},"end":{"line":17,"column":97}},"82":{"start":{"line":17,"column":97},"end":{"line":17,"column":129}},"83":{"start":{"line":17,"column":129},"end":{"line":17,"column":154}},"84":{"start":{"line":17,"column":154},"end":{"line":17,"column":188}},"85":{"start":{"line":18,"column":14},"end":{"line":18,"column":62}},"86":{"start":{"line":18,"column":83},"end":{"line":18,"column":133}},"87":{"start":{"line":19,"column":0},"end":{"line":19,"column":25}},"88":{"start":{"line":19,"column":25},"end":{"line":19,"column":69}},"89":{"start":{"line":19,"column":69},"end":{"line":19,"column":94}},"90":{"start":{"line":19,"column":94},"end":{"line":19,"column":137}},"91":{"start":{"line":19,"column":137},"end":{"line":19,"column":162}},"92":{"start":{"line":19,"column":162},"end":{"line":19,"column":200}},"93":{"start":{"line":19,"column":200},"end":{"line":19,"column":225}},"94":{"start":{"line":19,"column":225},"end":{"line":19,"column":266}},"95":{"start":{"line":21,"column":20},"end":{"line":21,"column":85}},"96":{"start":{"line":22,"column":0},"end":{"line":22,"column":25}},"97":{"start":{"line":22,"column":25},"end":{"line":27,"column":103}},"98":{"start":{"line":22,"column":135},"end":{"line":22,"column":162}},"99":{"start":{"line":23,"column":16},"end":{"line":23,"column":57}},"100":{"start":{"line":23,"column":59},"end":{"line":23,"column":84}},"101":{"start":{"line":23,"column":84},"end":{"line":23,"column":212}},"102":{"start":{"line":23,"column":123},"end":{"line":23,"column":147}},"103":{"start":{"line":23,"column":147},"end":{"line":23,"column":172}},"104":{"start":{"line":23,"column":172},"end":{"line":23,"column":209}},"105":{"start":{"line":24,"column":18},"end":{"line":24,"column":61}},"106":{"start":{"line":24,"column":63},"end":{"line":24,"column":88}},"107":{"start":{"line":24,"column":88},"end":{"line":24,"column":258}},"108":{"start":{"line":24,"column":129},"end":{"line":24,"column":153}},"109":{"start":{"line":24,"column":153},"end":{"line":24,"column":178}},"110":{"start":{"line":24,"column":178},"end":{"line":24,"column":255}},"111":{"start":{"line":25,"column":22},"end":{"line":25,"column":76}},"112":{"start":{"line":25,"column":78},"end":{"line":25,"column":103}},"113":{"start":{"line":25,"column":103},"end":{"line":25,"column":151}},"114":{"start":{"line":26,"column":0},"end":{"line":26,"column":25}},"115":{"start":{"line":26,"column":25},"end":{"line":26,"column":62}},"116":{"start":{"line":26,"column":62},"end":{"line":26,"column":87}},"117":{"start":{"line":26,"column":87},"end":{"line":26,"column":126}},"118":{"start":{"line":27,"column":0},"end":{"line":27,"column":25}},"119":{"start":{"line":27,"column":25},"end":{"line":27,"column":69}},"120":{"start":{"line":27,"column":75},"end":{"line":27,"column":102}},"121":{"start":{"line":28,"column":0},"end":{"line":28,"column":25}},"122":{"start":{"line":28,"column":25},"end":{"line":28,"column":71}},"123":{"start":{"line":28,"column":80},"end":{"line":28,"column":107}},"124":{"start":{"line":29,"column":0},"end":{"line":29,"column":25}},"125":{"start":{"line":29,"column":25},"end":{"line":29,"column":58}},"126":{"start":{"line":29,"column":75},"end":{"line":29,"column":99}},"127":{"start":{"line":29,"column":99},"end":{"line":29,"column":124}},"128":{"start":{"line":29,"column":124},"end":{"line":29,"column":173}},"129":{"start":{"line":29,"column":182},"end":{"line":29,"column":209}},"130":{"start":{"line":29,"column":209},"end":{"line":29,"column":234}},"131":{"start":{"line":29,"column":234},"end":{"line":29,"column":308}},"132":{"start":{"line":29,"column":360},"end":{"line":29,"column":385}},"133":{"start":{"line":29,"column":385},"end":{"line":29,"column":410}},"134":{"start":{"line":29,"column":410},"end":{"line":33,"column":142}},"135":{"start":{"line":29,"column":434},"end":{"line":29,"column":490}},"136":{"start":{"line":30,"column":0},"end":{"line":30,"column":25}},"137":{"start":{"line":30,"column":25},"end":{"line":30,"column":68}},"138":{"start":{"line":30,"column":68},"end":{"line":30,"column":93}},"139":{"start":{"line":30,"column":93},"end":{"line":30,"column":121}},"140":{"start":{"line":30,"column":121},"end":{"line":30,"column":146}},"141":{"start":{"line":30,"column":146},"end":{"line":30,"column":185}},"142":{"start":{"line":30,"column":185},"end":{"line":30,"column":210}},"143":{"start":{"line":30,"column":210},"end":{"line":30,"column":240}},"144":{"start":{"line":30,"column":240},"end":{"line":30,"column":265}},"145":{"start":{"line":30,"column":265},"end":{"line":30,"column":308}},"146":{"start":{"line":30,"column":324},"end":{"line":30,"column":494}},"147":{"start":{"line":30,"column":496},"end":{"line":30,"column":521}},"148":{"start":{"line":30,"column":521},"end":{"line":30,"column":562}},"149":{"start":{"line":30,"column":562},"end":{"line":30,"column":587}},"150":{"start":{"line":30,"column":587},"end":{"line":33,"column":60}},"151":{"start":{"line":30,"column":603},"end":{"line":30,"column":630}},"152":{"start":{"line":30,"column":630},"end":{"line":30,"column":655}},"153":{"start":{"line":30,"column":655},"end":{"line":30,"column":683}},"154":{"start":{"line":31,"column":0},"end":{"line":31,"column":25}},"155":{"start":{"line":31,"column":25},"end":{"line":31,"column":60}},"156":{"start":{"line":32,"column":6},"end":{"line":32,"column":33}},"157":{"start":{"line":32,"column":33},"end":{"line":32,"column":58}},"158":{"start":{"line":33,"column":0},"end":{"line":33,"column":59}},"159":{"start":{"line":33,"column":74},"end":{"line":33,"column":99}},"160":{"start":{"line":33,"column":99},"end":{"line":33,"column":141}},"161":{"start":{"line":33,"column":184},"end":{"line":33,"column":209}},"162":{"start":{"line":33,"column":209},"end":{"line":33,"column":234}},"163":{"start":{"line":33,"column":234},"end":{"line":36,"column":1}},"164":{"start":{"line":33,"column":254},"end":{"line":33,"column":337}},"165":{"start":{"line":33,"column":351},"end":{"line":33,"column":397}},"166":{"start":{"line":33,"column":399},"end":{"line":33,"column":424}},"167":{"start":{"line":33,"column":424},"end":{"line":35,"column":1}},"168":{"start":{"line":33,"column":440},"end":{"line":33,"column":467}},"169":{"start":{"line":34,"column":20},"end":{"line":34,"column":75}},"170":{"start":{"line":34,"column":77},"end":{"line":34,"column":102}},"171":{"start":{"line":34,"column":102},"end":{"line":34,"column":152}},"172":{"start":{"line":34,"column":152},"end":{"line":34,"column":177}},"173":{"start":{"line":34,"column":177},"end":{"line":34,"column":197}},"174":{"start":{"line":34,"column":203},"end":{"line":34,"column":230}},"175":{"start":{"line":34,"column":230},"end":{"line":34,"column":255}},"176":{"start":{"line":34,"column":255},"end":{"line":34,"column":323}},"177":{"start":{"line":34,"column":323},"end":{"line":34,"column":348}},"178":{"start":{"line":34,"column":348},"end":{"line":34,"column":360}},"179":{"start":{"line":35,"column":15},"end":{"line":35,"column":40}},"180":{"start":{"line":35,"column":40},"end":{"line":35,"column":82}},"181":{"start":{"line":35,"column":82},"end":{"line":35,"column":107}},"182":{"start":{"line":35,"column":107},"end":{"line":35,"column":119}},"183":{"start":{"line":36,"column":64},"end":{"line":36,"column":89}},"184":{"start":{"line":36,"column":89},"end":{"line":36,"column":114}},"185":{"start":{"line":36,"column":114},"end":{"line":36,"column":1163}},"186":{"start":{"line":36,"column":138},"end":{"line":36,"column":194}},"187":{"start":{"line":36,"column":196},"end":{"line":36,"column":221}},"188":{"start":{"line":36,"column":221},"end":{"line":36,"column":277}},"189":{"start":{"line":36,"column":277},"end":{"line":36,"column":302}},"190":{"start":{"line":36,"column":302},"end":{"line":36,"column":330}},"191":{"start":{"line":36,"column":330},"end":{"line":36,"column":355}},"192":{"start":{"line":36,"column":355},"end":{"line":36,"column":390}},"193":{"start":{"line":36,"column":390},"end":{"line":36,"column":415}},"194":{"start":{"line":36,"column":415},"end":{"line":36,"column":454}},"195":{"start":{"line":36,"column":454},"end":{"line":36,"column":479}},"196":{"start":{"line":36,"column":479},"end":{"line":36,"column":509}},"197":{"start":{"line":36,"column":509},"end":{"line":36,"column":534}},"198":{"start":{"line":36,"column":534},"end":{"line":36,"column":577}},"199":{"start":{"line":36,"column":593},"end":{"line":36,"column":774}},"200":{"start":{"line":36,"column":776},"end":{"line":36,"column":801}},"201":{"start":{"line":36,"column":801},"end":{"line":36,"column":1081}},"202":{"start":{"line":36,"column":817},"end":{"line":36,"column":844}},"203":{"start":{"line":36,"column":844},"end":{"line":36,"column":869}},"204":{"start":{"line":36,"column":869},"end":{"line":36,"column":897}},"205":{"start":{"line":36,"column":897},"end":{"line":36,"column":922}},"206":{"start":{"line":36,"column":922},"end":{"line":36,"column":960}},"207":{"start":{"line":36,"column":966},"end":{"line":36,"column":993}},"208":{"start":{"line":36,"column":993},"end":{"line":36,"column":1018}},"209":{"start":{"line":36,"column":1018},"end":{"line":36,"column":1080}},"210":{"start":{"line":36,"column":1095},"end":{"line":36,"column":1120}},"211":{"start":{"line":36,"column":1120},"end":{"line":36,"column":1162}},"212":{"start":{"line":36,"column":1203},"end":{"line":36,"column":1228}},"213":{"start":{"line":37,"column":30},"end":{"line":37,"column":100}},"214":{"start":{"line":37,"column":128},"end":{"line":37,"column":194}},"215":{"start":{"line":38,"column":0},"end":{"line":38,"column":26}},"216":{"start":{"line":38,"column":26},"end":{"line":38,"column":73}},"217":{"start":{"line":38,"column":73},"end":{"line":38,"column":99}},"218":{"start":{"line":38,"column":99},"end":{"line":38,"column":138}},"219":{"start":{"line":39,"column":0},"end":{"line":39,"column":26}},"220":{"start":{"line":39,"column":26},"end":{"line":39,"column":83}},"221":{"start":{"line":39,"column":83},"end":{"line":39,"column":109}},"222":{"start":{"line":39,"column":109},"end":{"line":39,"column":160}},"223":{"start":{"line":40,"column":0},"end":{"line":40,"column":26}},"224":{"start":{"line":40,"column":26},"end":{"line":40,"column":64}},"225":{"start":{"line":40,"column":115},"end":{"line":40,"column":140}},"226":{"start":{"line":41,"column":19},"end":{"line":41,"column":100}},"227":{"start":{"line":41,"column":102},"end":{"line":41,"column":128}},"228":{"start":{"line":41,"column":128},"end":{"line":48,"column":34}},"229":{"start":{"line":41,"column":144},"end":{"line":41,"column":171}},"230":{"start":{"line":41,"column":171},"end":{"line":41,"column":197}},"231":{"start":{"line":43,"column":0},"end":{"line":47,"column":49}},"232":{"start":{"line":43,"column":139},"end":{"line":43,"column":164}},"233":{"start":{"line":43,"column":164},"end":{"line":43,"column":190}},"234":{"start":{"line":43,"column":190},"end":{"line":46,"column":42}},"235":{"start":{"line":43,"column":206},"end":{"line":43,"column":234}},"236":{"start":{"line":43,"column":234},"end":{"line":43,"column":260}},"237":{"start":{"line":44,"column":0},"end":{"line":44,"column":43}},"238":{"start":{"line":45,"column":28},"end":{"line":45,"column":99}},"239":{"start":{"line":45,"column":101},"end":{"line":45,"column":127}},"240":{"start":{"line":45,"column":127},"end":{"line":45,"column":271}},"241":{"start":{"line":45,"column":152},"end":{"line":45,"column":180}},"242":{"start":{"line":45,"column":180},"end":{"line":45,"column":206}},"243":{"start":{"line":45,"column":206},"end":{"line":45,"column":236}},"244":{"start":{"line":45,"column":242},"end":{"line":45,"column":270}},"245":{"start":{"line":45,"column":277},"end":{"line":45,"column":305}},"246":{"start":{"line":45,"column":305},"end":{"line":45,"column":331}},"247":{"start":{"line":46,"column":0},"end":{"line":46,"column":41}},"248":{"start":{"line":46,"column":42},"end":{"line":46,"column":68}},"249":{"start":{"line":46,"column":68},"end":{"line":46,"column":93}},"250":{"start":{"line":46,"column":110},"end":{"line":46,"column":135}},"251":{"start":{"line":46,"column":135},"end":{"line":46,"column":161}},"252":{"start":{"line":47,"column":0},"end":{"line":47,"column":46}},"253":{"start":{"line":47,"column":55},"end":{"line":47,"column":82}},"254":{"start":{"line":47,"column":82},"end":{"line":47,"column":108}},"255":{"start":{"line":48,"column":0},"end":{"line":48,"column":33}}},"fnMap":{"0":{"name":"cov_20cq24pctf","decl":{"start":{"line":1,"column":9},"end":{"line":1,"column":23}},"loc":{"start":{"line":1,"column":25},"end":{"line":2,"column":74}},"line":1},"1":{"name":"(anonymous_1)","decl":{"start":{"line":2,"column":15},"end":{"line":2,"column":16}},"loc":{"start":{"line":2,"column":25},"end":{"line":2,"column":49}},"line":2},"2":{"name":"createRatingStars","decl":{"start":{"line":3,"column":9},"end":{"line":3,"column":26}},"loc":{"start":{"line":3,"column":34},"end":{"line":4,"column":107}},"line":3},"3":{"name":"createEditIcon","decl":{"start":{"line":5,"column":9},"end":{"line":5,"column":23}},"loc":{"start":{"line":5,"column":25},"end":{"line":5,"column":237}},"line":5},"4":{"name":"createDeleteIcon","decl":{"start":{"line":6,"column":9},"end":{"line":6,"column":25}},"loc":{"start":{"line":6,"column":27},"end":{"line":6,"column":254}},"line":6},"5":{"name":"showReviews","decl":{"start":{"line":7,"column":9},"end":{"line":7,"column":20}},"loc":{"start":{"line":7,"column":32},"end":{"line":29,"column":310}},"line":7},"6":{"name":"(anonymous_6)","decl":{"start":{"line":9,"column":54},"end":{"line":9,"column":55}},"loc":{"start":{"line":9,"column":64},"end":{"line":9,"column":138}},"line":9},"7":{"name":"(anonymous_7)","decl":{"start":{"line":9,"column":145},"end":{"line":9,"column":146}},"loc":{"start":{"line":9,"column":154},"end":{"line":29,"column":59}},"line":9},"8":{"name":"(anonymous_8)","decl":{"start":{"line":12,"column":16},"end":{"line":12,"column":17}},"loc":{"start":{"line":12,"column":24},"end":{"line":28,"column":72}},"line":12},"9":{"name":"(anonymous_9)","decl":{"start":{"line":23,"column":118},"end":{"line":23,"column":119}},"loc":{"start":{"line":23,"column":122},"end":{"line":23,"column":210}},"line":23},"10":{"name":"(anonymous_10)","decl":{"start":{"line":24,"column":124},"end":{"line":24,"column":125}},"loc":{"start":{"line":24,"column":128},"end":{"line":24,"column":256}},"line":24},"11":{"name":"(anonymous_11)","decl":{"start":{"line":29,"column":67},"end":{"line":29,"column":68}},"loc":{"start":{"line":29,"column":74},"end":{"line":29,"column":174}},"line":29},"12":{"name":"addReview","decl":{"start":{"line":29,"column":325},"end":{"line":29,"column":334}},"loc":{"start":{"line":29,"column":359},"end":{"line":33,"column":143}},"line":29},"13":{"name":"getSelectedRestaurantId","decl":{"start":{"line":33,"column":158},"end":{"line":33,"column":181}},"loc":{"start":{"line":33,"column":183},"end":{"line":36,"column":2}},"line":33},"14":{"name":"updateReview","decl":{"start":{"line":36,"column":17},"end":{"line":36,"column":29}},"loc":{"start":{"line":36,"column":63},"end":{"line":36,"column":1164}},"line":36},"15":{"name":"openUpdateReviewModal","decl":{"start":{"line":36,"column":1173},"end":{"line":36,"column":1194}},"loc":{"start":{"line":36,"column":1202},"end":{"line":40,"column":65}},"line":36},"16":{"name":"confirmAndDeleteReview","decl":{"start":{"line":40,"column":74},"end":{"line":40,"column":96}},"loc":{"start":{"line":40,"column":114},"end":{"line":48,"column":35}},"line":40},"17":{"name":"(anonymous_17)","decl":{"start":{"line":43,"column":128},"end":{"line":43,"column":129}},"loc":{"start":{"line":43,"column":138},"end":{"line":46,"column":94}},"line":43},"18":{"name":"(anonymous_18)","decl":{"start":{"line":46,"column":102},"end":{"line":46,"column":103}},"loc":{"start":{"line":46,"column":109},"end":{"line":47,"column":47}},"line":46}},"branchMap":{"0":{"loc":{"start":{"line":1,"column":13402},"end":{"line":1,"column":13431}},"type":"binary-expr","locations":[{"start":{"line":1,"column":13402},"end":{"line":1,"column":13413}},{"start":{"line":1,"column":13416},"end":{"line":1,"column":13430}}],"line":1},"1":{"loc":{"start":{"line":1,"column":13432},"end":{"line":1,"column":13509}},"type":"if","locations":[{"start":{"line":1,"column":13432},"end":{"line":1,"column":13509}},{"start":{"line":1,"column":13432},"end":{"line":1,"column":13509}}],"line":1},"2":{"loc":{"start":{"line":1,"column":13435},"end":{"line":1,"column":13478}},"type":"binary-expr","locations":[{"start":{"line":1,"column":13435},"end":{"line":1,"column":13450}},{"start":{"line":1,"column":13452},"end":{"line":1,"column":13478}}],"line":1},"3":{"loc":{"start":{"line":3,"column":406},"end":{"line":3,"column":485}},"type":"cond-expr","locations":[{"start":{"line":3,"column":417},"end":{"line":3,"column":449}},{"start":{"line":3,"column":452},"end":{"line":3,"column":484}}],"line":3},"4":{"loc":{"start":{"line":8,"column":25},"end":{"line":29,"column":309}},"type":"if","locations":[{"start":{"line":8,"column":25},"end":{"line":29,"column":309}},{"start":{"line":8,"column":25},"end":{"line":29,"column":309}}],"line":8},"5":{"loc":{"start":{"line":11,"column":25},"end":{"line":28,"column":108}},"type":"if","locations":[{"start":{"line":11,"column":25},"end":{"line":28,"column":108}},{"start":{"line":11,"column":25},"end":{"line":28,"column":108}}],"line":11},"6":{"loc":{"start":{"line":11,"column":28},"end":{"line":11,"column":126}},"type":"binary-expr","locations":[{"start":{"line":11,"column":29},"end":{"line":11,"column":78}},{"start":{"line":11,"column":82},"end":{"line":11,"column":125}}],"line":11},"7":{"loc":{"start":{"line":22,"column":25},"end":{"line":27,"column":103}},"type":"if","locations":[{"start":{"line":22,"column":25},"end":{"line":27,"column":103}},{"start":{"line":22,"column":25},"end":{"line":27,"column":103}}],"line":22},"8":{"loc":{"start":{"line":22,"column":28},"end":{"line":22,"column":133}},"type":"binary-expr","locations":[{"start":{"line":22,"column":29},"end":{"line":22,"column":68}},{"start":{"line":22,"column":72},"end":{"line":22,"column":132}}],"line":22},"9":{"loc":{"start":{"line":30,"column":587},"end":{"line":33,"column":60}},"type":"if","locations":[{"start":{"line":30,"column":587},"end":{"line":33,"column":60}},{"start":{"line":30,"column":587},"end":{"line":33,"column":60}}],"line":30},"10":{"loc":{"start":{"line":33,"column":424},"end":{"line":35,"column":1}},"type":"if","locations":[{"start":{"line":33,"column":424},"end":{"line":35,"column":1}},{"start":{"line":33,"column":424},"end":{"line":35,"column":1}}],"line":33},"11":{"loc":{"start":{"line":36,"column":801},"end":{"line":36,"column":1081}},"type":"if","locations":[{"start":{"line":36,"column":801},"end":{"line":36,"column":1081}},{"start":{"line":36,"column":801},"end":{"line":36,"column":1081}}],"line":36},"12":{"loc":{"start":{"line":41,"column":128},"end":{"line":48,"column":34}},"type":"if","locations":[{"start":{"line":41,"column":128},"end":{"line":48,"column":34}},{"start":{"line":41,"column":128},"end":{"line":48,"column":34}}],"line":41},"13":{"loc":{"start":{"line":43,"column":190},"end":{"line":46,"column":42}},"type":"if","locations":[{"start":{"line":43,"column":190},"end":{"line":46,"column":42}},{"start":{"line":43,"column":190},"end":{"line":46,"column":42}}],"line":43},"14":{"loc":{"start":{"line":45,"column":127},"end":{"line":45,"column":271}},"type":"if","locations":[{"start":{"line":45,"column":127},"end":{"line":45,"column":271}},{"start":{"line":45,"column":127},"end":{"line":45,"column":271}}],"line":45}},"s":{"0":0,"1":0,"2":0,"3":0,"4":0,"5":0,"6":0,"7":0,"8":0,"9":0,"10":0,"11":0,"12":0,"13":0,"14":0,"15":0,"16":0,"17":0,"18":0,"19":0,"20":0,"21":0,"22":0,"23":0,"24":0,"25":0,"26":0,"27":0,"28":0,"29":0,"30":0,"31":0,"32":0,"33":0,"34":0,"35":0,"36":0,"37":0,"38":0,"39":0,"40":0,"41":0,"42":0,"43":0,"44":0,"45":0,"46":0,"47":0,"48":0,"49":0,"50":0,"51":0,"52":0,"53":0,"54":0,"55":0,"56":0,"57":0,"58":0,"59":0,"60":0,"61":0,"62":0,"63":0,"64":0,"65":0,"66":0,"67":0,"68":0,"69":0,"70":0,"71":0,"72":0,"73":0,"74":0,"75":0,"76":0,"77":0,"78":0,"79":0,"80":0,"81":0,"82":0,"83":0,"84":0,"85":0,"86":0,"87":0,"88":0,"89":0,"90":0,"91":0,"92":0,"93":0,"94":0,"95":0,"96":0,"97":0,"98":0,"99":0,"100":0,"101":0,"102":0,"103":0,"104":0,"105":0,"106":0,"107":0,"108":0,"109":0,"110":0,"111":0,"112":0,"113":0,"114":0,"115":0,"116":0,"117":0,"118":0,"119":0,"120":0,"121":0,"122":0,"123":0,"124":0,"125":0,"126":0,"127":0,"128":0,"129":0,"130":0,"131":0,"132":0,"133":0,"134":0,"135":0,"136":0,"137":0,"138":0,"139":0,"140":0,"141":0,"142":0,"143":0,"144":0,"145":0,"146":0,"147":0,"148":0,"149":0,"150":0,"151":0,"152":0,"153":0,"154":0,"155":0,"156":0,"157":0,"158":0,"159":0,"160":0,"161":0,"162":0,"163":0,"164":0,"165":0,"166":0,"167":0,"168":0,"169":0,"170":0,"171":0,"172":0,"173":0,"174":0,"175":0,"176":0,"177":0,"178":0,"179":0,"180":0,"181":0,"182":0,"183":0,"184":0,"185":0,"186":0,"187":0,"188":0,"189":0,"190":0,"191":0,"192":0,"193":0,"194":0,"195":0,"196":0,"197":0,"198":0,"199":0,"200":0,"201":0,"202":0,"203":0,"204":0,"205":0,"206":0,"207":0,"208":0,"209":0,"210":0,"211":0,"212":0,"213":0,"214":0,"215":0,"216":0,"217":0,"218":0,"219":0,"220":0,"221":0,"222":0,"223":0,"224":0,"225":0,"226":0,"227":0,"228":0,"229":0,"230":0,"231":0,"232":0,"233":0,"234":0,"235":0,"236":0,"237":0,"238":0,"239":0,"240":0,"241":0,"242":0,"243":0,"244":0,"245":0,"246":0,"247":0,"248":0,"249":0,"250":0,"251":0,"252":0,"253":0,"254":0,"255":0},"f":{"0":0,"1":0,"2":0,"3":0,"4":0,"5":0,"6":0,"7":0,"8":0,"9":0,"10":0,"11":0,"12":0,"13":0,"14":0,"15":0,"16":0,"17":0,"18":0},"b":{"0":[0,0],"1":[0,0],"2":[0,0],"3":[0,0],"4":[0,0],"5":[0,0],"6":[0,0],"7":[0,0],"8":[0,0],"9":[0,0],"10":[0,0],"11":[0,0],"12":[0,0],"13":[0,0],"14":[0,0]},"inputSourceMap":{"version":3,"names":["cov_20cq24pctf","actualCoverage","createRatingStars","rating","f","starContainer","s","document","createElement","classList","add","i","starIcon","b","appendChild","createEditIcon","editIcon","createDeleteIcon","deleteIcon","showReviews","restaurant","restaurantId","fetch","then","response","json","reviews","reviewsModalBody","getElementById","innerHTML","Array","isArray","length","forEach","review","reviewContainer","profilePicture","avatarImg","src","alt","reviewContent","reviewText","textContent","emailDiv","email","parseInt","ratingStars","loggedInUser","JSON","parse","localStorage","getItem","addEventListener","openUpdateReviewModal","confirmAndDeleteReview","reviewId","iconsContainer","$","modal","catch","error","console","addReview","getSelectedRestaurantId","log","method","headers","body","stringify","ok","statusText","selectedRestaurantId","data","message","updateReview","updatedReviewTextInput","updatedRatingInput","value","isConfirmed","confirm","deletedReviewElement","remove","window","location","reload"],"sources":["Reviews.js"],"sourcesContent":["// Function to create star icons based on the rating\r\n\r\nfunction createRatingStars(rating) {\r\n    const starContainer = document.createElement('div');\r\n    starContainer.classList.add('rating-stars');\r\n\r\n    for (let i = 1; i <= 5; i++) {\r\n        const starIcon = document.createElement('i');\r\n        starIcon.classList.add('fa', 'fa-star', i <= rating ? 'fas' : 'far'); // Change 'filled' to 'fas'\r\n        starContainer.appendChild(starIcon);\r\n    }\r\n\r\n    return starContainer;\r\n}\r\n// Function to create an \"Edit\" icon\r\nfunction createEditIcon() {\r\n    const editIcon = document.createElement('i');\r\n    editIcon.classList.add('fas', 'fa-edit', 'edit-icon');\r\n    return editIcon;\r\n}\r\n// creating delete icon\r\nfunction createDeleteIcon() {\r\n    const deleteIcon = document.createElement('i');\r\n    deleteIcon.classList.add('fas', 'fa-trash-alt', 'delete-icon');\r\n    return deleteIcon;\r\n}\r\n\r\n// Update the showReviews function\r\nfunction showReviews(restaurant) {\r\n    const restaurantId = restaurant.restaurantId;\r\n\r\n    // Check if the restaurantId is defined before making the fetch request\r\n    if (restaurantId) {\r\n        // Fetch reviews data for the selected restaurant\r\n        fetch(`/viewReviewbyRestaurant/${restaurantId}`)\r\n            .then(response => response.json())\r\n            .then(rev
[...]
:53}},"loc":{"start":{"line":75,"column":61},"end":{"line":75,"column":96}},"line":75},"9":{"name":"viewAllReviews","decl":{"start":{"line":88,"column":15},"end":{"line":88,"column":29}},"loc":{"start":{"line":88,"column":40},"end":{"line":103,"column":1}},"line":88},"10":{"name":"addReview","decl":{"start":{"line":105,"column":15},"end":{"line":105,"column":24}},"loc":{"start":{"line":105,"column":35},"end":{"line":151,"column":1}},"line":105},"11":{"name":"(anonymous_11)","decl":{"start":{"line":119,"column":41},"end":{"line":119,"column":42}},"loc":{"start":{"line":119,"column":49},"end":{"line":119,"column":69}},"line":119},"12":{"name":"(anonymous_12)","decl":{"start":{"line":129,"column":61},"end":{"line":129,"column":62}},"loc":{"start":{"line":129,"column":79},"end":{"line":129,"column":115}},"line":129},"13":{"name":"checkIfRestaurantExists","decl":{"start":{"line":154,"column":15},"end":{"line":154,"column":38}},"loc":{"start":{"line":154,"column":53},"end":{"line":162,"column":1}},"line":154},"14":{"name":"(anonymous_14)","decl":{"start":{"line":157,"column":35},"end":{"line":157,"column":36}},"loc":{"start":{"line":157,"column":49},"end":{"line":157,"column":89}},"line":157},"15":{"name":"updateReview","decl":{"start":{"line":164,"column":15},"end":{"line":164,"column":27}},"loc":{"start":{"line":164,"column":38},"end":{"line":206,"column":1}},"line":164},"16":{"name":"(anonymous_16)","decl":{"start":{"line":182,"column":12},"end":{"line":182,"column":13}},"loc":{"start":{"line":182,"column":21},"end":{"line":182,"column":73}},"line":182},"17":{"name":"deleteReview","decl":{"start":{"line":209,"column":15},"end":{"line":209,"column":27}},"loc":{"start":{"line":209,"column":38},"end":{"line":262,"column":1}},"line":209},"18":{"name":"(anonymous_18)","decl":{"start":{"line":225,"column":41},"end":{"line":225,"column":42}},"loc":{"start":{"line":225,"column":49},"end":{"line":225,"column":69}},"line":225},"19":{"name":"(anonymous_19)","decl":{"start":{"line":232,"column":16},"end":{"line":232,"column":17}},"loc":{"start":{"line":232,"column":25},"end":{"line":232,"column":77}},"line":232}},"branchMap":{"0":{"loc":{"start":{"line":20,"column":8},"end":{"line":30,"column":9}},"type":"if","locations":[{"start":{"line":20,"column":8},"end":{"line":30,"column":9}},{"start":{"line":20,"column":8},"end":{"line":30,"column":9}}],"line":20},"1":{"loc":{"start":{"line":27,"column":12},"end":{"line":29,"column":13}},"type":"if","locations":[{"start":{"line":27,"column":12},"end":{"line":29,"column":13}},{"start":{"line":27,"column":12},"end":{"line":29,"column":13}}],"line":27},"2":{"loc":{"start":{"line":45,"column":8},"end":{"line":47,"column":9}},"type":"if","locations":[{"start":{"line":45,"column":8},"end":{"line":47,"column":9}},{"start":{"line":45,"column":8},"end":{"line":47,"column":9}}],"line":45},"3":{"loc":{"start":{"line":52,"column":8},"end":{"line":56,"column":9}},"type":"if","locations":[{"start":{"line":52,"column":8},"end":{"line":56,"column":9}},{"start":{"line":52,"column":8},"end":{"line":56,"column":9}}],"line":52},"4":{"loc":{"start":{"line":70,"column":8},"end":{"line":72,"column":9}},"type":"if","locations":[{"start":{"line":70,"column":8},"end":{"line":72,"column":9}},{"start":{"line":70,"column":8},"end":{"line":72,"column":9}}],"line":70},"5":{"loc":{"start":{"line":77,"column":8},"end":{"line":81,"column":9}},"type":"if","locations":[{"start":{"line":77,"column":8},"end":{"line":81,"column":9}},{"start":{"line":77,"column":8},"end":{"line":81,"column":9}}],"line":77},"6":{"loc":{"start":{"line":94,"column":8},"end":{"line":98,"column":9}},"type":"if","locations":[{"start":{"line":94,"column":8},"end":{"line":98,"column":9}},{"start":{"line":94,"column":8},"end":{"line":98,"column":9}}],"line":94},"7":{"loc":{"start":{"line":114,"column":8},"end":{"line":116,"column":9}},"type":"if","locations":[{"start":{"line":114,"column":8},"end":{"line":116,"column":9}},{"start":{"line":114,"column":8},"end":{"line":116,"column":9}}],"line":114},"8":{"loc":{"start":{"line":114,"column":12},"end":{"line":114,"column":149}},"type":"binary-expr","locations":[{"start":{"line":114,"column":12},"end":{"line":114,"column":18}},{"start":{"line":114,"column":22},"end":{"line":114,"column":45}},{"start":{"line":114,"column":49},"end":{"line":114,"column":62}},{"start":{"line":114,"column":66},"end":{"line":114,"column":76}},{"start":{"line":114,"column":80},"end":{"line":114,"column":90}},{"start":{"line":114,"column":94},"end":{"line":114,"column":105}},{"start":{"line":114,"column":109},"end":{"line":114,"column":132}},{"start":{"line":114,"column":136},"end":{"line":114,"column":149}}],"line":114},"9":{"loc":{"start":{"line":123,"column":8},"end":{"line":146,"column":9}},"type":"if","locations":[{"start":{"line":123,"column":8},"end":{"line":146,"column":9}},{"start":{"line":123,"column":8},"end":{"line":146,"column":9}}],"line":123},"10":{"loc":{"start":{"line":123,"column":12},"end":{"line":123,"column":42}},"type":"binary-expr","locations":[{"start":{"line":123,"column":12},"end":{"line":123,"column":22}},{"start":{"line":123,"column":26},"end":{"line":123,"column":42}}],"line":123},"11":{"loc":{"start":{"line":131,"column":12},"end":{"line":143,"column":13}},"type":"if","locations":[{"start":{"line":131,"column":12},"end":{"line":143,"column":13}},{"start":{"line":131,"column":12},"end":{"line":143,"column":13}}],"line":131},"12":{"loc":{"start":{"line":172,"column":8},"end":{"line":175,"column":9}},"type":"if","locations":[{"start":{"line":172,"column":8},"end":{"line":175,"column":9}},{"start":{"line":172,"column":8},"end":{"line":175,"column":9}}],"line":172},"13":{"loc":{"start":{"line":172,"column":12},"end":{"line":172,"column":130}},"type":"binary-expr","locations":[{"start":{"line":172,"column":12},"end":{"line":172,"column":18}},{"start":{"line":172,"column":22},"end":{"line":172,"column":31}},{"start":{"line":172,"column":35},"end":{"line":172,"column":58}},{"start":{"line":172,"column":62},"end":{"line":172,"column":75}},{"start":{"line":172,"column":79},"end":{"line":172,"column":89}},{"start":{"line":172,"column":93},"end":{"line":172,"column":103}},{"start":{"line":172,"column":107},"end":{"line":172,"column":130}}],"line":172},"14":{"loc":{"start":{"line":182,"column":21},"end":{"line":182,"column":73}},"type":"binary-expr","locations":[{"start":{"line":182,"column":21},"end":{"line":182,"column":42}},{"start":{"line":182,"column":46},"end":{"line":182,"column":73}}],"line":182},"15":{"loc":{"start":{"line":188,"column":8},"end":{"line":201,"column":9}},"type":"if","locations":[{"start":{"line":188,"column":8},"end":{"line":201,"column":9}},{"start":{"line":188,"column":8},"end":{"line":201,"column":9}}],"line":188},"16":{"loc":{"start":{"line":217,"column":8},"end":{"line":220,"column":9}},"type":"if","locations":[{"start":{"line":217,"column":8},"end":{"line":220,"column":9}},{"start":{"line":217,"column":8},"end":{"line":220,"column":9}}],"line":217},"17":{"loc":{"start":{"line":217,"column":12},"end":{"line":217,"column":58}},"type":"binary-expr","locations":[{"start":{"line":217,"column":12},"end":{"line":217,"column":18}},{"start":{"line":217,"column":22},"end":{"line":217,"column":45}},{"start":{"line":217,"column":49},"end":{"line":217,"column":58}}],"line":217},"18":{"loc":{"start":{"line":227,"column":8},"end":{"line":257,"column":9}},"type":"if","locations":[{"start":{"line":227,"column":8},"end":{"line":257,"column":9}},{"start":{"line":227,"column":8},"end":{"line":257,"column":9}}],"line":227},"19":{"loc":{"start":{"line":232,"column":25},"end":{"line":232,"column":77}},"type":"binary-expr","locations":[{"start":{"line":232,"column":25},"end":{"line":232,"column":46}},{"start":{"line":232,"column":50},"end":{"line":232,"column":77}}],"line":232},"20":{"loc":{"start":{"line":236,"column":12},"end":{"line":253,"column":13}},"type":"if","locations":[{"start":{"line":236,"column":12},"end":{"line":253,"column":13}},{"start":{"line":236,"column":12},"end":{"line":253,"column":13}}],"line":236}},"s":{"0":0,"1":0,"2":0,"3":0,"4":0,"5":0,"6":0,"7":0,"8":0,"9":0,"10":0,"11":0,"12":0,"13":0,"14":0,"15":0,"16":0,"17":0,"18":0,"19":0,"20":0,"21":0,"22":0,"23":0,"24":0,"25":0,"26":0,"27":0,"28":0,"29":0,"30":0,"31":0,"32":0,"33":0,"34":0,"35":0,"36":0,"37":0,"38":0,"39":0,"40":0,"41":0,"42":0,"43":0,"44":0,"45":0,"46":0,"47":0,"48":0,"49":0,"50":0,"51":0,"52":0,"53":0,"54":0,"55":0,"56":0,"57":0,"58":0,"59":0,"60":0,"61":0,"62":0,"63":0,"64":0,"65":0,"66":0,"67":0,"68":0,"69":0,"70":0,"71":0,"72":0,"73":0,"74":0,"75":0,"76":0,"77":0,"78":0,"79":0,"80":0,"81":0,"82":0,"83":0,"84":0,"85":0,"86":0,"87":0,"88":0,"89":0,"90":0,"91":0,"92":0,"93":0,"94":0,"95":0,"96":0,"97":0,"98":0,"99":0,"100":0,"101":0,"102":0,"103":0,"104":0,"105":0,"106":0,"107":0,"108":0,"109":0,"110":0,"111":0,"112":0,"113":0,"114":0,"115":0,"116":0,"117":0,"118":0,"119":0,"120":0,"121":0,"122":0,"123":0,"124":0,"125":0,"126":0,"127":0,"128":0,"129":0,"130":0,"131":0,"132":0,"133":0},"f":{"0":0,"1":0,"2":0,"3":0,"4":0,"5":0,"6":0,"7":0,"8":0,"9":0,"10":0,"11":0,"12":0,"13":0,"14":0,"15":0,"16":0,"17":0,"18":0,"19":0},"b":{"0":[0,0],"1":[0,0],"2":[0,0],"3":[0,0],"4":[0,0],"5":[0,0],"6":[0,0],"7":[0,0],"8":[0,0,0,0,0,0,0,0],"9":[0,0],"10":[0,0],"11":[0,0],"12":[0,0],"13":[0,0,0,0,0,0,0],"14":[0,0],"15":[0,0],"16":[0,0],"17":[0,0,0],"18":[0,0],"19":[0,0],"20":[0,0]},"all":true},"E:\\vs studio code\\devops\\test\\Group4-Project\\utils\\UserUtil.js":{"path":"E:\\vs studio code\\devops\\test\\Group4-Project\\utils\\UserUtil.js","statementMap":{"0":{"start":{"line":1,"column":17},"end":{"line":1,"column":42}},"1":{"start":{"line":2,"column":11},"end":{"line":2,"column":33}},"2":{"start":{"line":3,"column":15},"end":{"line":3,"column":32}},"3":{"start":{"line":4,"column":19},"end":{"line":4,"column":21}},"4":{"start":{"line":7,"column":4},"end":{"line":10,"column":52}},"5":{"start":{"line":8,"column":21},"end":{"line":8,"column":56}},"6":{"start":{"line":9,"column":8},"end":{"line":9,"column":32}},"7":{"start":{"line":10,"column":20},"end":{"line":10,"column":39}},"8":{"start":{"line":10,"column":40},"end":{"line":10,"column":50}},"9":{"start":{"line":14,"column":4},"end":{"line":19,"column":52}},"10":{"start":{"line":15,"column":27},"end":{"line":15,"column":51}},"11":{"start":{"line":16,"column":8},"end":{"line":16,"column":32}},"12":{"start":{"line":17,"column":8},"end":{"line":17,"column":73}},"13":{"start":{"line":18,"column":8},"end":{"line":18,"column":26}},"14":{"start":{"line":19,"column":20},"end":{"line":19,"column":39}},"15":{"start":{"line":19,"column":40},"end":{"line":19,"column":50}},"16":{"start":{"line":23,"column":4},"end":{"line":43,"column":5}},"17":{"start":{"line":24,"column":27},"end":{"line":24,"column":51}},"18":{"start":{"line":27,"column":30},"end":{"line":27,"column":114}},"19":{"start":{"line":27,"column":69},"end":{"line":27,"column":113}},"20":{"start":{"line":29,"column":8},"end":{"line":35,"column":9}},"21":{"start":{"line":31,"column":12},"end":{"line":31,"column":85}},"22":{"start":{"line":33,"column":12},"end":{"line":33,"column":44}},"23":{"start":{"line":34,"column":12},"end":{"line":34,"column":46}},"24":{"start":{"line":38,"column":8},"end":{"line":38,"column":73}},"25":{"start":{"line":39,"column":8},"end":{"line":39,"column":26}},"26":{"start":{"line":41,"column":8},"end":{"line":41,"column":27}},"27":{"start":{"line":42,"column":8},"end":{"line":42,"column":18}},"28":{"start":{"line":49,"column":4},"end":{"line":82,"column":5}},"29":{"start":{"line":50,"column":22},"end":{"line":50,"column":36}},"30":{"start":{"line":51,"column":25},"end":{"line":51,"column":42}},"31":{"start":{"line":52,"column":8},"end":{"line":54,"column":9}},"32":{"start":{"line":53,"column":12},"end":{"line":53,"column":73}},"33":{"start":{"line":56,"column":30},"end":{"line":56,"column":64}},"34":{"start":{"line":59,"column":27},"end":{"line":59,"column":75}},"35":{"start":{"line":59,"column":54},"end":{"line":59,"column":74}},"36":{"start":{"line":60,"column":8},"end":{"line":63,"column":9}},"37":{"start":{"line":62,"column":12},"end":{"line":62,"column":77}},"38":{"start":{"line":65,"column":31},"end":{"line":65,"column":70}},"39":{"start":{"line":68,"column":24},"end":{"line":68,"column":55}},"40":{"start":{"line":71,"column":29},"end":{"line":71,"column":73}},"41":{"start":{"line":76,"column":8},"end":{"line":76,"column":50}},"42":{"start":{"line":81,"column":8},"end":{"line":81,"column":64}},"43":{"start":{"line":86,"column":4},"end":{"line":114,"column":5}},"44":{"start":{"line":88,"column":26},"end":{"line":88,"column":40}},"45":{"start":{"line":89,"column":29},"end":{"line":89,"column":46}},"46":{"start":{"line":92,"column":25},"end":{"line":92,"column":59}},"47":{"start":{"line":93,"column":31},"end":{"line":93,"column":36}},"48":{"start":{"line":96,"column":8},"end":{"line":104,"column":9}},"49":{"start":{"line":96,"column":21},"end":{"line":96,"column":22}},"50":{"start":{"line":97,"column":32},"end":{"line":97,"column":43}},"51":{"start":{"line":100,"column":12},"end":{"line":103,"column":13}},"52":{"start":{"line":101,"column":16},"end":{"line":101,"column":40}},"53":{"start":{"line":102,"column":16},"end":{"line":102,"column":22}},"54":{"start":{"line":107,"column":8},"end":{"line":111,"column":9}},"55":{"start":{"line":108,"column":12},"end":{"line":108,"column":74}},"56":{"start":{"line":110,"column":12},"end":{"line":110,"column":77}},"57":{"start":{"line":113,"column":8},"end":{"line":113,"column":64}},"58":{"start":{"line":117,"column":4},"end":{"line":147,"column":5}},"59":{"start":{"line":119,"column":29},"end":{"line":119,"column":50}},"60":{"start":{"line":120,"column":25},"end":{"line":120,"column":42}},"61":{"start":{"line":123,"column":27},"end":{"line":123,"column":55}},"62":{"start":{"line":124,"column":8},"end":{"line":126,"column":9}},"63":{"start":{"line":125,"column":12},"end":{"line":125,"column":109}},"64":{"start":{"line":129,"column":25},"end":{"line":129,"column":59}},"65":{"start":{"line":132,"column":29},"end":{"line":132,"column":79}},"66":{"start":{"line":132,"column":51},"end":{"line":132,"column":78}},"67":{"start":{"line":135,"column":8},"end":{"line":143,"column":9}},"68":{"start":{"line":137,"column":12},"end":{"line":137,"column":78}},"69":{"start":{"line":139,"column":12},"end":{"line":139,"column":76}},"70":{"start":{"line":141,"column":12},"end":{"line":141,"column":44}},"71":{"start":{"line":142,"column":12},"end":{"line":142,"column":64}},"72":{"start":{"line":145,"column":8},"end":{"line":145,"column":51}},"73":{"start":{"line":146,"column":8},"end":{"line":146,"column":67}},"74":{"start":{"line":151,"column":0},"end":{"line":153,"column":2}}},"fnMap":{"0":{"name":"readJSON","decl":{"start":{"line":6,"column":15},"end":{"line":6,"column":23}},"loc":{"start":{"line":6,"column":34},"end":{"line":11,"column":1}},"line":6},"1":{"name":"writeJSON","decl":{"start":{"line":13,"column":15},"end":{"line":13,"column":24}},"loc":{"start":{"line":13,"column":43},"end":{"line":20,"column":1}},"line":13},"2":{"name":"writeUpdate","decl":{"start":{"line":22,"column":15},"end":{"line":22,"column":26}},"loc":{"start":{"line":22,"column":45},"end":{"line":44,"column":1}},"line":22},"3":{"name":"(anonymous_3)","decl":{"start":{"line":27,"column":51},"end":{"line":27,"column":52}},"loc":{"start":{"line":27,"column":69},"end":{"line":27,"column":113}},"line":27},"4":{"name":"register","decl":{"start":{"line":48,"column":15},"end":{"line":48,"column":23}},"loc":{"start":{"line":48,"column":34},"end":{"line":83,"column":1}},"line":48},"5":{"name":"(anonymous_5)","decl":{"start":{"line":59,"column":46},"end":{"line":59,"column":47}},"loc":{"start":{"line":59,"column":54},"end":{"line":59,"column":74}},"line":59},"6":{"name":"login","decl":{"start":{"line":84,"column":15},"end":{"line":84,"column":20}},"loc":{"start":{"line":84,"column":31},"end":{"line":115,"column":1}},"line":84},"7":{"name":"updateEmail","decl":{"start":{"line":116,"column":15},"end":{"line":116,"column":26}},"loc":{"start":{"line":116,"column":37},"end":{"line":148,"column":1}},"line":116},"8":{"name":"(anonymous_8)","decl":{"start":{"line":132,"column":43},"end":{"line":132,"column":44}},"loc":{"start":{"line":132,"column":51},"end":{"line":132,"column":78}},"line":132}},"branchMap":{"0":{"loc":{"start":{"line":29,"column":8},"end":{"line":35,"column":9}},"type":"if","locations":[{"start":{"line":29,"column":8},"end":{"line":35,"column":9}},{"start":{"line":29,"column":8},"end":{"line":35,"column":9}}],"line":29},"1":{"loc":{"start":{"line":31,"column":46},"end":{"line":31,"column":84}},"type":"binary-expr","locations":[{"start":{"line":31,"column":46},"end":{"line":31,"column":61}},{"start":{"line":31,"column":65},"end":{"line":31,"column":84}}],"line":31},"2":{"loc":{"start":{"line":52,"column":8},"end":{"line":54,"column":9}},"type":"if","locations":[{"start":{"line":52,"column":8},"end":{"line":54,"column":9}},{"start":{"line":52,"column":8},"end":{"line":54,"column":9}}],"line":52},"3":{"loc":{"start":{"line":52,"column":12},"end":{"line":52,"column":79}},"type":"binary-expr","locations":[{"start":{"line":52,"column":12},"end":{"line":52,"column":32}},{"start":{"line":52,"column":36},"end":{"line":52,"column":56}},{"start":{"line":52,"column":60},"end":{"line":52,"column":79}}],"line":52},"4":{"loc":{"start":{"line":60,"column":8},"end":{"line":63,"column":9}},"type":"if","locations":[{"start":{"line":60,"column":8},"end":{"line":63,"column":9}},{"start":{"line":60,"column":8},"end":{"line":63,"column":9}}],"line":60},"5":{"loc":{"start":{"line":100,"column":12},"end":{"line":103,"column":13}},"type":"if","locations":[{"start":{"line":100,"column":12},"end":{"line":103,"column":13}},{"start":{"line":100,"column":12},"end":{"line":103,"column":13}}],"line":100},"6":{"loc":{"start":{"line":100,"column":16},"end":{"line":100,"column":88}},"type":"binary-expr","locations":[{"start":{"line":100,"column":16},"end":{"line":100,"column":47}},{"start":{"line":100,"column":51},"end":{"line":100,"column":88}}],"line":100},"7":{"loc":{"start":{"line":107,"column":8},"end":{"line":111,"column":9}},"type":"if","locations":[{"start":{"line":107,"column":8},"end":{"line":111,"column":9}},{"start":{"line":107,"column":8},"end":{"line":111,"column":9}}],"line":107},"8":{"loc":{"start":{"line":124,"column":8},"end":{"line":126,"column":9}},"type":"if","locations":[{"start":{"line":124,"column":8},"end":{"line":126,"column":9}},{"start":{"line":124,"column":8},"end":{"line":126,"column":9}}],"line":124},"9":{"loc":{"start":{"line":124,"column":12},"end":{"line":124,"column":102}},"type":"binary-expr","locations":[{"start":{"line":124,"column":12},"end":{"line":124,"column":25}},{"start":{"line":124,"column":29},"end":{"line":124,"column":38}},{"start":{"line":124,"column":42},"end":{"line":124,"column":72}},{"start":{"line":124,"column":76},"end":{"line":124,"column":102}}],"line":124},"10":{"loc":{"start":{"line":135,"column":8},"end":{"line":143,"column":9}},"type":"if","locations":[{"start":{"line":135,"column":8},"end":{"line":143,"column":9}},{"start":{"line":135,"column":8},"end":{"line":143,"column":9}}],"line":135}},"s":{"0":0,"1":0,"2":0,"3":0,"4":0,"5":0,"6":0,"7":0,"8":0,"9":0,"10":0,"11":0,"12":0,"13":0,"14":0,"15":0,"16":0,"17":0,"18":0,"19":0,"20":0,"21":0,"22":0,"23":0,"24":0,"25":0,"26":0,"27":0,"28":0,"29":0,"30":0,"31":0,"32":0,"33":0,"34":0,"35":0,"36":0,"37":0,"38":0,"39":0,"40":0,"41":0,"42":0,"43":0,"44":0,"45":0,"46":0,"47":0,"48":0,"49":0,"50":0,"51":0,"52":0,"53":0,"54":0,"55":0,"56":0,"57":0,"58":0,"59":0,"60":0,"61":0,"62":0,"63":0,"64":0,"65":0,"66":0,"67":0,"68":0,"69":0,"70":0,"71":0,"72":0,"73":0,"74":0},"f":{"0":0,"1":0,"2":0,"3":0,"4":0,"5":0,"6":0,"7":0,"8":0},"b":{"0":[0,0],"1":[0,0],"2":[0,0],"3":[0,0,0],"4":[0,0],"5":[0,0],"6":[0,0],"7":[0,0],"8":[0,0],"9":[0,0,0,0],"10":[0,0]},"all":true}}